TpTrace Verbose: 0 : 14844, 1, 2023/04/14, 10:03:16.748, 2621486607551, vstest.console.dll, Version: 17.4.0-release-20221019-01 Current process architecture: X64
TpTrace Verbose: 0 : 14844, 1, 2023/04/14, 10:03:16.749, 2621486619972, vstest.console.dll, Runtime location: C:\Program Files\dotnet\shared\Microsoft.NETCore.App\7.0.3
TpTrace Verbose: 0 : 14844, 1, 2023/04/14, 10:03:16.771, 2621486835489, vstest.console.dll, ArtifactProcessingPostProcessModeProcessorExecutor.Initialize: ArtifactProcessingMode.Collect
TpTrace Verbose: 0 : 14844, 1, 2023/04/14, 10:03:16.771, 2621486836656, vstest.console.dll, TestSessionCorrelationIdProcessorModeProcessorExecutor.Initialize: TestSessionCorrelationId '27260_4d9136de-4249-4c6e-a1fd-0e3754ee5bbc'
TpTrace Information: 0 : 14844, 1, 2023/04/14, 10:03:16.780, 2621486930971, vstest.console.dll, FilePatternParser: The given file C:\Users\sevval.colak\source\repos\BookStore\BookStore.UnitTest\bin\Debug\net6.0\fine-code-coverage\build-output\BookStore.UnitTest.dll is a full path.
TpTrace Verbose: 0 : 14844, 1, 2023/04/14, 10:03:16.830, 2621487429547, vstest.console.dll, TestPluginCache.DiscoverTestExtensions: finding test extensions in assemblies ends with: RuntimeProvider.dll TPluginInfo: Microsoft.VisualStudio.TestPlatform.Common.ExtensionFramework.Utilities.TestRuntimePluginInformation TExtension: Microsoft.VisualStudio.TestPlatform.ObjectModel.Host.ITestRuntimeProvider
TpTrace Verbose: 0 : 14844, 1, 2023/04/14, 10:03:16.830, 2621487431238, vstest.console.dll, TestPluginCache.GetExtensionPaths: Filtered extension paths: 
TpTrace Verbose: 0 : 14844, 1, 2023/04/14, 10:03:16.830, 2621487431665, vstest.console.dll, TestPluginCache.GetExtensionPaths: Added default extension paths: C:\Program Files\dotnet\sdk\7.0.103\Extensions\Microsoft.Diagnostics.NETCore.Client.dll
C:\Program Files\dotnet\sdk\7.0.103\Extensions\Microsoft.TestPlatform.Extensions.BlameDataCollector.dll
C:\Program Files\dotnet\sdk\7.0.103\Extensions\Microsoft.TestPlatform.Extensions.EventLogCollector.dll
C:\Program Files\dotnet\sdk\7.0.103\Extensions\Microsoft.TestPlatform.TestHostRuntimeProvider.dll
C:\Program Files\dotnet\sdk\7.0.103\Extensions\Microsoft.VisualStudio.TestPlatform.Extensions.Html.TestLogger.dll
C:\Program Files\dotnet\sdk\7.0.103\Extensions\Microsoft.VisualStudio.TestPlatform.Extensions.Trx.TestLogger.dll
TpTrace Verbose: 0 : 14844, 1, 2023/04/14, 10:03:16.830, 2621487431843, vstest.console.dll, TestPluginCache.GetExtensionPaths: Added unfilterableExtensionPaths: 
TpTrace Information: 0 : 14844, 1, 2023/04/14, 10:03:16.831, 2621487436484, vstest.console.dll, AssemblyResolver.ctor: Creating AssemblyResolver with searchDirectories C:\Program Files\dotnet\sdk\7.0.103\Extensions,C:\Program Files\dotnet\sdk\7.0.103
TpTrace Verbose: 0 : 14844, 1, 2023/04/14, 10:03:16.847, 2621487604218, vstest.console.dll, TestPluginCache.DiscoverTestExtensions: Discovering the extensions using extension path.
TpTrace Verbose: 0 : 14844, 1, 2023/04/14, 10:03:16.848, 2621487609570, vstest.console.dll, TestPluginCache.GetExtensionPaths: Filtered extension paths: 
TpTrace Verbose: 0 : 14844, 1, 2023/04/14, 10:03:16.848, 2621487611154, vstest.console.dll, TestPluginCache.GetExtensionPaths: Added default extension paths: C:\Program Files\dotnet\sdk\7.0.103\Extensions\Microsoft.Diagnostics.NETCore.Client.dll
C:\Program Files\dotnet\sdk\7.0.103\Extensions\Microsoft.TestPlatform.Extensions.BlameDataCollector.dll
C:\Program Files\dotnet\sdk\7.0.103\Extensions\Microsoft.TestPlatform.Extensions.EventLogCollector.dll
C:\Program Files\dotnet\sdk\7.0.103\Extensions\Microsoft.TestPlatform.TestHostRuntimeProvider.dll
C:\Program Files\dotnet\sdk\7.0.103\Extensions\Microsoft.VisualStudio.TestPlatform.Extensions.Html.TestLogger.dll
C:\Program Files\dotnet\sdk\7.0.103\Extensions\Microsoft.VisualStudio.TestPlatform.Extensions.Trx.TestLogger.dll
TpTrace Verbose: 0 : 14844, 1, 2023/04/14, 10:03:16.848, 2621487612601, vstest.console.dll, TestPluginCache.GetExtensionPaths: Added unfilterableExtensionPaths: 
TpTrace Verbose: 0 : 14844, 1, 2023/04/14, 10:03:16.849, 2621487616409, vstest.console.dll, TestPluginCache.DiscoverTestExtensions: Discovering the extensions using allExtensionPaths: C:\Program Files\dotnet\sdk\7.0.103\Extensions\Microsoft.Diagnostics.NETCore.Client.dll
C:\Program Files\dotnet\sdk\7.0.103\Extensions\Microsoft.TestPlatform.Extensions.BlameDataCollector.dll
C:\Program Files\dotnet\sdk\7.0.103\Extensions\Microsoft.TestPlatform.Extensions.EventLogCollector.dll
C:\Program Files\dotnet\sdk\7.0.103\Extensions\Microsoft.TestPlatform.TestHostRuntimeProvider.dll
C:\Program Files\dotnet\sdk\7.0.103\Extensions\Microsoft.VisualStudio.TestPlatform.Extensions.Html.TestLogger.dll
C:\Program Files\dotnet\sdk\7.0.103\Extensions\Microsoft.VisualStudio.TestPlatform.Extensions.Trx.TestLogger.dll
TpTrace Information: 0 : 14844, 1, 2023/04/14, 10:03:16.849, 2621487621433, vstest.console.dll, AssemblyResolver.AddSearchDirectories: Adding more searchDirectories C:\Program Files\dotnet\sdk\7.0.103\Extensions,C:\Program Files\dotnet\sdk\7.0.103
TpTrace Information: 0 : 14844, 1, 2023/04/14, 10:03:16.849, 2621487623135, vstest.console.dll, AssemblyResolver.AddSearchDirectories: Adding more searchDirectories C:\Program Files\dotnet\sdk\7.0.103\Extensions,C:\Program Files\dotnet\sdk\7.0.103
TpTrace Information: 0 : 14844, 1, 2023/04/14, 10:03:16.849, 2621487624225, vstest.console.dll, AssemblyResolver.AddSearchDirectories: Adding more searchDirectories C:\Program Files\dotnet\sdk\7.0.103\Extensions,C:\Program Files\dotnet\sdk\7.0.103
TpTrace Information: 0 : 14844, 1, 2023/04/14, 10:03:16.850, 2621487625409, vstest.console.dll, AssemblyResolver.AddSearchDirectories: Adding more searchDirectories C:\Program Files\dotnet\sdk\7.0.103\Extensions,C:\Program Files\dotnet\sdk\7.0.103
TpTrace Information: 0 : 14844, 1, 2023/04/14, 10:03:16.850, 2621487626549, vstest.console.dll, AssemblyResolver.AddSearchDirectories: Adding more searchDirectories C:\Program Files\dotnet\sdk\7.0.103\Extensions,C:\Program Files\dotnet\sdk\7.0.103
TpTrace Information: 0 : 14844, 1, 2023/04/14, 10:03:16.850, 2621487627649, vstest.console.dll, AssemblyResolver.AddSearchDirectories: Adding more searchDirectories C:\Program Files\dotnet\sdk\7.0.103\Extensions,C:\Program Files\dotnet\sdk\7.0.103
TpTrace Information: 0 : 14844, 1, 2023/04/14, 10:03:16.851, 2621487640482, vstest.console.dll, AssemblyResolver.OnResolve: Microsoft.Diagnostics.NETCore.Client: Resolving assembly.
TpTrace Information: 0 : 14844, 1, 2023/04/14, 10:03:16.851, 2621487643092, vstest.console.dll, AssemblyResolver.OnResolve: Microsoft.Diagnostics.NETCore.Client: Searching in: 'C:\Program Files\dotnet\sdk\7.0.103\Extensions'.
TpTrace Information: 0 : 14844, 1, 2023/04/14, 10:03:16.949, 2621488623296, vstest.console.dll, AssemblyResolver.OnResolve: Microsoft.Diagnostics.NETCore.Client: Loading assembly 'C:\Program Files\dotnet\sdk\7.0.103\Extensions\Microsoft.Diagnostics.NETCore.Client.dll'.
TpTrace Information: 0 : 14844, 1, 2023/04/14, 10:03:16.962, 2621488753439, vstest.console.dll, AssemblyResolver.OnResolve: Resolved assembly: Microsoft.Diagnostics.NETCore.Client, from path: C:\Program Files\dotnet\sdk\7.0.103\Extensions\Microsoft.Diagnostics.NETCore.Client.dll
TpTrace Verbose: 0 : 14844, 1, 2023/04/14, 10:03:16.963, 2621488762076, vstest.console.dll, MetadataReaderExtensionsHelper: Discovering extensions inside assembly 'Microsoft.Diagnostics.NETCore.Client, Version=0.2.6.42401, Culture=neutral, PublicKeyToken=31bf3856ad364e35' file path 'C:\Program Files\dotnet\sdk\7.0.103\Extensions\Microsoft.Diagnostics.NETCore.Client.dll'
TpTrace Information: 0 : 14844, 1, 2023/04/14, 10:03:16.977, 2621488904296, vstest.console.dll, AssemblyResolver.OnResolve: Microsoft.Bcl.AsyncInterfaces: Resolving assembly.
TpTrace Information: 0 : 14844, 1, 2023/04/14, 10:03:16.978, 2621488905170, vstest.console.dll, AssemblyResolver.OnResolve: Microsoft.Bcl.AsyncInterfaces: Searching in: 'C:\Program Files\dotnet\sdk\7.0.103\Extensions'.
TpTrace Information: 0 : 14844, 1, 2023/04/14, 10:03:16.978, 2621488905937, vstest.console.dll, AssemblyResolver.OnResolve: Microsoft.Bcl.AsyncInterfaces: Assembly path does not exist: 'C:\Program Files\dotnet\sdk\7.0.103\Extensions\Microsoft.Bcl.AsyncInterfaces.dll', returning.
TpTrace Information: 0 : 14844, 1, 2023/04/14, 10:03:16.978, 2621488906688, vstest.console.dll, AssemblyResolver.OnResolve: Microsoft.Bcl.AsyncInterfaces: Assembly path does not exist: 'C:\Program Files\dotnet\sdk\7.0.103\Extensions\Microsoft.Bcl.AsyncInterfaces.exe', returning.
TpTrace Information: 0 : 14844, 1, 2023/04/14, 10:03:16.978, 2621488906884, vstest.console.dll, AssemblyResolver.OnResolve: Microsoft.Bcl.AsyncInterfaces: Searching in: 'C:\Program Files\dotnet\sdk\7.0.103'.
TpTrace Information: 0 : 14844, 1, 2023/04/14, 10:03:16.978, 2621488907196, vstest.console.dll, AssemblyResolver.OnResolve: Microsoft.Bcl.AsyncInterfaces: Assembly path does not exist: 'C:\Program Files\dotnet\sdk\7.0.103\Microsoft.Bcl.AsyncInterfaces.dll', returning.
TpTrace Information: 0 : 14844, 1, 2023/04/14, 10:03:16.978, 2621488907459, vstest.console.dll, AssemblyResolver.OnResolve: Microsoft.Bcl.AsyncInterfaces: Assembly path does not exist: 'C:\Program Files\dotnet\sdk\7.0.103\Microsoft.Bcl.AsyncInterfaces.exe', returning.
TpTrace Information: 0 : 14844, 1, 2023/04/14, 10:03:16.978, 2621488907584, vstest.console.dll, AssemblyResolver.OnResolve: Microsoft.Bcl.AsyncInterfaces: Failed to load assembly.
TpTrace Verbose: 0 : 14844, 1, 2023/04/14, 10:03:16.978, 2621488907788, vstest.console.dll, CurrentDomainAssemblyResolve: Resolving assembly 'Microsoft.Bcl.AsyncInterfaces'.
TpTrace Information: 0 : 14844, 1, 2023/04/14, 10:03:16.978, 2621488908215, vstest.console.dll, AssemblyResolver.OnResolve: Microsoft.Bcl.AsyncInterfaces: Resolving assembly.
TpTrace Information: 0 : 14844, 1, 2023/04/14, 10:03:16.978, 2621488908414, vstest.console.dll, AssemblyResolver.OnResolve: Microsoft.Bcl.AsyncInterfaces: Resolved from cache.
TpTrace Verbose: 0 : 14844, 1, 2023/04/14, 10:03:16.978, 2621488908529, vstest.console.dll, CurrentDomainAssemblyResolve: Resolving assembly 'Microsoft.Bcl.AsyncInterfaces'.
TpTrace Verbose: 0 : 14844, 1, 2023/04/14, 10:03:16.978, 2621488908709, vstest.console.dll, CurrentDomainAssemblyResolve: Failed to resolve assembly 'Microsoft.Bcl.AsyncInterfaces'.
TpTrace Verbose: 0 : 14844, 1, 2023/04/14, 10:03:16.993, 2621489065071, vstest.console.dll, CurrentDomainAssemblyResolve: Failed to resolve assembly 'Microsoft.Bcl.AsyncInterfaces'.
TpTrace Warning: 0 : 14844, 1, 2023/04/14, 10:03:17.026, 2621489388477, vstest.console.dll, TestPluginDiscoverer: Failed to get types from assembly 'Microsoft.Diagnostics.NETCore.Client, Version=0.2.6.42401, Culture=neutral, PublicKeyToken=31bf3856ad364e35'. Error: System.Reflection.ReflectionTypeLoadException: Unable to load one or more of the requested types.
Could not load file or assembly 'Microsoft.Bcl.AsyncInterfaces, Version=1.0.0.0, Culture=neutral, PublicKeyToken=cc7b13ffcd2ddd51'. The system cannot find the file specified.
   at System.Reflection.RuntimeModule.GetTypes(RuntimeModule module)
   at System.Reflection.Assembly.GetTypes()
   at Microsoft.VisualStudio.TestPlatform.Common.ExtensionFramework.TestPluginDiscoverer.GetTestExtensionsFromAssembly[TPluginInfo,TExtension](Assembly assembly, Dictionary`2 pluginInfos, String filePath)
System.IO.FileNotFoundException: Could not load file or assembly 'Microsoft.Bcl.AsyncInterfaces, Version=1.0.0.0, Culture=neutral, PublicKeyToken=cc7b13ffcd2ddd51'. The system cannot find the file specified.
File name: 'Microsoft.Bcl.AsyncInterfaces, Version=1.0.0.0, Culture=neutral, PublicKeyToken=cc7b13ffcd2ddd51'
 ---> System.IO.FileNotFoundException: Could not load file or assembly 'Microsoft.Bcl.AsyncInterfaces, Culture=neutral, PublicKeyToken=null'. The system cannot find the file specified.
File name: 'Microsoft.Bcl.AsyncInterfaces, Culture=neutral, PublicKeyToken=null'
   at System.Reflection.RuntimeAssembly.InternalLoad(AssemblyName assemblyName, StackCrawlMark& stackMark, AssemblyLoadContext assemblyLoadContext, RuntimeAssembly requestingAssembly, Boolean throwOnFileNotFound)
   at System.Reflection.Assembly.Load(AssemblyName assemblyRef)
   at Microsoft.VisualStudio.TestPlatform.Common.ExtensionFramework.TestPluginCache.CurrentDomainAssemblyResolve(Object sender, AssemblyResolveEventArgs args)
   at System.Runtime.Loader.AssemblyLoadContext.GetFirstResolvedAssemblyFromResolvingEvent(AssemblyName assemblyName)
   at System.Runtime.Loader.AssemblyLoadContext.ResolveUsingEvent(AssemblyName assemblyName)
   at System.Runtime.Loader.AssemblyLoadContext.ResolveUsingResolvingEvent(IntPtr gchManagedAssemblyLoadContext, AssemblyName assemblyName)
TpTrace Warning: 0 : 14844, 1, 2023/04/14, 10:03:17.026, 2621489391232, vstest.console.dll, LoaderExceptions: System.IO.FileNotFoundException: Could not load file or assembly 'Microsoft.Bcl.AsyncInterfaces, Version=1.0.0.0, Culture=neutral, PublicKeyToken=cc7b13ffcd2ddd51'. The system cannot find the file specified.
File name: 'Microsoft.Bcl.AsyncInterfaces, Version=1.0.0.0, Culture=neutral, PublicKeyToken=cc7b13ffcd2ddd51'
 ---> System.IO.FileNotFoundException: Could not load file or assembly 'Microsoft.Bcl.AsyncInterfaces, Culture=neutral, PublicKeyToken=null'. The system cannot find the file specified.
File name: 'Microsoft.Bcl.AsyncInterfaces, Culture=neutral, PublicKeyToken=null'
   at System.Reflection.RuntimeAssembly.InternalLoad(AssemblyName assemblyName, StackCrawlMark& stackMark, AssemblyLoadContext assemblyLoadContext, RuntimeAssembly requestingAssembly, Boolean throwOnFileNotFound)
   at System.Reflection.Assembly.Load(AssemblyName assemblyRef)
   at Microsoft.VisualStudio.TestPlatform.Common.ExtensionFramework.TestPluginCache.CurrentDomainAssemblyResolve(Object sender, AssemblyResolveEventArgs args)
   at System.Runtime.Loader.AssemblyLoadContext.GetFirstResolvedAssemblyFromResolvingEvent(AssemblyName assemblyName)
   at System.Runtime.Loader.AssemblyLoadContext.ResolveUsingEvent(AssemblyName assemblyName)
   at System.Runtime.Loader.AssemblyLoadContext.ResolveUsingResolvingEvent(IntPtr gchManagedAssemblyLoadContext, AssemblyName assemblyName)
TpTrace Information: 0 : 14844, 1, 2023/04/14, 10:03:17.026, 2621489392436, vstest.console.dll, AssemblyResolver.OnResolve: Microsoft.TestPlatform.Extensions.BlameDataCollector: Resolving assembly.
TpTrace Information: 0 : 14844, 1, 2023/04/14, 10:03:17.026, 2621489392650, vstest.console.dll, AssemblyResolver.OnResolve: Microsoft.TestPlatform.Extensions.BlameDataCollector: Searching in: 'C:\Program Files\dotnet\sdk\7.0.103\Extensions'.
TpTrace Information: 0 : 14844, 1, 2023/04/14, 10:03:17.038, 2621489509978, vstest.console.dll, AssemblyResolver.OnResolve: Microsoft.TestPlatform.Extensions.BlameDataCollector: Loading assembly 'C:\Program Files\dotnet\sdk\7.0.103\Extensions\Microsoft.TestPlatform.Extensions.BlameDataCollector.dll'.
TpTrace Information: 0 : 14844, 1, 2023/04/14, 10:03:17.042, 2621489551082, vstest.console.dll, AssemblyResolver.OnResolve: Resolved assembly: Microsoft.TestPlatform.Extensions.BlameDataCollector, from path: C:\Program Files\dotnet\sdk\7.0.103\Extensions\Microsoft.TestPlatform.Extensions.BlameDataCollector.dll
TpTrace Verbose: 0 : 14844, 1, 2023/04/14, 10:03:17.042, 2621489552198, vstest.console.dll, MetadataReaderExtensionsHelper: Discovering extensions inside assembly 'Microsoft.TestPlatform.Extensions.BlameDataCollector, Version=15.0.0.0, Culture=neutral, PublicKeyToken=b03f5f7f11d50a3a' file path 'C:\Program Files\dotnet\sdk\7.0.103\Extensions\Microsoft.TestPlatform.Extensions.BlameDataCollector.dll'
TpTrace Information: 0 : 14844, 1, 2023/04/14, 10:03:17.043, 2621489562842, vstest.console.dll, AssemblyResolver.OnResolve: Microsoft.TestPlatform.Extensions.EventLogCollector: Resolving assembly.
TpTrace Information: 0 : 14844, 1, 2023/04/14, 10:03:17.043, 2621489563479, vstest.console.dll, AssemblyResolver.OnResolve: Microsoft.TestPlatform.Extensions.EventLogCollector: Searching in: 'C:\Program Files\dotnet\sdk\7.0.103\Extensions'.
TpTrace Information: 0 : 14844, 1, 2023/04/14, 10:03:17.050, 2621489630046, vstest.console.dll, AssemblyResolver.OnResolve: Microsoft.TestPlatform.Extensions.EventLogCollector: Loading assembly 'C:\Program Files\dotnet\sdk\7.0.103\Extensions\Microsoft.TestPlatform.Extensions.EventLogCollector.dll'.
TpTrace Information: 0 : 14844, 1, 2023/04/14, 10:03:17.054, 2621489670463, vstest.console.dll, AssemblyResolver.OnResolve: Resolved assembly: Microsoft.TestPlatform.Extensions.EventLogCollector, from path: C:\Program Files\dotnet\sdk\7.0.103\Extensions\Microsoft.TestPlatform.Extensions.EventLogCollector.dll
TpTrace Verbose: 0 : 14844, 1, 2023/04/14, 10:03:17.054, 2621489671449, vstest.console.dll, MetadataReaderExtensionsHelper: Discovering extensions inside assembly 'Microsoft.TestPlatform.Extensions.EventLogCollector, Version=15.0.0.0, Culture=neutral, PublicKeyToken=b03f5f7f11d50a3a' file path 'C:\Program Files\dotnet\sdk\7.0.103\Extensions\Microsoft.TestPlatform.Extensions.EventLogCollector.dll'
TpTrace Information: 0 : 14844, 1, 2023/04/14, 10:03:17.076, 2621489888028, vstest.console.dll, AssemblyResolver.OnResolve: Microsoft.TestPlatform.TestHostRuntimeProvider: Resolving assembly.
TpTrace Information: 0 : 14844, 1, 2023/04/14, 10:03:17.076, 2621489889074, vstest.console.dll, AssemblyResolver.OnResolve: Microsoft.TestPlatform.TestHostRuntimeProvider: Searching in: 'C:\Program Files\dotnet\sdk\7.0.103\Extensions'.
TpTrace Information: 0 : 14844, 1, 2023/04/14, 10:03:17.084, 2621489971432, vstest.console.dll, AssemblyResolver.OnResolve: Microsoft.TestPlatform.TestHostRuntimeProvider: Loading assembly 'C:\Program Files\dotnet\sdk\7.0.103\Extensions\Microsoft.TestPlatform.TestHostRuntimeProvider.dll'.
TpTrace Information: 0 : 14844, 1, 2023/04/14, 10:03:17.088, 2621490010464, vstest.console.dll, AssemblyResolver.OnResolve: Resolved assembly: Microsoft.TestPlatform.TestHostRuntimeProvider, from path: C:\Program Files\dotnet\sdk\7.0.103\Extensions\Microsoft.TestPlatform.TestHostRuntimeProvider.dll
TpTrace Verbose: 0 : 14844, 1, 2023/04/14, 10:03:17.088, 2621490011367, vstest.console.dll, MetadataReaderExtensionsHelper: Discovering extensions inside assembly 'Microsoft.TestPlatform.TestHostRuntimeProvider, Version=15.0.0.0, Culture=neutral, PublicKeyToken=b03f5f7f11d50a3a' file path 'C:\Program Files\dotnet\sdk\7.0.103\Extensions\Microsoft.TestPlatform.TestHostRuntimeProvider.dll'
TpTrace Information: 0 : 14844, 1, 2023/04/14, 10:03:17.090, 2621490027769, vstest.console.dll, GetTestExtensionFromType: Register extension with identifier data 'HostProvider://DefaultTestHost' and type 'Microsoft.VisualStudio.TestPlatform.CrossPlatEngine.Hosting.DefaultTestHostManager, Microsoft.TestPlatform.TestHostRuntimeProvider, Version=15.0.0.0, Culture=neutral, PublicKeyToken=b03f5f7f11d50a3a' inside file 'C:\Program Files\dotnet\sdk\7.0.103\Extensions\Microsoft.TestPlatform.TestHostRuntimeProvider.dll'
TpTrace Information: 0 : 14844, 1, 2023/04/14, 10:03:17.090, 2621490030941, vstest.console.dll, GetTestExtensionFromType: Register extension with identifier data 'HostProvider://DotnetTestHost' and type 'Microsoft.VisualStudio.TestPlatform.CrossPlatEngine.Hosting.DotnetTestHostManager, Microsoft.TestPlatform.TestHostRuntimeProvider, Version=15.0.0.0, Culture=neutral, PublicKeyToken=b03f5f7f11d50a3a' inside file 'C:\Program Files\dotnet\sdk\7.0.103\Extensions\Microsoft.TestPlatform.TestHostRuntimeProvider.dll'
TpTrace Information: 0 : 14844, 1, 2023/04/14, 10:03:17.090, 2621490031570, vstest.console.dll, AssemblyResolver.OnResolve: Microsoft.VisualStudio.TestPlatform.Extensions.Html.TestLogger: Resolving assembly.
TpTrace Information: 0 : 14844, 1, 2023/04/14, 10:03:17.090, 2621490031764, vstest.console.dll, AssemblyResolver.OnResolve: Microsoft.VisualStudio.TestPlatform.Extensions.Html.TestLogger: Searching in: 'C:\Program Files\dotnet\sdk\7.0.103\Extensions'.
TpTrace Information: 0 : 14844, 1, 2023/04/14, 10:03:17.099, 2621490122308, vstest.console.dll, AssemblyResolver.OnResolve: Microsoft.VisualStudio.TestPlatform.Extensions.Html.TestLogger: Loading assembly 'C:\Program Files\dotnet\sdk\7.0.103\Extensions\Microsoft.VisualStudio.TestPlatform.Extensions.Html.TestLogger.dll'.
TpTrace Information: 0 : 14844, 1, 2023/04/14, 10:03:17.103, 2621490164172, vstest.console.dll, AssemblyResolver.OnResolve: Resolved assembly: Microsoft.VisualStudio.TestPlatform.Extensions.Html.TestLogger, from path: C:\Program Files\dotnet\sdk\7.0.103\Extensions\Microsoft.VisualStudio.TestPlatform.Extensions.Html.TestLogger.dll
TpTrace Verbose: 0 : 14844, 1, 2023/04/14, 10:03:17.104, 2621490165189, vstest.console.dll, MetadataReaderExtensionsHelper: Discovering extensions inside assembly 'Microsoft.VisualStudio.TestPlatform.Extensions.Html.TestLogger, Version=15.0.0.0, Culture=neutral, PublicKeyToken=b03f5f7f11d50a3a' file path 'C:\Program Files\dotnet\sdk\7.0.103\Extensions\Microsoft.VisualStudio.TestPlatform.Extensions.Html.TestLogger.dll'
TpTrace Information: 0 : 14844, 1, 2023/04/14, 10:03:17.104, 2621490171721, vstest.console.dll, AssemblyResolver.OnResolve: Microsoft.VisualStudio.TestPlatform.Extensions.Trx.TestLogger: Resolving assembly.
TpTrace Information: 0 : 14844, 1, 2023/04/14, 10:03:17.104, 2621490172290, vstest.console.dll, AssemblyResolver.OnResolve: Microsoft.VisualStudio.TestPlatform.Extensions.Trx.TestLogger: Searching in: 'C:\Program Files\dotnet\sdk\7.0.103\Extensions'.
TpTrace Information: 0 : 14844, 1, 2023/04/14, 10:03:17.116, 2621490288374, vstest.console.dll, AssemblyResolver.OnResolve: Microsoft.VisualStudio.TestPlatform.Extensions.Trx.TestLogger: Loading assembly 'C:\Program Files\dotnet\sdk\7.0.103\Extensions\Microsoft.VisualStudio.TestPlatform.Extensions.Trx.TestLogger.dll'.
TpTrace Information: 0 : 14844, 1, 2023/04/14, 10:03:17.121, 2621490337853, vstest.console.dll, AssemblyResolver.OnResolve: Resolved assembly: Microsoft.VisualStudio.TestPlatform.Extensions.Trx.TestLogger, from path: C:\Program Files\dotnet\sdk\7.0.103\Extensions\Microsoft.VisualStudio.TestPlatform.Extensions.Trx.TestLogger.dll
TpTrace Verbose: 0 : 14844, 1, 2023/04/14, 10:03:17.121, 2621490339355, vstest.console.dll, MetadataReaderExtensionsHelper: Discovering extensions inside assembly 'Microsoft.VisualStudio.TestPlatform.Extensions.Trx.TestLogger, Version=15.0.0.0, Culture=neutral, PublicKeyToken=b03f5f7f11d50a3a' file path 'C:\Program Files\dotnet\sdk\7.0.103\Extensions\Microsoft.VisualStudio.TestPlatform.Extensions.Trx.TestLogger.dll'
TpTrace Verbose: 0 : 14844, 1, 2023/04/14, 10:03:17.122, 2621490349212, vstest.console.dll, TestPluginCache: Discovered the extensions using extension path ''.
TpTrace Verbose: 0 : 14844, 1, 2023/04/14, 10:03:17.122, 2621490350265, vstest.console.dll, TestPluginCache: Discoverers are ''.
TpTrace Verbose: 0 : 14844, 1, 2023/04/14, 10:03:17.122, 2621490350492, vstest.console.dll, TestPluginCache: Executors are ''.
TpTrace Verbose: 0 : 14844, 1, 2023/04/14, 10:03:17.122, 2621490350674, vstest.console.dll, TestPluginCache: Executors2 are ''.
TpTrace Verbose: 0 : 14844, 1, 2023/04/14, 10:03:17.122, 2621490350852, vstest.console.dll, TestPluginCache: Setting providers are ''.
TpTrace Verbose: 0 : 14844, 1, 2023/04/14, 10:03:17.122, 2621490351032, vstest.console.dll, TestPluginCache: Loggers are ''.
TpTrace Verbose: 0 : 14844, 1, 2023/04/14, 10:03:17.122, 2621490352248, vstest.console.dll, TestPluginCache: TestHosts are 'HostProvider://DefaultTestHost,HostProvider://DotnetTestHost'.
TpTrace Verbose: 0 : 14844, 1, 2023/04/14, 10:03:17.122, 2621490352481, vstest.console.dll, TestPluginCache: DataCollectors are ''.
TpTrace Information: 0 : 14844, 1, 2023/04/14, 10:03:17.191, 2621491036291, vstest.console.dll, RunTestsArgumentProcessor:Execute: Test run is starting.
TpTrace Verbose: 0 : 14844, 1, 2023/04/14, 10:03:17.191, 2621491037072, vstest.console.dll, RunTestsArgumentProcessor:Execute: Queuing Test run.
TpTrace Information: 0 : 14844, 1, 2023/04/14, 10:03:17.191, 2621491038626, vstest.console.dll, TestRequestManager.RunTests: run tests started.
TpTrace Information: 0 : 14844, 1, 2023/04/14, 10:03:17.192, 2621491049549, vstest.console.dll, AssemblyMetadataProvider.GetFrameworkName: Determined framework:'.NETCoreApp,Version=v6.0' for source: 'C:\Users\sevval.colak\source\repos\BookStore\BookStore.UnitTest\bin\Debug\net6.0\fine-code-coverage\build-output\BookStore.UnitTest.dll'
TpTrace Information: 0 : 14844, 1, 2023/04/14, 10:03:17.192, 2621491051001, vstest.console.dll, Determined framework for all sources: .NETCoreApp,Version=v6.0
TpTrace Verbose: 0 : 14844, 1, 2023/04/14, 10:03:17.192, 2621491053714, vstest.console.dll, TestRequestManager.UpdateRunSettingsIfRequired: Default architecture: X64 IsDefaultTargetArchitecture: True, Current process architecture: X64 OperatingSystem: Windows.
TpTrace Information: 0 : 14844, 1, 2023/04/14, 10:03:17.194, 2621491067080, vstest.console.dll, AssemblyMetadataProvider.GetArchitecture: Determined architecture:AnyCPU info for assembly: C:\Users\sevval.colak\source\repos\BookStore\BookStore.UnitTest\bin\Debug\net6.0\fine-code-coverage\build-output\BookStore.UnitTest.dll
TpTrace Information: 0 : 14844, 1, 2023/04/14, 10:03:17.194, 2621491067618, vstest.console.dll, Determined platform for source 'C:\Users\sevval.colak\source\repos\BookStore\BookStore.UnitTest\bin\Debug\net6.0\fine-code-coverage\build-output\BookStore.UnitTest.dll' was AnyCPU and it will use the default plaform X64.
TpTrace Information: 0 : 14844, 1, 2023/04/14, 10:03:17.194, 2621491067764, vstest.console.dll, None of the sources provided any runnable platform, using the default platform: X64
TpTrace Information: 0 : 14844, 1, 2023/04/14, 10:03:17.194, 2621491068410, vstest.console.dll, Platform was updated to 'X64'.
TpTrace Information: 0 : 14844, 1, 2023/04/14, 10:03:17.196, 2621491090984, vstest.console.dll, InferRunSettingsHelper.IsTestSettingsEnabled: Unable to navigate to RunSettings/MSTest. Current node: RunSettings
TpTrace Information: 0 : 14844, 1, 2023/04/14, 10:03:17.197, 2621491095654, vstest.console.dll, AssemblyResolver.OnResolve: Microsoft.VisualStudio.TestPlatform.Fakes: Resolving assembly.
TpTrace Information: 0 : 14844, 1, 2023/04/14, 10:03:17.197, 2621491096130, vstest.console.dll, AssemblyResolver.OnResolve: Microsoft.VisualStudio.TestPlatform.Fakes: Searching in: 'C:\Program Files\dotnet\sdk\7.0.103\Extensions'.
TpTrace Information: 0 : 14844, 1, 2023/04/14, 10:03:17.197, 2621491096770, vstest.console.dll, AssemblyResolver.OnResolve: Microsoft.VisualStudio.TestPlatform.Fakes: Assembly path does not exist: 'C:\Program Files\dotnet\sdk\7.0.103\Extensions\Microsoft.VisualStudio.TestPlatform.Fakes.dll', returning.
TpTrace Information: 0 : 14844, 1, 2023/04/14, 10:03:17.197, 2621491097072, vstest.console.dll, AssemblyResolver.OnResolve: Microsoft.VisualStudio.TestPlatform.Fakes: Assembly path does not exist: 'C:\Program Files\dotnet\sdk\7.0.103\Extensions\Microsoft.VisualStudio.TestPlatform.Fakes.exe', returning.
TpTrace Information: 0 : 14844, 1, 2023/04/14, 10:03:17.197, 2621491097199, vstest.console.dll, AssemblyResolver.OnResolve: Microsoft.VisualStudio.TestPlatform.Fakes: Searching in: 'C:\Program Files\dotnet\sdk\7.0.103'.
TpTrace Information: 0 : 14844, 1, 2023/04/14, 10:03:17.197, 2621491097513, vstest.console.dll, AssemblyResolver.OnResolve: Microsoft.VisualStudio.TestPlatform.Fakes: Assembly path does not exist: 'C:\Program Files\dotnet\sdk\7.0.103\Microsoft.VisualStudio.TestPlatform.Fakes.dll', returning.
TpTrace Information: 0 : 14844, 1, 2023/04/14, 10:03:17.197, 2621491097779, vstest.console.dll, AssemblyResolver.OnResolve: Microsoft.VisualStudio.TestPlatform.Fakes: Assembly path does not exist: 'C:\Program Files\dotnet\sdk\7.0.103\Microsoft.VisualStudio.TestPlatform.Fakes.exe', returning.
TpTrace Information: 0 : 14844, 1, 2023/04/14, 10:03:17.197, 2621491097926, vstest.console.dll, AssemblyResolver.OnResolve: Microsoft.VisualStudio.TestPlatform.Fakes: Failed to load assembly.
TpTrace Information: 0 : 14844, 1, 2023/04/14, 10:03:17.197, 2621491099800, vstest.console.dll, Failed to load assembly Microsoft.VisualStudio.TestPlatform.Fakes, Version=17.0.0.0, Culture=neutral. Reason:System.IO.FileNotFoundException: Could not load file or assembly 'Microsoft.VisualStudio.TestPlatform.Fakes, Version=17.0.0.0, Culture=neutral, PublicKeyToken=null'. The system cannot find the file specified.
File name: 'Microsoft.VisualStudio.TestPlatform.Fakes, Version=17.0.0.0, Culture=neutral, PublicKeyToken=null'
   at System.Reflection.RuntimeAssembly.InternalLoad(AssemblyName assemblyName, StackCrawlMark& stackMark, AssemblyLoadContext assemblyLoadContext, RuntimeAssembly requestingAssembly, Boolean throwOnFileNotFound)
   at System.Reflection.Assembly.Load(AssemblyName assemblyRef)
   at Microsoft.VisualStudio.TestPlatform.Common.Utilities.FakesUtilities.LoadTestPlatformAssembly()
TpTrace Verbose: 0 : 14844, 1, 2023/04/14, 10:03:17.200, 2621491126539, vstest.console.dll, TestPluginCache.DiscoverTestExtensions: finding test extensions in assemblies ends with: TestLogger.dll TPluginInfo: Microsoft.VisualStudio.TestPlatform.Common.ExtensionFramework.Utilities.TestLoggerPluginInformation TExtension: Microsoft.VisualStudio.TestPlatform.ObjectModel.Client.ITestLogger
TpTrace Verbose: 0 : 14844, 1, 2023/04/14, 10:03:17.200, 2621491127417, vstest.console.dll, TestPluginCache.GetExtensionPaths: Filtered extension paths: 
TpTrace Verbose: 0 : 14844, 1, 2023/04/14, 10:03:17.200, 2621491127627, vstest.console.dll, TestPluginCache.GetExtensionPaths: Added default extension paths: C:\Program Files\dotnet\sdk\7.0.103\Extensions\Microsoft.Diagnostics.NETCore.Client.dll
C:\Program Files\dotnet\sdk\7.0.103\Extensions\Microsoft.TestPlatform.Extensions.BlameDataCollector.dll
C:\Program Files\dotnet\sdk\7.0.103\Extensions\Microsoft.TestPlatform.Extensions.EventLogCollector.dll
C:\Program Files\dotnet\sdk\7.0.103\Extensions\Microsoft.TestPlatform.TestHostRuntimeProvider.dll
C:\Program Files\dotnet\sdk\7.0.103\Extensions\Microsoft.VisualStudio.TestPlatform.Extensions.Html.TestLogger.dll
C:\Program Files\dotnet\sdk\7.0.103\Extensions\Microsoft.VisualStudio.TestPlatform.Extensions.Trx.TestLogger.dll
TpTrace Verbose: 0 : 14844, 1, 2023/04/14, 10:03:17.200, 2621491127787, vstest.console.dll, TestPluginCache.GetExtensionPaths: Added unfilterableExtensionPaths: 
TpTrace Information: 0 : 14844, 1, 2023/04/14, 10:03:17.200, 2621491128890, vstest.console.dll, AssemblyResolver.AddSearchDirectories: Adding more searchDirectories C:\Program Files\dotnet\sdk\7.0.103\Extensions,C:\Program Files\dotnet\sdk\7.0.103
TpTrace Verbose: 0 : 14844, 1, 2023/04/14, 10:03:17.200, 2621491129172, vstest.console.dll, TestPluginCache.DiscoverTestExtensions: Discovering the extensions using extension path.
TpTrace Verbose: 0 : 14844, 1, 2023/04/14, 10:03:17.200, 2621491129342, vstest.console.dll, TestPluginCache.GetExtensionPaths: Filtered extension paths: 
TpTrace Verbose: 0 : 14844, 1, 2023/04/14, 10:03:17.200, 2621491129492, vstest.console.dll, TestPluginCache.GetExtensionPaths: Added default extension paths: C:\Program Files\dotnet\sdk\7.0.103\Extensions\Microsoft.Diagnostics.NETCore.Client.dll
C:\Program Files\dotnet\sdk\7.0.103\Extensions\Microsoft.TestPlatform.Extensions.BlameDataCollector.dll
C:\Program Files\dotnet\sdk\7.0.103\Extensions\Microsoft.TestPlatform.Extensions.EventLogCollector.dll
C:\Program Files\dotnet\sdk\7.0.103\Extensions\Microsoft.TestPlatform.TestHostRuntimeProvider.dll
C:\Program Files\dotnet\sdk\7.0.103\Extensions\Microsoft.VisualStudio.TestPlatform.Extensions.Html.TestLogger.dll
C:\Program Files\dotnet\sdk\7.0.103\Extensions\Microsoft.VisualStudio.TestPlatform.Extensions.Trx.TestLogger.dll
TpTrace Verbose: 0 : 14844, 1, 2023/04/14, 10:03:17.200, 2621491129615, vstest.console.dll, TestPluginCache.GetExtensionPaths: Added unfilterableExtensionPaths: 
TpTrace Verbose: 0 : 14844, 1, 2023/04/14, 10:03:17.200, 2621491129760, vstest.console.dll, TestPluginCache.DiscoverTestExtensions: Discovering the extensions using allExtensionPaths: C:\Program Files\dotnet\sdk\7.0.103\Extensions\Microsoft.Diagnostics.NETCore.Client.dll
C:\Program Files\dotnet\sdk\7.0.103\Extensions\Microsoft.TestPlatform.Extensions.BlameDataCollector.dll
C:\Program Files\dotnet\sdk\7.0.103\Extensions\Microsoft.TestPlatform.Extensions.EventLogCollector.dll
C:\Program Files\dotnet\sdk\7.0.103\Extensions\Microsoft.TestPlatform.TestHostRuntimeProvider.dll
C:\Program Files\dotnet\sdk\7.0.103\Extensions\Microsoft.VisualStudio.TestPlatform.Extensions.Html.TestLogger.dll
C:\Program Files\dotnet\sdk\7.0.103\Extensions\Microsoft.VisualStudio.TestPlatform.Extensions.Trx.TestLogger.dll
TpTrace Information: 0 : 14844, 1, 2023/04/14, 10:03:17.200, 2621491130502, vstest.console.dll, AssemblyResolver.AddSearchDirectories: Adding more searchDirectories C:\Program Files\dotnet\sdk\7.0.103\Extensions,C:\Program Files\dotnet\sdk\7.0.103
TpTrace Information: 0 : 14844, 1, 2023/04/14, 10:03:17.200, 2621491130722, vstest.console.dll, AssemblyResolver.AddSearchDirectories: Adding more searchDirectories C:\Program Files\dotnet\sdk\7.0.103\Extensions,C:\Program Files\dotnet\sdk\7.0.103
TpTrace Information: 0 : 14844, 1, 2023/04/14, 10:03:17.200, 2621491130845, vstest.console.dll, AssemblyResolver.AddSearchDirectories: Adding more searchDirectories C:\Program Files\dotnet\sdk\7.0.103\Extensions,C:\Program Files\dotnet\sdk\7.0.103
TpTrace Information: 0 : 14844, 1, 2023/04/14, 10:03:17.200, 2621491130964, vstest.console.dll, AssemblyResolver.AddSearchDirectories: Adding more searchDirectories C:\Program Files\dotnet\sdk\7.0.103\Extensions,C:\Program Files\dotnet\sdk\7.0.103
TpTrace Information: 0 : 14844, 1, 2023/04/14, 10:03:17.200, 2621491131116, vstest.console.dll, AssemblyResolver.AddSearchDirectories: Adding more searchDirectories C:\Program Files\dotnet\sdk\7.0.103\Extensions,C:\Program Files\dotnet\sdk\7.0.103
TpTrace Information: 0 : 14844, 1, 2023/04/14, 10:03:17.200, 2621491131236, vstest.console.dll, AssemblyResolver.AddSearchDirectories: Adding more searchDirectories C:\Program Files\dotnet\sdk\7.0.103\Extensions,C:\Program Files\dotnet\sdk\7.0.103
TpTrace Verbose: 0 : 14844, 1, 2023/04/14, 10:03:17.200, 2621491132021, vstest.console.dll, MetadataReaderExtensionsHelper: Discovering extensions inside assembly 'Microsoft.Diagnostics.NETCore.Client, Version=0.2.6.42401, Culture=neutral, PublicKeyToken=31bf3856ad364e35' file path 'C:\Program Files\dotnet\sdk\7.0.103\Extensions\Microsoft.Diagnostics.NETCore.Client.dll'
TpTrace Information: 0 : 14844, 1, 2023/04/14, 10:03:17.201, 2621491138137, vstest.console.dll, AssemblyResolver.OnResolve: Microsoft.Bcl.AsyncInterfaces: Resolving assembly.
TpTrace Information: 0 : 14844, 1, 2023/04/14, 10:03:17.201, 2621491139081, vstest.console.dll, AssemblyResolver.OnResolve: Microsoft.Bcl.AsyncInterfaces: Resolved from cache.
TpTrace Verbose: 0 : 14844, 1, 2023/04/14, 10:03:17.201, 2621491139277, vstest.console.dll, CurrentDomainAssemblyResolve: Resolving assembly 'Microsoft.Bcl.AsyncInterfaces'.
TpTrace Information: 0 : 14844, 1, 2023/04/14, 10:03:17.201, 2621491139661, vstest.console.dll, AssemblyResolver.OnResolve: Microsoft.Bcl.AsyncInterfaces: Resolving assembly.
TpTrace Information: 0 : 14844, 1, 2023/04/14, 10:03:17.201, 2621491139812, vstest.console.dll, AssemblyResolver.OnResolve: Microsoft.Bcl.AsyncInterfaces: Resolved from cache.
TpTrace Verbose: 0 : 14844, 1, 2023/04/14, 10:03:17.201, 2621491139930, vstest.console.dll, CurrentDomainAssemblyResolve: Resolving assembly 'Microsoft.Bcl.AsyncInterfaces'.
TpTrace Verbose: 0 : 14844, 1, 2023/04/14, 10:03:17.201, 2621491140046, vstest.console.dll, CurrentDomainAssemblyResolve: Failed to resolve assembly 'Microsoft.Bcl.AsyncInterfaces'.
TpTrace Verbose: 0 : 14844, 1, 2023/04/14, 10:03:17.201, 2621491141914, vstest.console.dll, CurrentDomainAssemblyResolve: Failed to resolve assembly 'Microsoft.Bcl.AsyncInterfaces'.
TpTrace Warning: 0 : 14844, 1, 2023/04/14, 10:03:17.201, 2621491144849, vstest.console.dll, TestPluginDiscoverer: Failed to get types from assembly 'Microsoft.Diagnostics.NETCore.Client, Version=0.2.6.42401, Culture=neutral, PublicKeyToken=31bf3856ad364e35'. Error: System.Reflection.ReflectionTypeLoadException: Unable to load one or more of the requested types.
Could not load file or assembly 'Microsoft.Bcl.AsyncInterfaces, Version=1.0.0.0, Culture=neutral, PublicKeyToken=cc7b13ffcd2ddd51'. The system cannot find the file specified.
   at System.Reflection.RuntimeModule.GetTypes(RuntimeModule module)
   at System.Reflection.Assembly.GetTypes()
   at Microsoft.VisualStudio.TestPlatform.Common.ExtensionFramework.TestPluginDiscoverer.GetTestExtensionsFromAssembly[TPluginInfo,TExtension](Assembly assembly, Dictionary`2 pluginInfos, String filePath)
System.IO.FileNotFoundException: Could not load file or assembly 'Microsoft.Bcl.AsyncInterfaces, Version=1.0.0.0, Culture=neutral, PublicKeyToken=cc7b13ffcd2ddd51'. The system cannot find the file specified.
File name: 'Microsoft.Bcl.AsyncInterfaces, Version=1.0.0.0, Culture=neutral, PublicKeyToken=cc7b13ffcd2ddd51'
 ---> System.IO.FileNotFoundException: Could not load file or assembly 'Microsoft.Bcl.AsyncInterfaces, Culture=neutral, PublicKeyToken=null'. The system cannot find the file specified.
File name: 'Microsoft.Bcl.AsyncInterfaces, Culture=neutral, PublicKeyToken=null'
   at System.Reflection.RuntimeAssembly.InternalLoad(AssemblyName assemblyName, StackCrawlMark& stackMark, AssemblyLoadContext assemblyLoadContext, RuntimeAssembly requestingAssembly, Boolean throwOnFileNotFound)
   at System.Reflection.Assembly.Load(AssemblyName assemblyRef)
   at Microsoft.VisualStudio.TestPlatform.Common.ExtensionFramework.TestPluginCache.CurrentDomainAssemblyResolve(Object sender, AssemblyResolveEventArgs args)
   at System.Runtime.Loader.AssemblyLoadContext.GetFirstResolvedAssemblyFromResolvingEvent(AssemblyName assemblyName)
   at System.Runtime.Loader.AssemblyLoadContext.ResolveUsingEvent(AssemblyName assemblyName)
   at System.Runtime.Loader.AssemblyLoadContext.ResolveUsingResolvingEvent(IntPtr gchManagedAssemblyLoadContext, AssemblyName assemblyName)
TpTrace Warning: 0 : 14844, 1, 2023/04/14, 10:03:17.202, 2621491145992, vstest.console.dll, LoaderExceptions: System.IO.FileNotFoundException: Could not load file or assembly 'Microsoft.Bcl.AsyncInterfaces, Version=1.0.0.0, Culture=neutral, PublicKeyToken=cc7b13ffcd2ddd51'. The system cannot find the file specified.
File name: 'Microsoft.Bcl.AsyncInterfaces, Version=1.0.0.0, Culture=neutral, PublicKeyToken=cc7b13ffcd2ddd51'
 ---> System.IO.FileNotFoundException: Could not load file or assembly 'Microsoft.Bcl.AsyncInterfaces, Culture=neutral, PublicKeyToken=null'. The system cannot find the file specified.
File name: 'Microsoft.Bcl.AsyncInterfaces, Culture=neutral, PublicKeyToken=null'
   at System.Reflection.RuntimeAssembly.InternalLoad(AssemblyName assemblyName, StackCrawlMark& stackMark, AssemblyLoadContext assemblyLoadContext, RuntimeAssembly requestingAssembly, Boolean throwOnFileNotFound)
   at System.Reflection.Assembly.Load(AssemblyName assemblyRef)
   at Microsoft.VisualStudio.TestPlatform.Common.ExtensionFramework.TestPluginCache.CurrentDomainAssemblyResolve(Object sender, AssemblyResolveEventArgs args)
   at System.Runtime.Loader.AssemblyLoadContext.GetFirstResolvedAssemblyFromResolvingEvent(AssemblyName assemblyName)
   at System.Runtime.Loader.AssemblyLoadContext.ResolveUsingEvent(AssemblyName assemblyName)
   at System.Runtime.Loader.AssemblyLoadContext.ResolveUsingResolvingEvent(IntPtr gchManagedAssemblyLoadContext, AssemblyName assemblyName)
TpTrace Verbose: 0 : 14844, 1, 2023/04/14, 10:03:17.202, 2621491146851, vstest.console.dll, MetadataReaderExtensionsHelper: Discovering extensions inside assembly 'Microsoft.TestPlatform.Extensions.BlameDataCollector, Version=15.0.0.0, Culture=neutral, PublicKeyToken=b03f5f7f11d50a3a' file path 'C:\Program Files\dotnet\sdk\7.0.103\Extensions\Microsoft.TestPlatform.Extensions.BlameDataCollector.dll'
TpTrace Information: 0 : 14844, 1, 2023/04/14, 10:03:17.202, 2621491152138, vstest.console.dll, GetTestExtensionFromType: Register extension with identifier data 'logger://Microsoft/TestPlatform/Extensions/Blame/v1' and type 'Microsoft.TestPlatform.Extensions.BlameDataCollector.BlameLogger, Microsoft.TestPlatform.Extensions.BlameDataCollector, Version=15.0.0.0, Culture=neutral, PublicKeyToken=b03f5f7f11d50a3a' inside file 'C:\Program Files\dotnet\sdk\7.0.103\Extensions\Microsoft.TestPlatform.Extensions.BlameDataCollector.dll'
TpTrace Verbose: 0 : 14844, 1, 2023/04/14, 10:03:17.202, 2621491152749, vstest.console.dll, MetadataReaderExtensionsHelper: Discovering extensions inside assembly 'Microsoft.TestPlatform.Extensions.EventLogCollector, Version=15.0.0.0, Culture=neutral, PublicKeyToken=b03f5f7f11d50a3a' file path 'C:\Program Files\dotnet\sdk\7.0.103\Extensions\Microsoft.TestPlatform.Extensions.EventLogCollector.dll'
TpTrace Verbose: 0 : 14844, 1, 2023/04/14, 10:03:17.202, 2621491154938, vstest.console.dll, MetadataReaderExtensionsHelper: Discovering extensions inside assembly 'Microsoft.TestPlatform.TestHostRuntimeProvider, Version=15.0.0.0, Culture=neutral, PublicKeyToken=b03f5f7f11d50a3a' file path 'C:\Program Files\dotnet\sdk\7.0.103\Extensions\Microsoft.TestPlatform.TestHostRuntimeProvider.dll'
TpTrace Verbose: 0 : 14844, 1, 2023/04/14, 10:03:17.203, 2621491156626, vstest.console.dll, MetadataReaderExtensionsHelper: Discovering extensions inside assembly 'Microsoft.VisualStudio.TestPlatform.Extensions.Html.TestLogger, Version=15.0.0.0, Culture=neutral, PublicKeyToken=b03f5f7f11d50a3a' file path 'C:\Program Files\dotnet\sdk\7.0.103\Extensions\Microsoft.VisualStudio.TestPlatform.Extensions.Html.TestLogger.dll'
TpTrace Information: 0 : 14844, 1, 2023/04/14, 10:03:17.203, 2621491159984, vstest.console.dll, GetTestExtensionFromType: Register extension with identifier data 'logger://Microsoft/TestPlatform/HtmlLogger/v1' and type 'Microsoft.VisualStudio.TestPlatform.Extensions.HtmlLogger.HtmlLogger, Microsoft.VisualStudio.TestPlatform.Extensions.Html.TestLogger, Version=15.0.0.0, Culture=neutral, PublicKeyToken=b03f5f7f11d50a3a' inside file 'C:\Program Files\dotnet\sdk\7.0.103\Extensions\Microsoft.VisualStudio.TestPlatform.Extensions.Html.TestLogger.dll'
TpTrace Verbose: 0 : 14844, 1, 2023/04/14, 10:03:17.203, 2621491160472, vstest.console.dll, MetadataReaderExtensionsHelper: Discovering extensions inside assembly 'Microsoft.VisualStudio.TestPlatform.Extensions.Trx.TestLogger, Version=15.0.0.0, Culture=neutral, PublicKeyToken=b03f5f7f11d50a3a' file path 'C:\Program Files\dotnet\sdk\7.0.103\Extensions\Microsoft.VisualStudio.TestPlatform.Extensions.Trx.TestLogger.dll'
TpTrace Information: 0 : 14844, 1, 2023/04/14, 10:03:17.203, 2621491162563, vstest.console.dll, GetTestExtensionFromType: Register extension with identifier data 'logger://Microsoft/TestPlatform/TrxLogger/v1' and type 'Microsoft.VisualStudio.TestPlatform.Extensions.TrxLogger.TrxLogger, Microsoft.VisualStudio.TestPlatform.Extensions.Trx.TestLogger, Version=15.0.0.0, Culture=neutral, PublicKeyToken=b03f5f7f11d50a3a' inside file 'C:\Program Files\dotnet\sdk\7.0.103\Extensions\Microsoft.VisualStudio.TestPlatform.Extensions.Trx.TestLogger.dll'
TpTrace Verbose: 0 : 14844, 1, 2023/04/14, 10:03:17.203, 2621491163111, vstest.console.dll, TestPluginCache: Discovered the extensions using extension path ''.
TpTrace Verbose: 0 : 14844, 1, 2023/04/14, 10:03:17.203, 2621491163256, vstest.console.dll, TestPluginCache: Discoverers are ''.
TpTrace Verbose: 0 : 14844, 1, 2023/04/14, 10:03:17.203, 2621491163370, vstest.console.dll, TestPluginCache: Executors are ''.
TpTrace Verbose: 0 : 14844, 1, 2023/04/14, 10:03:17.203, 2621491163479, vstest.console.dll, TestPluginCache: Executors2 are ''.
TpTrace Verbose: 0 : 14844, 1, 2023/04/14, 10:03:17.203, 2621491163585, vstest.console.dll, TestPluginCache: Setting providers are ''.
TpTrace Verbose: 0 : 14844, 1, 2023/04/14, 10:03:17.203, 2621491163971, vstest.console.dll, TestPluginCache: Loggers are 'logger://Microsoft/TestPlatform/Extensions/Blame/v1,logger://Microsoft/TestPlatform/HtmlLogger/v1,logger://Microsoft/TestPlatform/TrxLogger/v1'.
TpTrace Verbose: 0 : 14844, 1, 2023/04/14, 10:03:17.203, 2621491164161, vstest.console.dll, TestPluginCache: TestHosts are 'HostProvider://DefaultTestHost,HostProvider://DotnetTestHost'.
TpTrace Verbose: 0 : 14844, 1, 2023/04/14, 10:03:17.203, 2621491164273, vstest.console.dll, TestPluginCache: DataCollectors are ''.
TpTrace Information: 0 : 14844, 1, 2023/04/14, 10:03:17.204, 2621491170111, vstest.console.dll, TestPluginManager.CreateTestExtension: Attempting to load test extension: Microsoft.TestPlatform.Extensions.BlameDataCollector.BlameLogger
TpTrace Verbose: 0 : 14844, 1, 2023/04/14, 10:03:17.235, 2621491482673, vstest.console.dll, TestEngine: Initializing Parallel Execution as MaxCpuCount is set to: 1
TpTrace Information: 0 : 14844, 1, 2023/04/14, 10:03:17.237, 2621491497845, vstest.console.dll, TestPluginManager.CreateTestExtension: Attempting to load test extension: Microsoft.VisualStudio.TestPlatform.CrossPlatEngine.Hosting.DefaultTestHostManager
TpTrace Information: 0 : 14844, 1, 2023/04/14, 10:03:17.239, 2621491519209, vstest.console.dll, TestPluginManager.CreateTestExtension: Attempting to load test extension: Microsoft.VisualStudio.TestPlatform.CrossPlatEngine.Hosting.DotnetTestHostManager
TpTrace Information: 0 : 14844, 1, 2023/04/14, 10:03:17.240, 2621491525273, vstest.console.dll, InferRunSettingsHelper.IsTestSettingsEnabled: Unable to navigate to RunSettings/MSTest. Current node: RunSettings
TpTrace Verbose: 0 : 14844, 1, 2023/04/14, 10:03:17.243, 2621491562589, vstest.console.dll, TestEngine.GetExecutionManager: Chosen execution manager 'Microsoft.VisualStudio.TestPlatform.CrossPlatEngine.Client.Parallel.ParallelProxyExecutionManager, Microsoft.TestPlatform.CrossPlatEngine, Version=15.0.0.0, Culture=neutral, PublicKeyToken=b03f5f7f11d50a3a' ParallelLevel '1'.
TpTrace Verbose: 0 : 14844, 1, 2023/04/14, 10:03:17.243, 2621491564867, vstest.console.dll, TestRunRequest.ExecuteAsync: Creating test run request.
TpTrace Verbose: 0 : 14844, 1, 2023/04/14, 10:03:17.244, 2621491567301, vstest.console.dll, TestRunRequest.ExecuteAsync: Starting.
TpTrace Information: 0 : 14844, 1, 2023/04/14, 10:03:17.244, 2621491569746, vstest.console.dll, TestRunRequest.ExecuteAsync: Starting run with settings:TestRunCriteria:
   KeepAlive=False,FrequencyOfRunStatsChangeEvent=10,RunStatsChangeEventTimeout=00:00:01.5000000,TestCaseFilter=,TestExecutorLauncher=
   Settingsxml=<RunSettings>
  <RunConfiguration>
    <ResultsDirectory>C:\Users\sevval.colak\source\repos\BookStore\BookStore.UnitTest\bin\Debug\net6.0\fine-code-coverage\coverage-tool-output</ResultsDirectory>
    <TargetPlatform>X64</TargetPlatform>
    <TargetFrameworkVersion>.NETCoreApp,Version=v6.0</TargetFrameworkVersion>
    <DesignMode>False</DesignMode>
    <CollectSourceInformation>False</CollectSourceInformation>
  </RunConfiguration>
  <LoggerRunSettings>
    <Loggers>
      <Logger friendlyName="blame" enabled="True" />
      <Logger friendlyName="Console" uri="logger://microsoft/TestPlatform/ConsoleLogger/v1" assemblyQualifiedName="Microsoft.VisualStudio.TestPlatform.CommandLine.Internal.ConsoleLogger, vstest.console, Version=15.0.0.0, Culture=neutral, PublicKeyToken=b03f5f7f11d50a3a" codeBase="C:\Program Files\dotnet\sdk\7.0.103\vstest.console.dll" enabled="True" />
    </Loggers>
  </LoggerRunSettings>
  <DataCollectionRunSettings>
    <DataCollectors>
      <DataCollector friendlyName="blame" enabled="True">
        <Configuration>
          <ResultsDirectory>C:\Users\sevval.colak\source\repos\BookStore\BookStore.UnitTest\bin\Debug\net6.0\fine-code-coverage\coverage-tool-output</ResultsDirectory>
        </Configuration>
      </DataCollector>
    </DataCollectors>
  </DataCollectionRunSettings>
</RunSettings>

TpTrace Verbose: 0 : 14844, 1, 2023/04/14, 10:03:17.244, 2621491570414, vstest.console.dll, TestRunRequest.ExecuteAsync: Wait for the first run request is over.
TpTrace Verbose: 0 : 14844, 1, 2023/04/14, 10:03:17.244, 2621491573856, vstest.console.dll, MulticastDelegateUtilities.SafeInvoke: TestRun.TestRunStart: Invoking callbacks was skipped because there are no subscribers.
TpTrace Verbose: 0 : 14844, 4, 2023/04/14, 10:03:17.245, 2621491578331, vstest.console.dll, MulticastDelegateUtilities.SafeInvoke: InternalTestLoggerEvents.SendTestRunStart: Invoking callback 1/1 for Microsoft.VisualStudio.TestPlatform.CommandLine.Internal.ConsoleLogger., took 0 ms.
TpTrace Verbose: 0 : 14844, 1, 2023/04/14, 10:03:17.246, 2621491588073, vstest.console.dll, ParallelProxyExecutionManager: Start execution. Total sources: 1
TpTrace Verbose: 0 : 14844, 1, 2023/04/14, 10:03:17.247, 2621491601075, vstest.console.dll, TestRequestSender is acting as server.
TpTrace Verbose: 0 : 14844, 1, 2023/04/14, 10:03:17.248, 2621491610451, vstest.console.dll, DataCollectionRequestSender.InitializeCommunication : Initialize communication. 
TpTrace Information: 0 : 14844, 1, 2023/04/14, 10:03:17.257, 2621491703302, vstest.console.dll, Listening on Endpoint : 127.0.0.1:58628
TpTrace Verbose: 0 : 14844, 1, 2023/04/14, 10:03:17.266, 2621491788304, vstest.console.dll, DotnetDataCollectionLauncher: Adding  --runtimeconfig "C:\Program Files\dotnet\sdk\7.0.103\datacollector.runtimeconfig.json" in args
TpTrace Verbose: 0 : 14844, 1, 2023/04/14, 10:03:17.266, 2621491789412, vstest.console.dll, DotnetDataCollectionLauncher: Adding  --depsfile "C:\Program Files\dotnet\sdk\7.0.103\datacollector.deps.json" in args
TpTrace Verbose: 0 : 14844, 1, 2023/04/14, 10:03:17.266, 2621491790271, vstest.console.dll, DotnetDataCollectionLauncher: Full path of dotnet.exe is C:\Program Files\dotnet\dotnet.exe
TpTrace Information: 0 : 14844, 1, 2023/04/14, 10:03:17.558, 2621494707583, vstest.console.dll, ProxyDataCollectionManager.Initialize: Launched datacollector processId: 25660 port: 58628
TpTrace Information: 0 : 14844, 1, 2023/04/14, 10:03:17.558, 2621494709002, vstest.console.dll, ProxyDataCollectionManager.Initialize: waiting for connection with timeout: 90 seconds
TpTrace Verbose: 0 : 14844, 1, 2023/04/14, 10:03:17.558, 2621494709316, vstest.console.dll, DataCollectionRequestSender.WaitForRequestHandlerConnection : Waiting for connection with timeout: 90000
TpTrace Information: 0 : 14844, 7, 2023/04/14, 10:03:17.906, 2621498189645, vstest.console.dll, Using the buffer size of 16384 bytes
TpTrace Information: 0 : 14844, 7, 2023/04/14, 10:03:17.906, 2621498190498, vstest.console.dll, Accepted Client request and set the flag
TpTrace Verbose: 0 : 14844, 1, 2023/04/14, 10:03:17.906, 2621498190628, vstest.console.dll, SocketCommunicationManager.WaitForClientConnection took: 348 ms, with 90000 ms timeout, and finished with True.
TpTrace Verbose: 0 : 14844, 1, 2023/04/14, 10:03:17.906, 2621498192282, vstest.console.dll, ProxyDataCollectionManager.InvokeDataCollectionServiceAction: Starting.
TpTrace Information: 0 : 14844, 1, 2023/04/14, 10:03:17.906, 2621498192855, vstest.console.dll, ProxyDataCollectionManager.BeforeTestRunStart: Get environment variable and port for datacollector processId: 25660 port: 58628
TpTrace Verbose: 0 : 14844, 1, 2023/04/14, 10:03:17.906, 2621498193558, vstest.console.dll, DataCollectionRequestSender.SendBeforeTestRunStartAndGetResult: Send BeforeTestRunStart message with settingsXml <RunSettings><RunConfiguration><ResultsDirectory>C:\Users\sevval.colak\source\repos\BookStore\BookStore.UnitTest\bin\Debug\net6.0\fine-code-coverage\coverage-tool-output</ResultsDirectory><TargetPlatform>X64</TargetPlatform><TargetFrameworkVersion>.NETCoreApp,Version=v6.0</TargetFrameworkVersion><DesignMode>False</DesignMode><CollectSourceInformation>False</CollectSourceInformation><TestAdaptersPaths>C:\Program Files\dotnet\sdk\7.0.103\Extensions</TestAdaptersPaths></RunConfiguration><LoggerRunSettings><Loggers><Logger friendlyName="blame" enabled="True" /><Logger friendlyName="Console" uri="logger://microsoft/TestPlatform/ConsoleLogger/v1" assemblyQualifiedName="Microsoft.VisualStudio.TestPlatform.CommandLine.Internal.ConsoleLogger, vstest.console, Version=15.0.0.0, Culture=neutral, PublicKeyToken=b03f5f7f11d50a3a" codeBase="C:\Program Files\dotnet\sdk\7.0.103\vstest.console.dll" enabled="True" /></Loggers></LoggerRunSettings><DataCollectionRunSettings><DataCollectors><DataCollector friendlyName="blame" enabled="True"><Configuration><ResultsDirectory>C:\Users\sevval.colak\source\repos\BookStore\BookStore.UnitTest\bin\Debug\net6.0\fine-code-coverage\coverage-tool-output</ResultsDirectory></Configuration></DataCollector></DataCollectors></DataCollectionRunSettings></RunSettings> and sources System.Collections.Generic.List`1[System.String]: 
TpTrace Verbose: 0 : 14844, 1, 2023/04/14, 10:03:18.178, 2621500908716, vstest.console.dll, DataCollectionRequestSender.SendBeforeTestRunStartAndGetResult: Received message: (DataCollection.SendMessage) -> {"MessageType":"DataCollection.SendMessage","Payload":{"FriendlyName":null,"Uri":null,"TestCaseId":"00000000-0000-0000-0000-000000000000","Message":"Logging DataCollector Diagnostics in file: C:\\Users\\sevval.colak\\source\\repos\\BookStore\\BookStore.UnitTest\\bin\\Debug\\net6.0\\fine-code-coverage\\coverage-tool-output\\diagnostics.datacollector.23-04-14_10-03-17_26609_1.log","Level":0}}
TpTrace Verbose: 0 : 14844, 1, 2023/04/14, 10:03:18.276, 2621501889475, vstest.console.dll, DataCollectionRequestSender.SendBeforeTestRunStartAndGetResult: Received message: (DataCollection.BeforeTestRunStartResult) -> {"MessageType":"DataCollection.BeforeTestRunStartResult","Payload":{"EnvironmentVariables":{},"DataCollectionEventsPort":58630}}
TpTrace Information: 0 : 14844, 1, 2023/04/14, 10:03:18.279, 2621501922601, vstest.console.dll, ProxyDataCollectionManager.BeforeTestRunStart: SendBeforeTestRunStartAndGetResult successful, env variable from datacollector:   and testhost port: 58630
TpTrace Information: 0 : 14844, 1, 2023/04/14, 10:03:18.279, 2621501923216, vstest.console.dll, ProxyDataCollectionManager.InvokeDataCollectionServiceAction: Completed.
TpTrace Verbose: 0 : 14844, 1, 2023/04/14, 10:03:18.279, 2621501924086, vstest.console.dll, ProxyParallelExecutionManager: No sources available for execution.
TpTrace Verbose: 0 : 14844, 7, 2023/04/14, 10:03:18.279, 2621501924320, vstest.console.dll, ParallelProxyExecutionManager: Execution started. Started clients: 1
TpTrace Information: 0 : 14844, 1, 2023/04/14, 10:03:18.279, 2621501924448, vstest.console.dll, TestRunRequest.ExecuteAsync: Started.
TpTrace Verbose: 0 : 14844, 1, 2023/04/14, 10:03:18.280, 2621501925572, vstest.console.dll, TestRunRequest.WaitForCompletion: Waiting with timeout -1.
TpTrace Verbose: 0 : 14844, 7, 2023/04/14, 10:03:18.280, 2621501926425, vstest.console.dll, TestRunRequest:SendTestRunMessage: Starting.
TpTrace Verbose: 0 : 14844, 7, 2023/04/14, 10:03:18.280, 2621501927465, vstest.console.dll, MulticastDelegateUtilities.SafeInvoke: TestRun.LogMessages: Invoking callback 1/1 for Microsoft.VisualStudio.TestPlatform.CommandLine.TestRunResultAggregator., took 0 ms.
TpTrace Information: 0 : 14844, 7, 2023/04/14, 10:03:18.280, 2621501927732, vstest.console.dll, TestRunRequest:SendTestRunMessage: Completed.
TpTrace Verbose: 0 : 14844, 4, 2023/04/14, 10:03:18.280, 2621501928698, vstest.console.dll, MulticastDelegateUtilities.SafeInvoke: InternalTestLoggerEvents.SendTestRunMessage: Invoking callback 1/1 for Microsoft.VisualStudio.TestPlatform.CommandLine.Internal.ConsoleLogger., took 0 ms.
TpTrace Verbose: 0 : 14844, 7, 2023/04/14, 10:03:18.280, 2621501928849, vstest.console.dll, ProxyExecutionManager: Test host is always Lazy initialize.
TpTrace Verbose: 0 : 14844, 7, 2023/04/14, 10:03:18.280, 2621501930363, vstest.console.dll, TestRequestSender.InitializeCommunication: initialize communication. 
TpTrace Information: 0 : 14844, 7, 2023/04/14, 10:03:18.280, 2621501934909, vstest.console.dll, SocketServer.Start: Listening on endpoint : 127.0.0.1:58631
TpTrace Verbose: 0 : 14844, 7, 2023/04/14, 10:03:18.281, 2621501939849, vstest.console.dll, DotnetTestHostmanager.GetTestHostProcessStartInfo: Platform environment 'X64' target architecture 'X64' framework '.NETCoreApp,Version=v6.0' OS 'Windows'
TpTrace Verbose: 0 : 14844, 7, 2023/04/14, 10:03:18.281, 2621501941919, vstest.console.dll, DotnetTestHostmanager: Adding  --runtimeconfig "C:\Users\sevval.colak\source\repos\BookStore\BookStore.UnitTest\bin\Debug\net6.0\fine-code-coverage\build-output\BookStore.UnitTest.runtimeconfig.json" in args
TpTrace Verbose: 0 : 14844, 7, 2023/04/14, 10:03:18.281, 2621501943797, vstest.console.dll, DotnetTestHostmanager: Adding  --depsfile "C:\Users\sevval.colak\source\repos\BookStore\BookStore.UnitTest\bin\Debug\net6.0\fine-code-coverage\build-output\BookStore.UnitTest.deps.json" in args
TpTrace Verbose: 0 : 14844, 7, 2023/04/14, 10:03:18.282, 2621501945562, vstest.console.dll, DotnetTestHostmanager.IsWinOnArm: Current PROCESSOR_ARCHITECTURE from environment variable 'AMD64'
TpTrace Verbose: 0 : 14844, 7, 2023/04/14, 10:03:18.282, 2621501945948, vstest.console.dll, DotnetTestHostmanager.IsWinOnArm: Is Windows on ARM 'False'
TpTrace Verbose: 0 : 14844, 7, 2023/04/14, 10:03:18.282, 2621501946591, vstest.console.dll, DotnetTestHostManager: testhost.exe found at path: C:\Users\sevval.colak\source\repos\BookStore\BookStore.UnitTest\bin\Debug\net6.0\fine-code-coverage\build-output\testhost.exe
TpTrace Verbose: 0 : 14844, 7, 2023/04/14, 10:03:18.282, 2621501946851, vstest.console.dll, DotnetTestHostmanager: Full path of host exe is C:\Users\sevval.colak\source\repos\BookStore\BookStore.UnitTest\bin\Debug\net6.0\fine-code-coverage\build-output\testhost.exe
TpTrace Verbose: 0 : 14844, 7, 2023/04/14, 10:03:18.282, 2621501947642, vstest.console.dll, DotnetTestHostmanager.LaunchTestHostAsync: Found 'VSTEST_WINAPPHOST_DOTNET_ROOT' in env variables, value 'C:\Program Files\dotnet', forwarding to 'DOTNET_ROOT'
TpTrace Verbose: 0 : 14844, 7, 2023/04/14, 10:03:18.282, 2621501948517, vstest.console.dll, DotnetTestHostManager: Starting process 'C:\Users\sevval.colak\source\repos\BookStore\BookStore.UnitTest\bin\Debug\net6.0\fine-code-coverage\build-output\testhost.exe' with command line ' --runtimeconfig "C:\Users\sevval.colak\source\repos\BookStore\BookStore.UnitTest\bin\Debug\net6.0\fine-code-coverage\build-output\BookStore.UnitTest.runtimeconfig.json" --depsfile "C:\Users\sevval.colak\source\repos\BookStore\BookStore.UnitTest\bin\Debug\net6.0\fine-code-coverage\build-output\BookStore.UnitTest.deps.json" --port 58631 --endpoint 127.0.0.1:058631 --role client --parentprocessid 14844 --diag "C:\Users\sevval.colak\source\repos\BookStore\BookStore.UnitTest\bin\Debug\net6.0\fine-code-coverage\coverage-tool-output\diagnostics.host.23-04-14_10-03-18_28122_7.log" --tracelevel 4 --datacollectionport 58630 --telemetryoptedin false'
TpTrace Verbose: 0 : 14844, 7, 2023/04/14, 10:03:18.622, 2621505349679, vstest.console.dll, MulticastDelegateUtilities.SafeInvoke: HostProviderEvents.OnHostLaunched: Invoking callback 1/2 for Microsoft.VisualStudio.TestPlatform.CrossPlatEngine.Client.ProxyExecutionManagerWithDataCollection., took 1 ms.
TpTrace Verbose: 0 : 14844, 7, 2023/04/14, 10:03:18.622, 2621505351426, vstest.console.dll, Test Runtime launched
TpTrace Verbose: 0 : 14844, 7, 2023/04/14, 10:03:18.622, 2621505351771, vstest.console.dll, MulticastDelegateUtilities.SafeInvoke: HostProviderEvents.OnHostLaunched: Invoking callback 2/2 for Microsoft.VisualStudio.TestPlatform.CrossPlatEngine.Client.ProxyOperationManager., took 0 ms.
TpTrace Verbose: 0 : 14844, 7, 2023/04/14, 10:03:18.622, 2621505352687, vstest.console.dll, TestRequestSender.WaitForRequestHandlerConnection: waiting for connection with timeout: 90000.
TpTrace Verbose: 0 : 14844, 7, 2023/04/14, 10:03:19.092, 2621510045570, vstest.console.dll, TestRequestSender.WaitForRequestHandlerConnection: waiting took 469 ms, with timeout 90000 ms, and result 0, which is success.
TpTrace Verbose: 0 : 14844, 12, 2023/04/14, 10:03:19.092, 2621510045618, vstest.console.dll, MulticastDelegateUtilities.SafeInvoke: SocketServer: ClientConnected: Invoking callback 1/1 for Microsoft.VisualStudio.TestPlatform.CommunicationUtilities.TestRequestSender., took 0 ms.
TpTrace Verbose: 0 : 14844, 12, 2023/04/14, 10:03:19.092, 2621510047982, vstest.console.dll, SocketServer.OnClientConnected: Client connected for endPoint: 127.0.0.1:58631, starting MessageLoopAsync:
TpTrace Verbose: 0 : 14844, 7, 2023/04/14, 10:03:19.092, 2621510052252, vstest.console.dll, TestRequestSender.CheckVersionWithTestHost: Sending check version message: {"MessageType":"ProtocolVersion","Payload":7}
TpTrace Verbose: 0 : 14844, 13, 2023/04/14, 10:03:19.092, 2621510053401, vstest.console.dll, TcpClientExtensions.MessageLoopAsync: Polling on remoteEndPoint: 127.0.0.1:58632 localEndPoint: 127.0.0.1:58631
TpTrace Verbose: 0 : 14844, 13, 2023/04/14, 10:03:19.243, 2621511562118, vstest.console.dll, TcpClientExtensions.MessageLoopAsync: NotifyDataAvailable remoteEndPoint: 127.0.0.1:58632 localEndPoint: 127.0.0.1:58631
TpTrace Verbose: 0 : 14844, 13, 2023/04/14, 10:03:19.243, 2621511563749, vstest.console.dll, TestRequestSender.CheckVersionWithTestHost: onMessageReceived received message: (ProtocolVersion) -> {"MessageType":"ProtocolVersion","Payload":7}
TpTrace Verbose: 0 : 14844, 13, 2023/04/14, 10:03:19.244, 2621511568851, vstest.console.dll, MulticastDelegateUtilities.SafeInvoke: LengthPrefixCommunicationChannel: MessageReceived: Invoking callback 1/1 for Microsoft.VisualStudio.TestPlatform.CommunicationUtilities.TestRequestSender+<>c__DisplayClass26_0., took 0 ms.
TpTrace Verbose: 0 : 14844, 13, 2023/04/14, 10:03:19.244, 2621511569578, vstest.console.dll, TcpClientExtensions.MessageLoopAsync: Polling on remoteEndPoint: 127.0.0.1:58632 localEndPoint: 127.0.0.1:58631
TpTrace Verbose: 0 : 14844, 7, 2023/04/14, 10:03:19.244, 2621511570668, vstest.console.dll, TestPluginCache.GetExtensionPaths: Filtered extension paths: 
TpTrace Verbose: 0 : 14844, 7, 2023/04/14, 10:03:19.244, 2621511571073, vstest.console.dll, TestPluginCache.GetExtensionPaths: Added default extension paths: C:\Program Files\dotnet\sdk\7.0.103\Extensions\Microsoft.Diagnostics.NETCore.Client.dll
C:\Program Files\dotnet\sdk\7.0.103\Extensions\Microsoft.TestPlatform.Extensions.BlameDataCollector.dll
C:\Program Files\dotnet\sdk\7.0.103\Extensions\Microsoft.TestPlatform.Extensions.EventLogCollector.dll
C:\Program Files\dotnet\sdk\7.0.103\Extensions\Microsoft.TestPlatform.TestHostRuntimeProvider.dll
C:\Program Files\dotnet\sdk\7.0.103\Extensions\Microsoft.VisualStudio.TestPlatform.Extensions.Html.TestLogger.dll
C:\Program Files\dotnet\sdk\7.0.103\Extensions\Microsoft.VisualStudio.TestPlatform.Extensions.Trx.TestLogger.dll
TpTrace Verbose: 0 : 14844, 7, 2023/04/14, 10:03:19.244, 2621511571238, vstest.console.dll, TestPluginCache.GetExtensionPaths: Added unfilterableExtensionPaths: 
TpTrace Verbose: 0 : 14844, 7, 2023/04/14, 10:03:19.247, 2621511599627, vstest.console.dll, TestRequestSender.InitializeExecution: Sending initialize execution with message: {"Version":7,"MessageType":"TestExecution.Initialize","Payload":["C:\\Users\\sevval.colak\\source\\repos\\BookStore\\BookStore.UnitTest\\bin\\Debug\\net6.0\\fine-code-coverage\\build-output\\NUnit3.TestAdapter.dll"]}
TpTrace Verbose: 0 : 14844, 13, 2023/04/14, 10:03:19.247, 2621511599898, vstest.console.dll, TcpClientExtensions.MessageLoopAsync: NotifyDataAvailable remoteEndPoint: 127.0.0.1:58632 localEndPoint: 127.0.0.1:58631
TpTrace Verbose: 0 : 14844, 13, 2023/04/14, 10:03:19.247, 2621511602941, vstest.console.dll, LengthPrefixCommunicationChannel.NotifyDataAvailable: New data are waiting to be received, but there is no subscriber to be notified. Not reading them from the stream.
TpTrace Verbose: 0 : 14844, 13, 2023/04/14, 10:03:19.247, 2621511604273, vstest.console.dll, TcpClientExtensions.MessageLoopAsync: Polling on remoteEndPoint: 127.0.0.1:58632 localEndPoint: 127.0.0.1:58631
TpTrace Verbose: 0 : 14844, 13, 2023/04/14, 10:03:19.247, 2621511604614, vstest.console.dll, TcpClientExtensions.MessageLoopAsync: NotifyDataAvailable remoteEndPoint: 127.0.0.1:58632 localEndPoint: 127.0.0.1:58631
TpTrace Warning: 0 : 14844, 7, 2023/04/14, 10:03:19.247, 2621511603534, vstest.console.dll, InferRunSettingsHelper.MakeRunsettingsCompatible: Removing the following settings: TargetPlatform from RunSettings file. To use those settings please move to latest version of Microsoft.NET.Test.Sdk
TpTrace Verbose: 0 : 14844, 13, 2023/04/14, 10:03:19.247, 2621511604779, vstest.console.dll, LengthPrefixCommunicationChannel.NotifyDataAvailable: New data are waiting to be received, but there is no subscriber to be notified. Not reading them from the stream.
TpTrace Verbose: 0 : 14844, 13, 2023/04/14, 10:03:19.248, 2621511607465, vstest.console.dll, TcpClientExtensions.MessageLoopAsync: Polling on remoteEndPoint: 127.0.0.1:58632 localEndPoint: 127.0.0.1:58631
TpTrace Verbose: 0 : 14844, 13, 2023/04/14, 10:03:19.248, 2621511608382, vstest.console.dll, TcpClientExtensions.MessageLoopAsync: NotifyDataAvailable remoteEndPoint: 127.0.0.1:58632 localEndPoint: 127.0.0.1:58631
TpTrace Verbose: 0 : 14844, 13, 2023/04/14, 10:03:19.248, 2621511613364, vstest.console.dll, TestRequestSender.OnExecutionMessageReceived: Received message: {"Version":7,"MessageType":"TestSession.Message","Payload":{"MessageLevel":0,"Message":"Logging TestHost Diagnostics in file: C:\\Users\\sevval.colak\\source\\repos\\BookStore\\BookStore.UnitTest\\bin\\Debug\\net6.0\\fine-code-coverage\\coverage-tool-output\\diagnostics.host.23-04-14_10-03-18_28122_7.log"}}
TpTrace Verbose: 0 : 14844, 13, 2023/04/14, 10:03:19.250, 2621511633852, vstest.console.dll, TestRunRequest:SendTestRunMessage: Starting.
TpTrace Verbose: 0 : 14844, 13, 2023/04/14, 10:03:19.251, 2621511635212, vstest.console.dll, MulticastDelegateUtilities.SafeInvoke: TestRun.LogMessages: Invoking callback 1/1 for Microsoft.VisualStudio.TestPlatform.CommandLine.TestRunResultAggregator., took 0 ms.
TpTrace Information: 0 : 14844, 13, 2023/04/14, 10:03:19.251, 2621511635446, vstest.console.dll, TestRunRequest:SendTestRunMessage: Completed.
TpTrace Verbose: 0 : 14844, 13, 2023/04/14, 10:03:19.251, 2621511635670, vstest.console.dll, MulticastDelegateUtilities.SafeInvoke: LengthPrefixCommunicationChannel: MessageReceived: Invoking callback 1/1 for Microsoft.VisualStudio.TestPlatform.CommunicationUtilities.TestRequestSender+<>c__DisplayClass31_0., took 2 ms.
TpTrace Verbose: 0 : 14844, 13, 2023/04/14, 10:03:19.251, 2621511635846, vstest.console.dll, TcpClientExtensions.MessageLoopAsync: Polling on remoteEndPoint: 127.0.0.1:58632 localEndPoint: 127.0.0.1:58631
TpTrace Verbose: 0 : 14844, 4, 2023/04/14, 10:03:19.251, 2621511636129, vstest.console.dll, MulticastDelegateUtilities.SafeInvoke: InternalTestLoggerEvents.SendTestRunMessage: Invoking callback 1/1 for Microsoft.VisualStudio.TestPlatform.CommandLine.Internal.ConsoleLogger., took 0 ms.
TpTrace Verbose: 0 : 14844, 7, 2023/04/14, 10:03:19.256, 2621511693691, vstest.console.dll, TestRequestSender.StartTestRun: Sending test run with message: {"Version":7,"MessageType":"TestExecution.StartWithSources","Payload":{"AdapterSourceMap":{"_none_":["C:\\Users\\sevval.colak\\source\\repos\\BookStore\\BookStore.UnitTest\\bin\\Debug\\net6.0\\fine-code-coverage\\build-output\\BookStore.UnitTest.dll"]},"RunSettings":"<RunSettings>\r\n  <RunConfiguration>\r\n    <ResultsDirectory>C:\\Users\\sevval.colak\\source\\repos\\BookStore\\BookStore.UnitTest\\bin\\Debug\\net6.0\\fine-code-coverage\\coverage-tool-output</ResultsDirectory>\r\n    <TargetFrameworkVersion>.NETCoreApp,Version=v6.0</TargetFrameworkVersion>\r\n    <DesignMode>False</DesignMode>\r\n    <CollectSourceInformation>False</CollectSourceInformation>\r\n  </RunConfiguration>\r\n  <LoggerRunSettings>\r\n    <Loggers>\r\n      <Logger friendlyName=\"blame\" enabled=\"True\" />\r\n      <Logger friendlyName=\"Console\" uri=\"logger://microsoft/TestPlatform/ConsoleLogger/v1\" assemblyQualifiedName=\"Microsoft.VisualStudio.TestPlatform.CommandLine.Internal.ConsoleLogger, vstest.console, Version=15.0.0.0, Culture=neutral, PublicKeyToken=b03f5f7f11d50a3a\" codeBase=\"C:\\Program Files\\dotnet\\sdk\\7.0.103\\vstest.console.dll\" enabled=\"True\" />\r\n    </Loggers>\r\n  </LoggerRunSettings>\r\n  <DataCollectionRunSettings>\r\n    <DataCollectors>\r\n      <DataCollector friendlyName=\"blame\" enabled=\"True\">\r\n        <Configuration>\r\n          <ResultsDirectory>C:\\Users\\sevval.colak\\source\\repos\\BookStore\\BookStore.UnitTest\\bin\\Debug\\net6.0\\fine-code-coverage\\coverage-tool-output</ResultsDirectory>\r\n        </Configuration>\r\n      </DataCollector>\r\n    </DataCollectors>\r\n  </DataCollectionRunSettings>\r\n</RunSettings>","TestExecutionContext":{"FrequencyOfRunStatsChangeEvent":10,"RunStatsChangeEventTimeout":"00:00:01.5000000","InIsolation":false,"KeepAlive":false,"AreTestCaseLevelEventsRequired":false,"IsDebug":false,"TestCaseFilter":null,"FilterOptions":null},"Package":null}}
TpTrace Verbose: 0 : 14844, 13, 2023/04/14, 10:03:19.426, 2621513385764, vstest.console.dll, TcpClientExtensions.MessageLoopAsync: NotifyDataAvailable remoteEndPoint: 127.0.0.1:58632 localEndPoint: 127.0.0.1:58631
TpTrace Verbose: 0 : 14844, 13, 2023/04/14, 10:03:19.426, 2621513388103, vstest.console.dll, TestRequestSender.OnExecutionMessageReceived: Received message: {"Version":7,"MessageType":"TestSession.Message","Payload":{"MessageLevel":0,"Message":"NUnit Adapter 4.2.0.0: Test execution started"}}
TpTrace Verbose: 0 : 14844, 13, 2023/04/14, 10:03:19.426, 2621513392205, vstest.console.dll, TestRunRequest:SendTestRunMessage: Starting.
TpTrace Verbose: 0 : 14844, 13, 2023/04/14, 10:03:19.426, 2621513393439, vstest.console.dll, MulticastDelegateUtilities.SafeInvoke: TestRun.LogMessages: Invoking callback 1/1 for Microsoft.VisualStudio.TestPlatform.CommandLine.TestRunResultAggregator., took 0 ms.
TpTrace Information: 0 : 14844, 13, 2023/04/14, 10:03:19.426, 2621513394071, vstest.console.dll, TestRunRequest:SendTestRunMessage: Completed.
TpTrace Verbose: 0 : 14844, 4, 2023/04/14, 10:03:19.426, 2621513394136, vstest.console.dll, MulticastDelegateUtilities.SafeInvoke: InternalTestLoggerEvents.SendTestRunMessage: Invoking callback 1/1 for Microsoft.VisualStudio.TestPlatform.CommandLine.Internal.ConsoleLogger., took 0 ms.
TpTrace Verbose: 0 : 14844, 13, 2023/04/14, 10:03:19.426, 2621513394807, vstest.console.dll, MulticastDelegateUtilities.SafeInvoke: LengthPrefixCommunicationChannel: MessageReceived: Invoking callback 1/1 for Microsoft.VisualStudio.TestPlatform.CommunicationUtilities.TestRequestSender+<>c__DisplayClass31_0., took 0 ms.
TpTrace Verbose: 0 : 14844, 13, 2023/04/14, 10:03:19.427, 2621513396870, vstest.console.dll, TcpClientExtensions.MessageLoopAsync: Polling on remoteEndPoint: 127.0.0.1:58632 localEndPoint: 127.0.0.1:58631
TpTrace Verbose: 0 : 14844, 13, 2023/04/14, 10:03:19.461, 2621513739935, vstest.console.dll, TcpClientExtensions.MessageLoopAsync: NotifyDataAvailable remoteEndPoint: 127.0.0.1:58632 localEndPoint: 127.0.0.1:58631
TpTrace Verbose: 0 : 14844, 13, 2023/04/14, 10:03:19.461, 2621513742259, vstest.console.dll, TestRequestSender.OnExecutionMessageReceived: Received message: {"Version":7,"MessageType":"TestSession.Message","Payload":{"MessageLevel":0,"Message":"Running all tests in C:\\Users\\sevval.colak\\source\\repos\\BookStore\\BookStore.UnitTest\\bin\\Debug\\net6.0\\fine-code-coverage\\build-output\\BookStore.UnitTest.dll"}}
TpTrace Verbose: 0 : 14844, 13, 2023/04/14, 10:03:19.461, 2621513744396, vstest.console.dll, TestRunRequest:SendTestRunMessage: Starting.
TpTrace Verbose: 0 : 14844, 13, 2023/04/14, 10:03:19.462, 2621513745690, vstest.console.dll, MulticastDelegateUtilities.SafeInvoke: TestRun.LogMessages: Invoking callback 1/1 for Microsoft.VisualStudio.TestPlatform.CommandLine.TestRunResultAggregator., took 0 ms.
TpTrace Verbose: 0 : 14844, 4, 2023/04/14, 10:03:19.462, 2621513746024, vstest.console.dll, MulticastDelegateUtilities.SafeInvoke: InternalTestLoggerEvents.SendTestRunMessage: Invoking callback 1/1 for Microsoft.VisualStudio.TestPlatform.CommandLine.Internal.ConsoleLogger., took 0 ms.
TpTrace Information: 0 : 14844, 13, 2023/04/14, 10:03:19.462, 2621513747573, vstest.console.dll, TestRunRequest:SendTestRunMessage: Completed.
TpTrace Verbose: 0 : 14844, 13, 2023/04/14, 10:03:19.462, 2621513748678, vstest.console.dll, MulticastDelegateUtilities.SafeInvoke: LengthPrefixCommunicationChannel: MessageReceived: Invoking callback 1/1 for Microsoft.VisualStudio.TestPlatform.CommunicationUtilities.TestRequestSender+<>c__DisplayClass31_0., took 0 ms.
TpTrace Verbose: 0 : 14844, 13, 2023/04/14, 10:03:19.462, 2621513749480, vstest.console.dll, TcpClientExtensions.MessageLoopAsync: Polling on remoteEndPoint: 127.0.0.1:58632 localEndPoint: 127.0.0.1:58631
TpTrace Verbose: 0 : 14844, 13, 2023/04/14, 10:03:19.626, 2621515391860, vstest.console.dll, TcpClientExtensions.MessageLoopAsync: NotifyDataAvailable remoteEndPoint: 127.0.0.1:58632 localEndPoint: 127.0.0.1:58631
TpTrace Verbose: 0 : 14844, 13, 2023/04/14, 10:03:19.626, 2621515393324, vstest.console.dll, TestRequestSender.OnExecutionMessageReceived: Received message: {"Version":7,"MessageType":"TestSession.Message","Payload":{"MessageLevel":0,"Message":"   NUnit3TestExecutor discovered 56 of 56 NUnit test cases using Current Discovery mode, Non-Explicit run"}}
TpTrace Verbose: 0 : 14844, 13, 2023/04/14, 10:03:19.626, 2621515394210, vstest.console.dll, TestRunRequest:SendTestRunMessage: Starting.
TpTrace Verbose: 0 : 14844, 13, 2023/04/14, 10:03:19.626, 2621515394518, vstest.console.dll, MulticastDelegateUtilities.SafeInvoke: TestRun.LogMessages: Invoking callback 1/1 for Microsoft.VisualStudio.TestPlatform.CommandLine.TestRunResultAggregator., took 0 ms.
TpTrace Information: 0 : 14844, 13, 2023/04/14, 10:03:19.626, 2621515394675, vstest.console.dll, TestRunRequest:SendTestRunMessage: Completed.
TpTrace Verbose: 0 : 14844, 13, 2023/04/14, 10:03:19.626, 2621515394796, vstest.console.dll, MulticastDelegateUtilities.SafeInvoke: LengthPrefixCommunicationChannel: MessageReceived: Invoking callback 1/1 for Microsoft.VisualStudio.TestPlatform.CommunicationUtilities.TestRequestSender+<>c__DisplayClass31_0., took 0 ms.
TpTrace Verbose: 0 : 14844, 13, 2023/04/14, 10:03:19.626, 2621515394958, vstest.console.dll, TcpClientExtensions.MessageLoopAsync: Polling on remoteEndPoint: 127.0.0.1:58632 localEndPoint: 127.0.0.1:58631
TpTrace Verbose: 0 : 14844, 4, 2023/04/14, 10:03:19.627, 2621515395348, vstest.console.dll, MulticastDelegateUtilities.SafeInvoke: InternalTestLoggerEvents.SendTestRunMessage: Invoking callback 1/1 for Microsoft.VisualStudio.TestPlatform.CommandLine.Internal.ConsoleLogger., took 0 ms.
TpTrace Verbose: 0 : 14844, 13, 2023/04/14, 10:03:19.942, 2621518548010, vstest.console.dll, TcpClientExtensions.MessageLoopAsync: NotifyDataAvailable remoteEndPoint: 127.0.0.1:58632 localEndPoint: 127.0.0.1:58631
TpTrace Verbose: 0 : 14844, 13, 2023/04/14, 10:03:19.943, 2621518555999, vstest.console.dll, TestRequestSender.OnExecutionMessageReceived: Received message: {"Version":7,"MessageType":"TestExecution.StatsChange","Payload":{"NewTestResults":[{"TestCase":{"Id":"0504d8a4-27cb-becb-be52-9a62d7567ae9","FullyQualifiedName":"BookStore.UnitTest.BookStoreAuthorControllerTests.Create_Author_Returns_BadRequest","DisplayName":"Create_Author_Returns_BadRequest","ExecutorUri":"executor://NUnit3TestExecutor","Source":"C:\\Users\\sevval.colak\\source\\repos\\BookStore\\BookStore.UnitTest\\bin\\Debug\\net6.0\\fine-code-coverage\\build-output\\BookStore.UnitTest.dll","CodeFilePath":null,"LineNumber":0,"Properties":[{"Key":{"Id":"NUnit.Seed","Label":"Seed","Category":"","Description":"","Attributes":0,"ValueType":"System.String"},"Value":"1330812618"}]},"Attachments":[],"Outcome":1,"ErrorMessage":null,"ErrorStackTrace":null,"DisplayName":"Create_Author_Returns_BadRequest","Messages":[],"ComputerName":"NB7RG99S3","Duration":"00:00:00.1114910","StartTime":"2023-04-14T07:03:19.7574704+00:00","EndTime":"2023-04-14T07:03:19.86892+00:00","Properties":[{"Key":{"Id":"NUnit.Seed","Label":"Seed","Category":"","Description":"","Attributes":0,"ValueType":"System.String"},"Value":"1330812618"}]},{"TestCase":{"Id":"4ce0de39-37ed-80db-0926-d46801a35b2b","FullyQualifiedName":"BookStore.UnitTest.BookStoreAuthorControllerTests.Create_Author_Returns_Ok","DisplayName":"Create_Author_Returns_Ok","ExecutorUri":"executor://NUnit3TestExecutor","Source":"C:\\Users\\sevval.colak\\source\\repos\\BookStore\\BookStore.UnitTest\\bin\\Debug\\net6.0\\fine-code-coverage\\build-output\\BookStore.UnitTest.dll","CodeFilePath":null,"LineNumber":0,"Properties":[{"Key":{"Id":"NUnit.Seed","Label":"Seed","Category":"","Description":"","Attributes":0,"ValueType":"System.String"},"Value":"1188815657"}]},"Attachments":[],"Outcome":1,"ErrorMessage":null,"ErrorStackTrace":null,"DisplayName":"Create_Author_Returns_Ok","Messages":[],"ComputerName":"NB7RG99S3","Duration":"00:00:00.0192320","StartTime":"2023-04-14T07:03:19.8698018+00:00","EndTime":"2023-04-14T07:03:19.8890339+00:00","Properties":[{"Key":{"Id":"NUnit.Seed","Label":"Seed","Category":"","Description":"","Attributes":0,"ValueType":"System.String"},"Value":"1188815657"}]},{"TestCase":{"Id":"44c69ce1-6f2f-8632-f6be-c8ac14766bde","FullyQualifiedName":"BookStore.UnitTest.BookStoreAuthorControllerTests.Delete_Author_Return_BadRequest_Author_Does_Not_Exist","DisplayName":"Delete_Author_Return_BadRequest_Author_Does_Not_Exist","ExecutorUri":"executor://NUnit3TestExecutor","Source":"C:\\Users\\sevval.colak\\source\\repos\\BookStore\\BookStore.UnitTest\\bin\\Debug\\net6.0\\fine-code-coverage\\build-output\\BookStore.UnitTest.dll","CodeFilePath":null,"LineNumber":0,"Properties":[{"Key":{"Id":"NUnit.Seed","Label":"Seed","Category":"","Description":"","Attributes":0,"ValueType":"System.String"},"Value":"1726187712"}]},"Attachments":[],"Outcome":1,"ErrorMessage":null,"ErrorStackTrace":null,"DisplayName":"Delete_Author_Return_BadRequest_Author_Does_Not_Exist","Messages":[],"ComputerName":"NB7RG99S3","Duration":"00:00:00.0072360","StartTime":"2023-04-14T07:03:19.8890681+00:00","EndTime":"2023-04-14T07:03:19.8963035+00:00","Properties":[{"Key":{"Id":"NUnit.Seed","Label":"Seed","Category":"","Description":"","Attributes":0,"ValueType":"System.String"},"Value":"1726187712"}]},{"TestCase":{"Id":"c5692014-54a3-5014-ff98-c33094ce2c28","FullyQualifiedName":"BookStore.UnitTest.BookStoreAuthorControllerTests.Delete_Author_Return_Ok","DisplayName":"Delete_Author_Return_Ok","ExecutorUri":"executor://NUnit3TestExecutor","Source":"C:\\Users\\sevval.colak\\source\\repos\\BookStore\\BookStore.UnitTest\\bin\\Debug\\net6.0\\fine-code-coverage\\build-output\\BookStore.UnitTest.dll","CodeFilePath":null,"LineNumber":0,"Properties":[{"Key":{"Id":"NUnit.Seed","Label":"Seed","Category":"","Description":"","Attributes":0,"ValueType":"System.String"},"Value":"1417780266"}]},"Attachments":[],"Outcome":1,"ErrorMessage":null,"ErrorStackTrace":null,"DisplayName":"Delete_Author_Return_Ok","Messages":[],"ComputerName":"NB7RG99S3","Duration":"00:00:00.0015440","StartTime":"2023-04-14T07:03:19.8963253+00:00","EndTime":"2023-04-14T07:03:19.8978687+00:00","Properties":[{"Key":{"Id":"NUnit.Seed","Label":"Seed","Category":"","Description":"","Attributes":0,"ValueType":"System.String"},"Value":"1417780266"}]},{"TestCase":{"Id":"d98fa258-c741-6185-ed74-dfdcb2b4481c","FullyQualifiedName":"BookStore.UnitTest.BookStoreAuthorControllerTests.GetAuthor_Returns_NotFound","DisplayName":"GetAuthor_Returns_NotFound","ExecutorUri":"executor://NUnit3TestExecutor","Source":"C:\\Users\\sevval.colak\\source\\repos\\BookStore\\BookStore.UnitTest\\bin\\Debug\\net6.0\\fine-code-coverage\\build-output\\BookStore.UnitTest.dll","CodeFilePath":null,"LineNumber":0,"Properties":[{"Key":{"Id":"NUnit.Seed","Label":"Seed","Category":"","Description":"","Attributes":0,"ValueType":"System.String"},"Value":"682005095"}]},"Attachments":[],"Outcome":1,"ErrorMessage":null,"ErrorStackTrace":null,"DisplayName":"GetAuthor_Returns_NotFound","Messages":[],"ComputerName":"NB7RG99S3","Duration":"00:00:00.0035440","StartTime":"2023-04-14T07:03:19.8978813+00:00","EndTime":"2023-04-14T07:03:19.9014253+00:00","Properties":[{"Key":{"Id":"NUnit.Seed","Label":"Seed","Category":"","Description":"","Attributes":0,"ValueType":"System.String"},"Value":"682005095"}]},{"TestCase":{"Id":"122ddba2-2211-c69e-533e-7510b036669f","FullyQualifiedName":"BookStore.UnitTest.BookStoreAuthorControllerTests.GetAuthor_Returns_Ok","DisplayName":"GetAuthor_Returns_Ok","ExecutorUri":"executor://NUnit3TestExecutor","Source":"C:\\Users\\sevval.colak\\source\\repos\\BookStore\\BookStore.UnitTest\\bin\\Debug\\net6.0\\fine-code-coverage\\build-output\\BookStore.UnitTest.dll","CodeFilePath":null,"LineNumber":0,"Properties":[{"Key":{"Id":"NUnit.Seed","Label":"Seed","Category":"","Description":"","Attributes":0,"ValueType":"System.String"},"Value":"1560794053"}]},"Attachments":[],"Outcome":1,"ErrorMessage":null,"ErrorStackTrace":null,"DisplayName":"GetAuthor_Returns_Ok","Messages":[],"ComputerName":"NB7RG99S3","Duration":"00:00:00.0014390","StartTime":"2023-04-14T07:03:19.9014396+00:00","EndTime":"2023-04-14T07:03:19.9028787+00:00","Properties":[{"Key":{"Id":"NUnit.Seed","Label":"Seed","Category":"","Description":"","Attributes":0,"ValueType":"System.String"},"Value":"1560794053"}]},{"TestCase":{"Id":"046f135b-6d81-169a-9f7e-23bcc9d98c28","FullyQualifiedName":"BookStore.UnitTest.BookStoreAuthorControllerTests.GetAuthors_Returns_NotFound","DisplayName":"GetAuthors_Returns_NotFound","ExecutorUri":"executor://NUnit3TestExecutor","Source":"C:\\Users\\sevval.colak\\source\\repos\\BookStore\\BookStore.UnitTest\\bin\\Debug\\net6.0\\fine-code-coverage\\build-output\\BookStore.UnitTest.dll","CodeFilePath":null,"LineNumber":0,"Properties":[{"Key":{"Id":"NUnit.Seed","Label":"Seed","Category":"","Description":"","Attributes":0,"ValueType":"System.String"},"Value":"1703021308"}]},"Attachments":[],"Outcome":1,"ErrorMessage":null,"ErrorStackTrace":null,"DisplayName":"GetAuthors_Returns_NotFound","Messages":[],"ComputerName":"NB7RG99S3","Duration":"00:00:00.0107450","StartTime":"2023-04-14T07:03:19.9028905+00:00","EndTime":"2023-04-14T07:03:19.913635+00:00","Properties":[{"Key":{"Id":"NUnit.Seed","Label":"Seed","Category":"","Description":"","Attributes":0,"ValueType":"System.String"},"Value":"1703021308"}]},{"TestCase":{"Id":"237e2fbc-faf0-db2e-be4a-9e7e7c328d5f","FullyQualifiedName":"BookStore.UnitTest.BookStoreAuthorControllerTests.GetAuthors_Returns_Ok","DisplayName":"GetAuthors_Returns_Ok","ExecutorUri":"executor://NUnit3TestExecutor","Source":"C:\\Users\\sevval.colak\\source\\repos\\BookStore\\BookStore.UnitTest\\bin\\Debug\\net6.0\\fine-code-coverage\\build-output\\BookStore.UnitTest.dll","CodeFilePath":null,"LineNumber":0,"Properties":[{"Key":{"Id":"NUnit.Seed","Label":"Seed","Category":"","Description":"","Attributes":0,"ValueType":"System.String"},"Value":"1687991425"}]},"Attachments":[],"Outcome":1,"ErrorMessage":null,"ErrorStackTrace":null,"DisplayName":"GetAuthors_Returns_Ok","Messages":[],"ComputerName":"NB7RG99S3","Duration":"00:00:00.0019180","StartTime":"2023-04-14T07:03:19.913659+00:00","EndTime":"2023-04-14T07:03:19.915577+00:00","Properties":[{"Key":{"Id":"NUnit.Seed","Label":"Seed","Category":"","Description":"","Attributes":0,"ValueType":"System.String"},"Value":"1687991425"}]},{"TestCase":{"Id":"e28d274d-57b2-ce2a-b50f-0370d294bff6","FullyQualifiedName":"BookStore.UnitTest.BookStoreAuthorControllerTests.Update_Author_Returns_BadRequest_ID_Not_Match","DisplayName":"Update_Author_Returns_BadRequest_ID_Not_Match","ExecutorUri":"executor://NUnit3TestExecutor","Source":"C:\\Users\\sevval.colak\\source\\repos\\BookStore\\BookStore.UnitTest\\bin\\Debug\\net6.0\\fine-code-coverage\\build-output\\BookStore.UnitTest.dll","CodeFilePath":null,"LineNumber":0,"Properties":[{"Key":{"Id":"NUnit.Seed","Label":"Seed","Category":"","Description":"","Attributes":0,"ValueType":"System.String"},"Value":"1059065777"}]},"Attachments":[],"Outcome":1,"ErrorMessage":null,"ErrorStackTrace":null,"DisplayName":"Update_Author_Returns_BadRequest_ID_Not_Match","Messages":[],"ComputerName":"NB7RG99S3","Duration":"00:00:00.0014499","StartTime":"2023-04-14T07:03:19.9155885+00:00","EndTime":"2023-04-14T07:03:19.9170387+00:00","Properties":[{"Key":{"Id":"NUnit.Seed","Label":"Seed","Category":"","Description":"","Attributes":0,"ValueType":"System.String"},"Value":"1059065777"}]}],"TestRunStatistics":{"ExecutedTests":9,"Stats":{"Passed":9}},"ActiveTests":[{"Id":"84e42df4-8aed-ef7e-97e5-b8b74d71e25e","FullyQualifiedName":"BookStore.UnitTest.BookStoreAuthorControllerTests.Update_Author_Returns_Ok","DisplayName":"Update_Author_Returns_Ok","ExecutorUri":"executor://NUnit3TestExecutor","Source":"C:\\Users\\sevval.colak\\source\\repos\\BookStore\\BookStore.UnitTest\\bin\\Debug\\net6.0\\fine-code-coverage\\build-output\\BookStore.UnitTest.dll","CodeFilePath":null,"LineNumber":0,"Properties":[{"Key":{"Id":"NUnit.Seed","Label":"Seed","Category":"","Description":"","Attributes":0,"ValueType":"System.String"},"Value":"1782756115"}]}]}}
TpTrace Verbose: 0 : 14844, 13, 2023/04/14, 10:03:19.959, 2621518723101, vstest.console.dll, TestRunRequest:SendTestRunStatsChange: Starting.
TpTrace Verbose: 0 : 14844, 13, 2023/04/14, 10:03:19.959, 2621518724471, vstest.console.dll, InProgress is Update_Author_Returns_Ok
TpTrace Verbose: 0 : 14844, 13, 2023/04/14, 10:03:19.960, 2621518726010, vstest.console.dll, MulticastDelegateUtilities.SafeInvoke: TestRun.RunStatsChanged: Invoking callbacks was skipped because there are no subscribers.
TpTrace Information: 0 : 14844, 13, 2023/04/14, 10:03:19.960, 2621518726227, vstest.console.dll, TestRunRequest:SendTestRunStatsChange: Completed.
TpTrace Verbose: 0 : 14844, 13, 2023/04/14, 10:03:19.960, 2621518726384, vstest.console.dll, MulticastDelegateUtilities.SafeInvoke: LengthPrefixCommunicationChannel: MessageReceived: Invoking callback 1/1 for Microsoft.VisualStudio.TestPlatform.CommunicationUtilities.TestRequestSender+<>c__DisplayClass31_0., took 17 ms.
TpTrace Verbose: 0 : 14844, 13, 2023/04/14, 10:03:19.960, 2621518726543, vstest.console.dll, TcpClientExtensions.MessageLoopAsync: Polling on remoteEndPoint: 127.0.0.1:58632 localEndPoint: 127.0.0.1:58631
TpTrace Verbose: 0 : 14844, 4, 2023/04/14, 10:03:19.962, 2621518745647, vstest.console.dll, MulticastDelegateUtilities.SafeInvoke: InternalTestLoggerEvents.SendTestResult: Invoking callback 1/1 for Microsoft.VisualStudio.TestPlatform.CommandLine.Internal.ConsoleLogger., took 1 ms.
TpTrace Verbose: 0 : 14844, 4, 2023/04/14, 10:03:19.962, 2621518747694, vstest.console.dll, MulticastDelegateUtilities.SafeInvoke: InternalTestLoggerEvents.SendTestResult: Invoking callback 1/1 for Microsoft.VisualStudio.TestPlatform.CommandLine.Internal.ConsoleLogger., took 0 ms.
TpTrace Verbose: 0 : 14844, 4, 2023/04/14, 10:03:19.962, 2621518748102, vstest.console.dll, MulticastDelegateUtilities.SafeInvoke: InternalTestLoggerEvents.SendTestResult: Invoking callback 1/1 for Microsoft.VisualStudio.TestPlatform.CommandLine.Internal.ConsoleLogger., took 0 ms.
TpTrace Verbose: 0 : 14844, 4, 2023/04/14, 10:03:19.962, 2621518748262, vstest.console.dll, MulticastDelegateUtilities.SafeInvoke: InternalTestLoggerEvents.SendTestResult: Invoking callback 1/1 for Microsoft.VisualStudio.TestPlatform.CommandLine.Internal.ConsoleLogger., took 0 ms.
TpTrace Verbose: 0 : 14844, 4, 2023/04/14, 10:03:19.962, 2621518748447, vstest.console.dll, MulticastDelegateUtilities.SafeInvoke: InternalTestLoggerEvents.SendTestResult: Invoking callback 1/1 for Microsoft.VisualStudio.TestPlatform.CommandLine.Internal.ConsoleLogger., took 0 ms.
TpTrace Verbose: 0 : 14844, 4, 2023/04/14, 10:03:19.962, 2621518748605, vstest.console.dll, MulticastDelegateUtilities.SafeInvoke: InternalTestLoggerEvents.SendTestResult: Invoking callback 1/1 for Microsoft.VisualStudio.TestPlatform.CommandLine.Internal.ConsoleLogger., took 0 ms.
TpTrace Verbose: 0 : 14844, 4, 2023/04/14, 10:03:19.962, 2621518748744, vstest.console.dll, MulticastDelegateUtilities.SafeInvoke: InternalTestLoggerEvents.SendTestResult: Invoking callback 1/1 for Microsoft.VisualStudio.TestPlatform.CommandLine.Internal.ConsoleLogger., took 0 ms.
TpTrace Verbose: 0 : 14844, 4, 2023/04/14, 10:03:19.962, 2621518748936, vstest.console.dll, MulticastDelegateUtilities.SafeInvoke: InternalTestLoggerEvents.SendTestResult: Invoking callback 1/1 for Microsoft.VisualStudio.TestPlatform.CommandLine.Internal.ConsoleLogger., took 0 ms.
TpTrace Verbose: 0 : 14844, 4, 2023/04/14, 10:03:19.962, 2621518749099, vstest.console.dll, MulticastDelegateUtilities.SafeInvoke: InternalTestLoggerEvents.SendTestResult: Invoking callback 1/1 for Microsoft.VisualStudio.TestPlatform.CommandLine.Internal.ConsoleLogger., took 0 ms.
TpTrace Verbose: 0 : 14844, 13, 2023/04/14, 10:03:19.977, 2621518900204, vstest.console.dll, TcpClientExtensions.MessageLoopAsync: NotifyDataAvailable remoteEndPoint: 127.0.0.1:58632 localEndPoint: 127.0.0.1:58631
TpTrace Verbose: 0 : 14844, 13, 2023/04/14, 10:03:19.978, 2621518906942, vstest.console.dll, TestRequestSender.OnExecutionMessageReceived: Received message: {"Version":7,"MessageType":"TestExecution.StatsChange","Payload":{"NewTestResults":[{"TestCase":{"Id":"84e42df4-8aed-ef7e-97e5-b8b74d71e25e","FullyQualifiedName":"BookStore.UnitTest.BookStoreAuthorControllerTests.Update_Author_Returns_Ok","DisplayName":"Update_Author_Returns_Ok","ExecutorUri":"executor://NUnit3TestExecutor","Source":"C:\\Users\\sevval.colak\\source\\repos\\BookStore\\BookStore.UnitTest\\bin\\Debug\\net6.0\\fine-code-coverage\\build-output\\BookStore.UnitTest.dll","CodeFilePath":null,"LineNumber":0,"Properties":[{"Key":{"Id":"NUnit.Seed","Label":"Seed","Category":"","Description":"","Attributes":0,"ValueType":"System.String"},"Value":"1782756115"}]},"Attachments":[],"Outcome":1,"ErrorMessage":null,"ErrorStackTrace":null,"DisplayName":"Update_Author_Returns_Ok","Messages":[],"ComputerName":"NB7RG99S3","Duration":"00:00:00.0043040","StartTime":"2023-04-14T07:03:19.9170498+00:00","EndTime":"2023-04-14T07:03:19.9213532+00:00","Properties":[{"Key":{"Id":"NUnit.Seed","Label":"Seed","Category":"","Description":"","Attributes":0,"ValueType":"System.String"},"Value":"1782756115"}]},{"TestCase":{"Id":"547f1995-8c03-3cce-45e8-c2e19b02e49a","FullyQualifiedName":"BookStore.UnitTest.BookStoreAuthorHandlerTests.AuthorHandler_CreateAuthor_Successfully","DisplayName":"AuthorHandler_CreateAuthor_Successfully","ExecutorUri":"executor://NUnit3TestExecutor","Source":"C:\\Users\\sevval.colak\\source\\repos\\BookStore\\BookStore.UnitTest\\bin\\Debug\\net6.0\\fine-code-coverage\\build-output\\BookStore.UnitTest.dll","CodeFilePath":null,"LineNumber":0,"Properties":[{"Key":{"Id":"NUnit.Seed","Label":"Seed","Category":"","Description":"","Attributes":0,"ValueType":"System.String"},"Value":"313400690"}]},"Attachments":[],"Outcome":1,"ErrorMessage":null,"ErrorStackTrace":null,"DisplayName":"AuthorHandler_CreateAuthor_Successfully","Messages":[],"ComputerName":"NB7RG99S3","Duration":"00:00:00.0036470","StartTime":"2023-04-14T07:03:19.9233613+00:00","EndTime":"2023-04-14T07:03:19.9270082+00:00","Properties":[{"Key":{"Id":"NUnit.Seed","Label":"Seed","Category":"","Description":"","Attributes":0,"ValueType":"System.String"},"Value":"313400690"}]},{"TestCase":{"Id":"54eb2512-f64c-7687-cda2-76cc34c417a4","FullyQualifiedName":"BookStore.UnitTest.BookStoreAuthorHandlerTests.AuthorHandler_DeleteAuthor_Author_Does_Not_Exist","DisplayName":"AuthorHandler_DeleteAuthor_Author_Does_Not_Exist","ExecutorUri":"executor://NUnit3TestExecutor","Source":"C:\\Users\\sevval.colak\\source\\repos\\BookStore\\BookStore.UnitTest\\bin\\Debug\\net6.0\\fine-code-coverage\\build-output\\BookStore.UnitTest.dll","CodeFilePath":null,"LineNumber":0,"Properties":[{"Key":{"Id":"NUnit.Seed","Label":"Seed","Category":"","Description":"","Attributes":0,"ValueType":"System.String"},"Value":"745394623"}]},"Attachments":[],"Outcome":1,"ErrorMessage":null,"ErrorStackTrace":null,"DisplayName":"AuthorHandler_DeleteAuthor_Author_Does_Not_Exist","Messages":[],"ComputerName":"NB7RG99S3","Duration":"00:00:00.0033760","StartTime":"2023-04-14T07:03:19.9270194+00:00","EndTime":"2023-04-14T07:03:19.9303952+00:00","Properties":[{"Key":{"Id":"NUnit.Seed","Label":"Seed","Category":"","Description":"","Attributes":0,"ValueType":"System.String"},"Value":"745394623"}]},{"TestCase":{"Id":"60aa18c8-0188-4037-f6a0-f311997f33b7","FullyQualifiedName":"BookStore.UnitTest.BookStoreAuthorHandlerTests.AuthorHandler_DeleteAuthor_Successfully","DisplayName":"AuthorHandler_DeleteAuthor_Successfully","ExecutorUri":"executor://NUnit3TestExecutor","Source":"C:\\Users\\sevval.colak\\source\\repos\\BookStore\\BookStore.UnitTest\\bin\\Debug\\net6.0\\fine-code-coverage\\build-output\\BookStore.UnitTest.dll","CodeFilePath":null,"LineNumber":0,"Properties":[{"Key":{"Id":"NUnit.Seed","Label":"Seed","Category":"","Description":"","Attributes":0,"ValueType":"System.String"},"Value":"680694961"}]},"Attachments":[],"Outcome":1,"ErrorMessage":null,"ErrorStackTrace":null,"DisplayName":"AuthorHandler_DeleteAuthor_Successfully","Messages":[],"ComputerName":"NB7RG99S3","Duration":"00:00:00.0014009","StartTime":"2023-04-14T07:03:19.9304124+00:00","EndTime":"2023-04-14T07:03:19.9318128+00:00","Properties":[{"Key":{"Id":"NUnit.Seed","Label":"Seed","Category":"","Description":"","Attributes":0,"ValueType":"System.String"},"Value":"680694961"}]},{"TestCase":{"Id":"2088ef8f-71d6-0eb8-a5f6-0e9992cc9fea","FullyQualifiedName":"BookStore.UnitTest.BookStoreAuthorHandlerTests.AuthorHandler_GetAuthor_ReturnsAuthor","DisplayName":"AuthorHandler_GetAuthor_ReturnsAuthor","ExecutorUri":"executor://NUnit3TestExecutor","Source":"C:\\Users\\sevval.colak\\source\\repos\\BookStore\\BookStore.UnitTest\\bin\\Debug\\net6.0\\fine-code-coverage\\build-output\\BookStore.UnitTest.dll","CodeFilePath":null,"LineNumber":0,"Properties":[{"Key":{"Id":"NUnit.Seed","Label":"Seed","Category":"","Description":"","Attributes":0,"ValueType":"System.String"},"Value":"1086457451"}]},"Attachments":[],"Outcome":1,"ErrorMessage":null,"ErrorStackTrace":null,"DisplayName":"AuthorHandler_GetAuthor_ReturnsAuthor","Messages":[],"ComputerName":"NB7RG99S3","Duration":"00:00:00.0022800","StartTime":"2023-04-14T07:03:19.9318276+00:00","EndTime":"2023-04-14T07:03:19.9341073+00:00","Properties":[{"Key":{"Id":"NUnit.Seed","Label":"Seed","Category":"","Description":"","Attributes":0,"ValueType":"System.String"},"Value":"1086457451"}]},{"TestCase":{"Id":"6e392fbf-cab1-88ef-63be-23bd5ab82e5c","FullyQualifiedName":"BookStore.UnitTest.BookStoreAuthorHandlerTests.AuthorHandler_GetAuthor_ReturnsAuthor_Null","DisplayName":"AuthorHandler_GetAuthor_ReturnsAuthor_Null","ExecutorUri":"executor://NUnit3TestExecutor","Source":"C:\\Users\\sevval.colak\\source\\repos\\BookStore\\BookStore.UnitTest\\bin\\Debug\\net6.0\\fine-code-coverage\\build-output\\BookStore.UnitTest.dll","CodeFilePath":null,"LineNumber":0,"Properties":[{"Key":{"Id":"NUnit.Seed","Label":"Seed","Category":"","Description":"","Attributes":0,"ValueType":"System.String"},"Value":"97227956"}]},"Attachments":[],"Outcome":1,"ErrorMessage":null,"ErrorStackTrace":null,"DisplayName":"AuthorHandler_GetAuthor_ReturnsAuthor_Null","Messages":[],"ComputerName":"NB7RG99S3","Duration":"00:00:00.0013200","StartTime":"2023-04-14T07:03:19.9341227+00:00","EndTime":"2023-04-14T07:03:19.9354424+00:00","Properties":[{"Key":{"Id":"NUnit.Seed","Label":"Seed","Category":"","Description":"","Attributes":0,"ValueType":"System.String"},"Value":"97227956"}]},{"TestCase":{"Id":"f30871ee-7949-1623-9634-9302053e6837","FullyQualifiedName":"BookStore.UnitTest.BookStoreAuthorHandlerTests.AuthorHandler_GetAuthors_ReturnsAuthors_Empty","DisplayName":"AuthorHandler_GetAuthors_ReturnsAuthors_Empty","ExecutorUri":"executor://NUnit3TestExecutor","Source":"C:\\Users\\sevval.colak\\source\\repos\\BookStore\\BookStore.UnitTest\\bin\\Debug\\net6.0\\fine-code-coverage\\build-output\\BookStore.UnitTest.dll","CodeFilePath":null,"LineNumber":0,"Properties":[{"Key":{"Id":"NUnit.Seed","Label":"Seed","Category":"","Description":"","Attributes":0,"ValueType":"System.String"},"Value":"1315331532"}]},"Attachments":[],"Outcome":1,"ErrorMessage":null,"ErrorStackTrace":null,"DisplayName":"AuthorHandler_GetAuthors_ReturnsAuthors_Empty","Messages":[],"ComputerName":"NB7RG99S3","Duration":"00:00:00.0083430","StartTime":"2023-04-14T07:03:19.935458+00:00","EndTime":"2023-04-14T07:03:19.9438005+00:00","Properties":[{"Key":{"Id":"NUnit.Seed","Label":"Seed","Category":"","Description":"","Attributes":0,"ValueType":"System.String"},"Value":"1315331532"}]},{"TestCase":{"Id":"6434f3a0-e6f2-dc44-5962-a762d484a155","FullyQualifiedName":"BookStore.UnitTest.BookStoreAuthorHandlerTests.AuthorHandler_GetAuthors_ReturnsAuthors_String_Is_Empty","DisplayName":"AuthorHandler_GetAuthors_ReturnsAuthors_String_Is_Empty","ExecutorUri":"executor://NUnit3TestExecutor","Source":"C:\\Users\\sevval.colak\\source\\repos\\BookStore\\BookStore.UnitTest\\bin\\Debug\\net6.0\\fine-code-coverage\\build-output\\BookStore.UnitTest.dll","CodeFilePath":null,"LineNumber":0,"Properties":[{"Key":{"Id":"NUnit.Seed","Label":"Seed","Category":"","Description":"","Attributes":0,"ValueType":"System.String"},"Value":"1850090248"}]},"Attachments":[],"Outcome":1,"ErrorMessage":null,"ErrorStackTrace":null,"DisplayName":"AuthorHandler_GetAuthors_ReturnsAuthors_String_Is_Empty","Messages":[],"ComputerName":"NB7RG99S3","Duration":"00:00:00.0027880","StartTime":"2023-04-14T07:03:19.9438228+00:00","EndTime":"2023-04-14T07:03:19.9466104+00:00","Properties":[{"Key":{"Id":"NUnit.Seed","Label":"Seed","Category":"","Description":"","Attributes":0,"ValueType":"System.String"},"Value":"1850090248"}]},{"TestCase":{"Id":"103e99d0-4fd7-8735-847f-0f4389cec52c","FullyQualifiedName":"BookStore.UnitTest.BookStoreAuthorHandlerTests.AuthorHandler_GetAuthors_ReturnsAuthors_Successfully","DisplayName":"AuthorHandler_GetAuthors_ReturnsAuthors_Successfully","ExecutorUri":"executor://NUnit3TestExecutor","Source":"C:\\Users\\sevval.colak\\source\\repos\\BookStore\\BookStore.UnitTest\\bin\\Debug\\net6.0\\fine-code-coverage\\build-output\\BookStore.UnitTest.dll","CodeFilePath":null,"LineNumber":0,"Properties":[{"Key":{"Id":"NUnit.Seed","Label":"Seed","Category":"","Description":"","Attributes":0,"ValueType":"System.String"},"Value":"211551083"}]},"Attachments":[],"Outcome":1,"ErrorMessage":null,"ErrorStackTrace":null,"DisplayName":"AuthorHandler_GetAuthors_ReturnsAuthors_Successfully","Messages":[],"ComputerName":"NB7RG99S3","Duration":"00:00:00.0033850","StartTime":"2023-04-14T07:03:19.9466301+00:00","EndTime":"2023-04-14T07:03:19.9500148+00:00","Properties":[{"Key":{"Id":"NUnit.Seed","Label":"Seed","Category":"","Description":"","Attributes":0,"ValueType":"System.String"},"Value":"211551083"}]}],"TestRunStatistics":{"ExecutedTests":18,"Stats":{"Passed":18}},"ActiveTests":[{"Id":"a61c6500-075d-cf22-f084-1cb9615ee726","FullyQualifiedName":"BookStore.UnitTest.BookStoreAuthorHandlerTests.AuthorHandler_UpdateAuthor_Successfully","DisplayName":"AuthorHandler_UpdateAuthor_Successfully","ExecutorUri":"executor://NUnit3TestExecutor","Source":"C:\\Users\\sevval.colak\\source\\repos\\BookStore\\BookStore.UnitTest\\bin\\Debug\\net6.0\\fine-code-coverage\\build-output\\BookStore.UnitTest.dll","CodeFilePath":null,"LineNumber":0,"Properties":[{"Key":{"Id":"NUnit.Seed","Label":"Seed","Category":"","Description":"","Attributes":0,"ValueType":"System.String"},"Value":"1070864641"}]}]}}
TpTrace Verbose: 0 : 14844, 13, 2023/04/14, 10:03:19.979, 2621518916468, vstest.console.dll, TestRunRequest:SendTestRunStatsChange: Starting.
TpTrace Verbose: 0 : 14844, 13, 2023/04/14, 10:03:19.979, 2621518916861, vstest.console.dll, InProgress is AuthorHandler_UpdateAuthor_Successfully
TpTrace Verbose: 0 : 14844, 13, 2023/04/14, 10:03:19.979, 2621518917324, vstest.console.dll, MulticastDelegateUtilities.SafeInvoke: TestRun.RunStatsChanged: Invoking callbacks was skipped because there are no subscribers.
TpTrace Information: 0 : 14844, 13, 2023/04/14, 10:03:19.979, 2621518917697, vstest.console.dll, TestRunRequest:SendTestRunStatsChange: Completed.
TpTrace Verbose: 0 : 14844, 13, 2023/04/14, 10:03:19.979, 2621518917985, vstest.console.dll, MulticastDelegateUtilities.SafeInvoke: LengthPrefixCommunicationChannel: MessageReceived: Invoking callback 1/1 for Microsoft.VisualStudio.TestPlatform.CommunicationUtilities.TestRequestSender+<>c__DisplayClass31_0., took 1 ms.
TpTrace Verbose: 0 : 14844, 13, 2023/04/14, 10:03:19.979, 2621518918153, vstest.console.dll, TcpClientExtensions.MessageLoopAsync: Polling on remoteEndPoint: 127.0.0.1:58632 localEndPoint: 127.0.0.1:58631
TpTrace Verbose: 0 : 14844, 4, 2023/04/14, 10:03:19.979, 2621518918727, vstest.console.dll, MulticastDelegateUtilities.SafeInvoke: InternalTestLoggerEvents.SendTestResult: Invoking callback 1/1 for Microsoft.VisualStudio.TestPlatform.CommandLine.Internal.ConsoleLogger., took 0 ms.
TpTrace Verbose: 0 : 14844, 4, 2023/04/14, 10:03:19.979, 2621518921868, vstest.console.dll, MulticastDelegateUtilities.SafeInvoke: InternalTestLoggerEvents.SendTestResult: Invoking callback 1/1 for Microsoft.VisualStudio.TestPlatform.CommandLine.Internal.ConsoleLogger., took 0 ms.
TpTrace Verbose: 0 : 14844, 4, 2023/04/14, 10:03:19.979, 2621518923633, vstest.console.dll, MulticastDelegateUtilities.SafeInvoke: InternalTestLoggerEvents.SendTestResult: Invoking callback 1/1 for Microsoft.VisualStudio.TestPlatform.CommandLine.Internal.ConsoleLogger., took 0 ms.
TpTrace Verbose: 0 : 14844, 4, 2023/04/14, 10:03:19.981, 2621518938716, vstest.console.dll, MulticastDelegateUtilities.SafeInvoke: InternalTestLoggerEvents.SendTestResult: Invoking callback 1/1 for Microsoft.VisualStudio.TestPlatform.CommandLine.Internal.ConsoleLogger., took 1 ms.
TpTrace Verbose: 0 : 14844, 4, 2023/04/14, 10:03:19.981, 2621518939808, vstest.console.dll, MulticastDelegateUtilities.SafeInvoke: InternalTestLoggerEvents.SendTestResult: Invoking callback 1/1 for Microsoft.VisualStudio.TestPlatform.CommandLine.Internal.ConsoleLogger., took 0 ms.
TpTrace Verbose: 0 : 14844, 4, 2023/04/14, 10:03:19.981, 2621518940021, vstest.console.dll, MulticastDelegateUtilities.SafeInvoke: InternalTestLoggerEvents.SendTestResult: Invoking callback 1/1 for Microsoft.VisualStudio.TestPlatform.CommandLine.Internal.ConsoleLogger., took 0 ms.
TpTrace Verbose: 0 : 14844, 4, 2023/04/14, 10:03:19.981, 2621518940191, vstest.console.dll, MulticastDelegateUtilities.SafeInvoke: InternalTestLoggerEvents.SendTestResult: Invoking callback 1/1 for Microsoft.VisualStudio.TestPlatform.CommandLine.Internal.ConsoleLogger., took 0 ms.
TpTrace Verbose: 0 : 14844, 4, 2023/04/14, 10:03:19.981, 2621518940330, vstest.console.dll, MulticastDelegateUtilities.SafeInvoke: InternalTestLoggerEvents.SendTestResult: Invoking callback 1/1 for Microsoft.VisualStudio.TestPlatform.CommandLine.Internal.ConsoleLogger., took 0 ms.
TpTrace Verbose: 0 : 14844, 4, 2023/04/14, 10:03:19.981, 2621518940472, vstest.console.dll, MulticastDelegateUtilities.SafeInvoke: InternalTestLoggerEvents.SendTestResult: Invoking callback 1/1 for Microsoft.VisualStudio.TestPlatform.CommandLine.Internal.ConsoleLogger., took 0 ms.
TpTrace Verbose: 0 : 14844, 13, 2023/04/14, 10:03:20.677, 2621525898236, vstest.console.dll, TcpClientExtensions.MessageLoopAsync: NotifyDataAvailable remoteEndPoint: 127.0.0.1:58632 localEndPoint: 127.0.0.1:58631
TpTrace Verbose: 0 : 14844, 13, 2023/04/14, 10:03:20.677, 2621525902773, vstest.console.dll, TestRequestSender.OnExecutionMessageReceived: Received message: {"Version":7,"MessageType":"TestExecution.StatsChange","Payload":{"NewTestResults":[{"TestCase":{"Id":"a61c6500-075d-cf22-f084-1cb9615ee726","FullyQualifiedName":"BookStore.UnitTest.BookStoreAuthorHandlerTests.AuthorHandler_UpdateAuthor_Successfully","DisplayName":"AuthorHandler_UpdateAuthor_Successfully","ExecutorUri":"executor://NUnit3TestExecutor","Source":"C:\\Users\\sevval.colak\\source\\repos\\BookStore\\BookStore.UnitTest\\bin\\Debug\\net6.0\\fine-code-coverage\\build-output\\BookStore.UnitTest.dll","CodeFilePath":null,"LineNumber":0,"Properties":[{"Key":{"Id":"NUnit.Seed","Label":"Seed","Category":"","Description":"","Attributes":0,"ValueType":"System.String"},"Value":"1070864641"}]},"Attachments":[],"Outcome":1,"ErrorMessage":null,"ErrorStackTrace":null,"DisplayName":"AuthorHandler_UpdateAuthor_Successfully","Messages":[],"ComputerName":"NB7RG99S3","Duration":"00:00:00.0022200","StartTime":"2023-04-14T07:03:19.9500314+00:00","EndTime":"2023-04-14T07:03:19.9522514+00:00","Properties":[{"Key":{"Id":"NUnit.Seed","Label":"Seed","Category":"","Description":"","Attributes":0,"ValueType":"System.String"},"Value":"1070864641"}]},{"TestCase":{"Id":"1553d755-f75b-c00a-d59b-b3767d104b93","FullyQualifiedName":"BookStore.UnitTest.BookStoreAuthorRepositoryTests.AuthorExists_Returns_True","DisplayName":"AuthorExists_Returns_True","ExecutorUri":"executor://NUnit3TestExecutor","Source":"C:\\Users\\sevval.colak\\source\\repos\\BookStore\\BookStore.UnitTest\\bin\\Debug\\net6.0\\fine-code-coverage\\build-output\\BookStore.UnitTest.dll","CodeFilePath":null,"LineNumber":0,"Properties":[{"Key":{"Id":"NUnit.Seed","Label":"Seed","Category":"","Description":"","Attributes":0,"ValueType":"System.String"},"Value":"174604615"}]},"Attachments":[],"Outcome":1,"ErrorMessage":null,"ErrorStackTrace":null,"DisplayName":"AuthorExists_Returns_True","Messages":[],"ComputerName":"NB7RG99S3","Duration":"00:00:00.4669280","StartTime":"2023-04-14T07:03:20.1204768+00:00","EndTime":"2023-04-14T07:03:20.5874051+00:00","Properties":[{"Key":{"Id":"NUnit.Seed","Label":"Seed","Category":"","Description":"","Attributes":0,"ValueType":"System.String"},"Value":"174604615"}]},{"TestCase":{"Id":"bbba32a0-2ee7-023b-661a-1903a2a9a1c4","FullyQualifiedName":"BookStore.UnitTest.BookStoreAuthorRepositoryTests.CreateAuthor_Returns_True","DisplayName":"CreateAuthor_Returns_True","ExecutorUri":"executor://NUnit3TestExecutor","Source":"C:\\Users\\sevval.colak\\source\\repos\\BookStore\\BookStore.UnitTest\\bin\\Debug\\net6.0\\fine-code-coverage\\build-output\\BookStore.UnitTest.dll","CodeFilePath":null,"LineNumber":0,"Properties":[{"Key":{"Id":"NUnit.Seed","Label":"Seed","Category":"","Description":"","Attributes":0,"ValueType":"System.String"},"Value":"76668497"}]},"Attachments":[],"Outcome":1,"ErrorMessage":null,"ErrorStackTrace":null,"DisplayName":"CreateAuthor_Returns_True","Messages":[],"ComputerName":"NB7RG99S3","Duration":"00:00:00.0039070","StartTime":"2023-04-14T07:03:20.5874315+00:00","EndTime":"2023-04-14T07:03:20.5913382+00:00","Properties":[{"Key":{"Id":"NUnit.Seed","Label":"Seed","Category":"","Description":"","Attributes":0,"ValueType":"System.String"},"Value":"76668497"}]},{"TestCase":{"Id":"089d3771-17ce-84c3-040c-e6db04a8afd6","FullyQualifiedName":"BookStore.UnitTest.BookStoreAuthorRepositoryTests.DeleteAuthor_Returns_True","DisplayName":"DeleteAuthor_Returns_True","ExecutorUri":"executor://NUnit3TestExecutor","Source":"C:\\Users\\sevval.colak\\source\\repos\\BookStore\\BookStore.UnitTest\\bin\\Debug\\net6.0\\fine-code-coverage\\build-output\\BookStore.UnitTest.dll","CodeFilePath":null,"LineNumber":0,"Properties":[{"Key":{"Id":"NUnit.Seed","Label":"Seed","Category":"","Description":"","Attributes":0,"ValueType":"System.String"},"Value":"513126972"}]},"Attachments":[],"Outcome":1,"ErrorMessage":null,"ErrorStackTrace":null,"DisplayName":"DeleteAuthor_Returns_True","Messages":[],"ComputerName":"NB7RG99S3","Duration":"00:00:00.0108020","StartTime":"2023-04-14T07:03:20.5913792+00:00","EndTime":"2023-04-14T07:03:20.6021801+00:00","Properties":[{"Key":{"Id":"NUnit.Seed","Label":"Seed","Category":"","Description":"","Attributes":0,"ValueType":"System.String"},"Value":"513126972"}]},{"TestCase":{"Id":"ebabdcf8-1333-b3d1-f053-87951a8d4c96","FullyQualifiedName":"BookStore.UnitTest.BookStoreAuthorRepositoryTests.GetAuthor_Returns_Author_Successfully","DisplayName":"GetAuthor_Returns_Author_Successfully","ExecutorUri":"executor://NUnit3TestExecutor","Source":"C:\\Users\\sevval.colak\\source\\repos\\BookStore\\BookStore.UnitTest\\bin\\Debug\\net6.0\\fine-code-coverage\\build-output\\BookStore.UnitTest.dll","CodeFilePath":null,"LineNumber":0,"Properties":[{"Key":{"Id":"NUnit.Seed","Label":"Seed","Category":"","Description":"","Attributes":0,"ValueType":"System.String"},"Value":"88212694"}]},"Attachments":[],"Outcome":1,"ErrorMessage":null,"ErrorStackTrace":null,"DisplayName":"GetAuthor_Returns_Author_Successfully","Messages":[],"ComputerName":"NB7RG99S3","Duration":"00:00:00.0390860","StartTime":"2023-04-14T07:03:20.6022087+00:00","EndTime":"2023-04-14T07:03:20.6412945+00:00","Properties":[{"Key":{"Id":"NUnit.Seed","Label":"Seed","Category":"","Description":"","Attributes":0,"ValueType":"System.String"},"Value":"88212694"}]},{"TestCase":{"Id":"9b8c90d7-cda0-0d19-f42f-a92343666c88","FullyQualifiedName":"BookStore.UnitTest.BookStoreAuthorRepositoryTests.GetAuthorNoTracking_Returns_Author_Successfully","DisplayName":"GetAuthorNoTracking_Returns_Author_Successfully","ExecutorUri":"executor://NUnit3TestExecutor","Source":"C:\\Users\\sevval.colak\\source\\repos\\BookStore\\BookStore.UnitTest\\bin\\Debug\\net6.0\\fine-code-coverage\\build-output\\BookStore.UnitTest.dll","CodeFilePath":null,"LineNumber":0,"Properties":[{"Key":{"Id":"NUnit.Seed","Label":"Seed","Category":"","Description":"","Attributes":0,"ValueType":"System.String"},"Value":"1567346188"}]},"Attachments":[],"Outcome":1,"ErrorMessage":null,"ErrorStackTrace":null,"DisplayName":"GetAuthorNoTracking_Returns_Author_Successfully","Messages":[],"ComputerName":"NB7RG99S3","Duration":"00:00:00.0093040","StartTime":"2023-04-14T07:03:20.6413172+00:00","EndTime":"2023-04-14T07:03:20.6506213+00:00","Properties":[{"Key":{"Id":"NUnit.Seed","Label":"Seed","Category":"","Description":"","Attributes":0,"ValueType":"System.String"},"Value":"1567346188"}]},{"TestCase":{"Id":"67c15a01-79f8-00a7-cc28-ddd1b1f3cacf","FullyQualifiedName":"BookStore.UnitTest.BookStoreAuthorRepositoryTests.GetAuthors_Returns_All_Authors_Predicate_Is_Null","DisplayName":"GetAuthors_Returns_All_Authors_Predicate_Is_Null","ExecutorUri":"executor://NUnit3TestExecutor","Source":"C:\\Users\\sevval.colak\\source\\repos\\BookStore\\BookStore.UnitTest\\bin\\Debug\\net6.0\\fine-code-coverage\\build-output\\BookStore.UnitTest.dll","CodeFilePath":null,"LineNumber":0,"Properties":[{"Key":{"Id":"NUnit.Seed","Label":"Seed","Category":"","Description":"","Attributes":0,"ValueType":"System.String"},"Value":"1669180130"}]},"Attachments":[],"Outcome":1,"ErrorMessage":null,"ErrorStackTrace":null,"DisplayName":"GetAuthors_Returns_All_Authors_Predicate_Is_Null","Messages":[],"ComputerName":"NB7RG99S3","Duration":"00:00:00.0117550","StartTime":"2023-04-14T07:03:20.6506422+00:00","EndTime":"2023-04-14T07:03:20.662397+00:00","Properties":[{"Key":{"Id":"NUnit.Seed","Label":"Seed","Category":"","Description":"","Attributes":0,"ValueType":"System.String"},"Value":"1669180130"}]},{"TestCase":{"Id":"cbabcf16-aad0-ee44-668f-fcdadda7852b","FullyQualifiedName":"BookStore.UnitTest.BookStoreAuthorRepositoryTests.GetAuthors_Returns_Authors_Successfully","DisplayName":"GetAuthors_Returns_Authors_Successfully","ExecutorUri":"executor://NUnit3TestExecutor","Source":"C:\\Users\\sevval.colak\\source\\repos\\BookStore\\BookStore.UnitTest\\bin\\Debug\\net6.0\\fine-code-coverage\\build-output\\BookStore.UnitTest.dll","CodeFilePath":null,"LineNumber":0,"Properties":[{"Key":{"Id":"NUnit.Seed","Label":"Seed","Category":"","Description":"","Attributes":0,"ValueType":"System.String"},"Value":"114155562"}]},"Attachments":[],"Outcome":1,"ErrorMessage":null,"ErrorStackTrace":null,"DisplayName":"GetAuthors_Returns_Authors_Successfully","Messages":[],"ComputerName":"NB7RG99S3","Duration":"00:00:00.0090150","StartTime":"2023-04-14T07:03:20.6624229+00:00","EndTime":"2023-04-14T07:03:20.6714371+00:00","Properties":[{"Key":{"Id":"NUnit.Seed","Label":"Seed","Category":"","Description":"","Attributes":0,"ValueType":"System.String"},"Value":"114155562"}]},{"TestCase":{"Id":"406d5dc7-cd56-d651-e6fe-7671dc3a36a0","FullyQualifiedName":"BookStore.UnitTest.BookStoreAuthorRepositoryTests.UpdateAuthor_Returns_True","DisplayName":"UpdateAuthor_Returns_True","ExecutorUri":"executor://NUnit3TestExecutor","Source":"C:\\Users\\sevval.colak\\source\\repos\\BookStore\\BookStore.UnitTest\\bin\\Debug\\net6.0\\fine-code-coverage\\build-output\\BookStore.UnitTest.dll","CodeFilePath":null,"LineNumber":0,"Properties":[{"Key":{"Id":"NUnit.Seed","Label":"Seed","Category":"","Description":"","Attributes":0,"ValueType":"System.String"},"Value":"1711348664"}]},"Attachments":[],"Outcome":1,"ErrorMessage":null,"ErrorStackTrace":null,"DisplayName":"UpdateAuthor_Returns_True","Messages":[],"ComputerName":"NB7RG99S3","Duration":"00:00:00.0041130","StartTime":"2023-04-14T07:03:20.6714617+00:00","EndTime":"2023-04-14T07:03:20.6755744+00:00","Properties":[{"Key":{"Id":"NUnit.Seed","Label":"Seed","Category":"","Description":"","Attributes":0,"ValueType":"System.String"},"Value":"1711348664"}]}],"TestRunStatistics":{"ExecutedTests":27,"Stats":{"Passed":27}},"ActiveTests":[{"Id":"86b4f2f3-9499-68cc-3942-c133bbb12190","FullyQualifiedName":"BookStore.UnitTest.BookStoreBookControllerTests.Create_Book_Returns_BadRequest","DisplayName":"Create_Book_Returns_BadRequest","ExecutorUri":"executor://NUnit3TestExecutor","Source":"C:\\Users\\sevval.colak\\source\\repos\\BookStore\\BookStore.UnitTest\\bin\\Debug\\net6.0\\fine-code-coverage\\build-output\\BookStore.UnitTest.dll","CodeFilePath":null,"LineNumber":0,"Properties":[{"Key":{"Id":"NUnit.Seed","Label":"Seed","Category":"","Description":"","Attributes":0,"ValueType":"System.String"},"Value":"350528914"}]}]}}
TpTrace Verbose: 0 : 14844, 13, 2023/04/14, 10:03:20.682, 2621525951335, vstest.console.dll, TestRunRequest:SendTestRunStatsChange: Starting.
TpTrace Verbose: 0 : 14844, 13, 2023/04/14, 10:03:20.682, 2621525951804, vstest.console.dll, InProgress is Create_Book_Returns_BadRequest
TpTrace Verbose: 0 : 14844, 13, 2023/04/14, 10:03:20.682, 2621525952132, vstest.console.dll, MulticastDelegateUtilities.SafeInvoke: TestRun.RunStatsChanged: Invoking callbacks was skipped because there are no subscribers.
TpTrace Information: 0 : 14844, 13, 2023/04/14, 10:03:20.682, 2621525952277, vstest.console.dll, TestRunRequest:SendTestRunStatsChange: Completed.
TpTrace Verbose: 0 : 14844, 13, 2023/04/14, 10:03:20.682, 2621525952452, vstest.console.dll, MulticastDelegateUtilities.SafeInvoke: LengthPrefixCommunicationChannel: MessageReceived: Invoking callback 1/1 for Microsoft.VisualStudio.TestPlatform.CommunicationUtilities.TestRequestSender+<>c__DisplayClass31_0., took 5 ms.
TpTrace Verbose: 0 : 14844, 13, 2023/04/14, 10:03:20.682, 2621525952644, vstest.console.dll, TcpClientExtensions.MessageLoopAsync: Polling on remoteEndPoint: 127.0.0.1:58632 localEndPoint: 127.0.0.1:58631
TpTrace Verbose: 0 : 14844, 4, 2023/04/14, 10:03:20.682, 2621525954946, vstest.console.dll, MulticastDelegateUtilities.SafeInvoke: InternalTestLoggerEvents.SendTestResult: Invoking callback 1/1 for Microsoft.VisualStudio.TestPlatform.CommandLine.Internal.ConsoleLogger., took 0 ms.
TpTrace Verbose: 0 : 14844, 4, 2023/04/14, 10:03:20.683, 2621525956512, vstest.console.dll, MulticastDelegateUtilities.SafeInvoke: InternalTestLoggerEvents.SendTestResult: Invoking callback 1/1 for Microsoft.VisualStudio.TestPlatform.CommandLine.Internal.ConsoleLogger., took 0 ms.
TpTrace Verbose: 0 : 14844, 4, 2023/04/14, 10:03:20.683, 2621525957373, vstest.console.dll, MulticastDelegateUtilities.SafeInvoke: InternalTestLoggerEvents.SendTestResult: Invoking callback 1/1 for Microsoft.VisualStudio.TestPlatform.CommandLine.Internal.ConsoleLogger., took 0 ms.
TpTrace Verbose: 0 : 14844, 4, 2023/04/14, 10:03:20.683, 2621525957565, vstest.console.dll, MulticastDelegateUtilities.SafeInvoke: InternalTestLoggerEvents.SendTestResult: Invoking callback 1/1 for Microsoft.VisualStudio.TestPlatform.CommandLine.Internal.ConsoleLogger., took 0 ms.
TpTrace Verbose: 0 : 14844, 4, 2023/04/14, 10:03:20.683, 2621525957718, vstest.console.dll, MulticastDelegateUtilities.SafeInvoke: InternalTestLoggerEvents.SendTestResult: Invoking callback 1/1 for Microsoft.VisualStudio.TestPlatform.CommandLine.Internal.ConsoleLogger., took 0 ms.
TpTrace Verbose: 0 : 14844, 4, 2023/04/14, 10:03:20.683, 2621525957853, vstest.console.dll, MulticastDelegateUtilities.SafeInvoke: InternalTestLoggerEvents.SendTestResult: Invoking callback 1/1 for Microsoft.VisualStudio.TestPlatform.CommandLine.Internal.ConsoleLogger., took 0 ms.
TpTrace Verbose: 0 : 14844, 4, 2023/04/14, 10:03:20.683, 2621525958000, vstest.console.dll, MulticastDelegateUtilities.SafeInvoke: InternalTestLoggerEvents.SendTestResult: Invoking callback 1/1 for Microsoft.VisualStudio.TestPlatform.CommandLine.Internal.ConsoleLogger., took 0 ms.
TpTrace Verbose: 0 : 14844, 4, 2023/04/14, 10:03:20.683, 2621525958349, vstest.console.dll, MulticastDelegateUtilities.SafeInvoke: InternalTestLoggerEvents.SendTestResult: Invoking callback 1/1 for Microsoft.VisualStudio.TestPlatform.CommandLine.Internal.ConsoleLogger., took 0 ms.
TpTrace Verbose: 0 : 14844, 4, 2023/04/14, 10:03:20.683, 2621525958545, vstest.console.dll, MulticastDelegateUtilities.SafeInvoke: InternalTestLoggerEvents.SendTestResult: Invoking callback 1/1 for Microsoft.VisualStudio.TestPlatform.CommandLine.Internal.ConsoleLogger., took 0 ms.
TpTrace Verbose: 0 : 14844, 13, 2023/04/14, 10:03:20.706, 2621526192274, vstest.console.dll, TcpClientExtensions.MessageLoopAsync: NotifyDataAvailable remoteEndPoint: 127.0.0.1:58632 localEndPoint: 127.0.0.1:58631
TpTrace Verbose: 0 : 14844, 13, 2023/04/14, 10:03:20.706, 2621526194929, vstest.console.dll, TestRequestSender.OnExecutionMessageReceived: Received message: {"Version":7,"MessageType":"TestExecution.StatsChange","Payload":{"NewTestResults":[{"TestCase":{"Id":"86b4f2f3-9499-68cc-3942-c133bbb12190","FullyQualifiedName":"BookStore.UnitTest.BookStoreBookControllerTests.Create_Book_Returns_BadRequest","DisplayName":"Create_Book_Returns_BadRequest","ExecutorUri":"executor://NUnit3TestExecutor","Source":"C:\\Users\\sevval.colak\\source\\repos\\BookStore\\BookStore.UnitTest\\bin\\Debug\\net6.0\\fine-code-coverage\\build-output\\BookStore.UnitTest.dll","CodeFilePath":null,"LineNumber":0,"Properties":[{"Key":{"Id":"NUnit.Seed","Label":"Seed","Category":"","Description":"","Attributes":0,"ValueType":"System.String"},"Value":"350528914"}]},"Attachments":[],"Outcome":1,"ErrorMessage":null,"ErrorStackTrace":null,"DisplayName":"Create_Book_Returns_BadRequest","Messages":[],"ComputerName":"NB7RG99S3","Duration":"00:00:00.0029790","StartTime":"2023-04-14T07:03:20.67645+00:00","EndTime":"2023-04-14T07:03:20.6794285+00:00","Properties":[{"Key":{"Id":"NUnit.Seed","Label":"Seed","Category":"","Description":"","Attributes":0,"ValueType":"System.String"},"Value":"350528914"}]},{"TestCase":{"Id":"81321f61-1c66-1d1a-8eed-8258700bfe8c","FullyQualifiedName":"BookStore.UnitTest.BookStoreBookControllerTests.Create_Book_Returns_Ok","DisplayName":"Create_Book_Returns_Ok","ExecutorUri":"executor://NUnit3TestExecutor","Source":"C:\\Users\\sevval.colak\\source\\repos\\BookStore\\BookStore.UnitTest\\bin\\Debug\\net6.0\\fine-code-coverage\\build-output\\BookStore.UnitTest.dll","CodeFilePath":null,"LineNumber":0,"Properties":[{"Key":{"Id":"NUnit.Seed","Label":"Seed","Category":"","Description":"","Attributes":0,"ValueType":"System.String"},"Value":"1907416961"}]},"Attachments":[],"Outcome":1,"ErrorMessage":null,"ErrorStackTrace":null,"DisplayName":"Create_Book_Returns_Ok","Messages":[],"ComputerName":"NB7RG99S3","Duration":"00:00:00.0015720","StartTime":"2023-04-14T07:03:20.679455+00:00","EndTime":"2023-04-14T07:03:20.6810268+00:00","Properties":[{"Key":{"Id":"NUnit.Seed","Label":"Seed","Category":"","Description":"","Attributes":0,"ValueType":"System.String"},"Value":"1907416961"}]},{"TestCase":{"Id":"e71d86a3-1faa-6249-21a5-e3bfc7aade27","FullyQualifiedName":"BookStore.UnitTest.BookStoreBookControllerTests.Delete_Book_Returns_BadRequest_Author_Does_Not_Exist","DisplayName":"Delete_Book_Returns_BadRequest_Author_Does_Not_Exist","ExecutorUri":"executor://NUnit3TestExecutor","Source":"C:\\Users\\sevval.colak\\source\\repos\\BookStore\\BookStore.UnitTest\\bin\\Debug\\net6.0\\fine-code-coverage\\build-output\\BookStore.UnitTest.dll","CodeFilePath":null,"LineNumber":0,"Properties":[{"Key":{"Id":"NUnit.Seed","Label":"Seed","Category":"","Description":"","Attributes":0,"ValueType":"System.String"},"Value":"1450005286"}]},"Attachments":[],"Outcome":1,"ErrorMessage":null,"ErrorStackTrace":null,"DisplayName":"Delete_Book_Returns_BadRequest_Author_Does_Not_Exist","Messages":[],"ComputerName":"NB7RG99S3","Duration":"00:00:00.0023960","StartTime":"2023-04-14T07:03:20.6810422+00:00","EndTime":"2023-04-14T07:03:20.6834382+00:00","Properties":[{"Key":{"Id":"NUnit.Seed","Label":"Seed","Category":"","Description":"","Attributes":0,"ValueType":"System.String"},"Value":"1450005286"}]},{"TestCase":{"Id":"e957fd1f-5d47-66a7-ae33-d4399ba740fa","FullyQualifiedName":"BookStore.UnitTest.BookStoreBookControllerTests.Delete_Book_Returns_Ok","DisplayName":"Delete_Book_Returns_Ok","ExecutorUri":"executor://NUnit3TestExecutor","Source":"C:\\Users\\sevval.colak\\source\\repos\\BookStore\\BookStore.UnitTest\\bin\\Debug\\net6.0\\fine-code-coverage\\build-output\\BookStore.UnitTest.dll","CodeFilePath":null,"LineNumber":0,"Properties":[{"Key":{"Id":"NUnit.Seed","Label":"Seed","Category":"","Description":"","Attributes":0,"ValueType":"System.String"},"Value":"338396845"}]},"Attachments":[],"Outcome":1,"ErrorMessage":null,"ErrorStackTrace":null,"DisplayName":"Delete_Book_Returns_Ok","Messages":[],"ComputerName":"NB7RG99S3","Duration":"00:00:00.0014350","StartTime":"2023-04-14T07:03:20.6834561+00:00","EndTime":"2023-04-14T07:03:20.6848906+00:00","Properties":[{"Key":{"Id":"NUnit.Seed","Label":"Seed","Category":"","Description":"","Attributes":0,"ValueType":"System.String"},"Value":"338396845"}]},{"TestCase":{"Id":"64cc041a-28bb-037c-f446-58562a867662","FullyQualifiedName":"BookStore.UnitTest.BookStoreBookControllerTests.GetBook_Returns_NotFound","DisplayName":"GetBook_Returns_NotFound","ExecutorUri":"executor://NUnit3TestExecutor","Source":"C:\\Users\\sevval.colak\\source\\repos\\BookStore\\BookStore.UnitTest\\bin\\Debug\\net6.0\\fine-code-coverage\\build-output\\BookStore.UnitTest.dll","CodeFilePath":null,"LineNumber":0,"Properties":[{"Key":{"Id":"NUnit.Seed","Label":"Seed","Category":"","Description":"","Attributes":0,"ValueType":"System.String"},"Value":"168461098"}]},"Attachments":[],"Outcome":1,"ErrorMessage":null,"ErrorStackTrace":null,"DisplayName":"GetBook_Returns_NotFound","Messages":[],"ComputerName":"NB7RG99S3","Duration":"00:00:00.0065370","StartTime":"2023-04-14T07:03:20.684903+00:00","EndTime":"2023-04-14T07:03:20.69144+00:00","Properties":[{"Key":{"Id":"NUnit.Seed","Label":"Seed","Category":"","Description":"","Attributes":0,"ValueType":"System.String"},"Value":"168461098"}]},{"TestCase":{"Id":"77f73d60-0704-c106-4f92-338e9d3b5170","FullyQualifiedName":"BookStore.UnitTest.BookStoreBookControllerTests.GetBook_Returns_Ok","DisplayName":"GetBook_Returns_Ok","ExecutorUri":"executor://NUnit3TestExecutor","Source":"C:\\Users\\sevval.colak\\source\\repos\\BookStore\\BookStore.UnitTest\\bin\\Debug\\net6.0\\fine-code-coverage\\build-output\\BookStore.UnitTest.dll","CodeFilePath":null,"LineNumber":0,"Properties":[{"Key":{"Id":"NUnit.Seed","Label":"Seed","Category":"","Description":"","Attributes":0,"ValueType":"System.String"},"Value":"104256374"}]},"Attachments":[],"Outcome":1,"ErrorMessage":null,"ErrorStackTrace":null,"DisplayName":"GetBook_Returns_Ok","Messages":[],"ComputerName":"NB7RG99S3","Duration":"00:00:00.0015560","StartTime":"2023-04-14T07:03:20.6914584+00:00","EndTime":"2023-04-14T07:03:20.6930137+00:00","Properties":[{"Key":{"Id":"NUnit.Seed","Label":"Seed","Category":"","Description":"","Attributes":0,"ValueType":"System.String"},"Value":"104256374"}]},{"TestCase":{"Id":"97665500-44d7-9230-e335-1f5c8037646d","FullyQualifiedName":"BookStore.UnitTest.BookStoreBookControllerTests.GetBooks_Returns_NotFound","DisplayName":"GetBooks_Returns_NotFound","ExecutorUri":"executor://NUnit3TestExecutor","Source":"C:\\Users\\sevval.colak\\source\\repos\\BookStore\\BookStore.UnitTest\\bin\\Debug\\net6.0\\fine-code-coverage\\build-output\\BookStore.UnitTest.dll","CodeFilePath":null,"LineNumber":0,"Properties":[{"Key":{"Id":"NUnit.Seed","Label":"Seed","Category":"","Description":"","Attributes":0,"ValueType":"System.String"},"Value":"1612611944"}]},"Attachments":[],"Outcome":1,"ErrorMessage":null,"ErrorStackTrace":null,"DisplayName":"GetBooks_Returns_NotFound","Messages":[],"ComputerName":"NB7RG99S3","Duration":"00:00:00.0054780","StartTime":"2023-04-14T07:03:20.6930451+00:00","EndTime":"2023-04-14T07:03:20.6985229+00:00","Properties":[{"Key":{"Id":"NUnit.Seed","Label":"Seed","Category":"","Description":"","Attributes":0,"ValueType":"System.String"},"Value":"1612611944"}]},{"TestCase":{"Id":"7296cdd6-deca-edae-1390-4634717a9a6d","FullyQualifiedName":"BookStore.UnitTest.BookStoreBookControllerTests.GetBooks_Returns_Ok","DisplayName":"GetBooks_Returns_Ok","ExecutorUri":"executor://NUnit3TestExecutor","Source":"C:\\Users\\sevval.colak\\source\\repos\\BookStore\\BookStore.UnitTest\\bin\\Debug\\net6.0\\fine-code-coverage\\build-output\\BookStore.UnitTest.dll","CodeFilePath":null,"LineNumber":0,"Properties":[{"Key":{"Id":"NUnit.Seed","Label":"Seed","Category":"","Description":"","Attributes":0,"ValueType":"System.String"},"Value":"1029541695"}]},"Attachments":[],"Outcome":1,"ErrorMessage":null,"ErrorStackTrace":null,"DisplayName":"GetBooks_Returns_Ok","Messages":[],"ComputerName":"NB7RG99S3","Duration":"00:00:00.0017050","StartTime":"2023-04-14T07:03:20.6985399+00:00","EndTime":"2023-04-14T07:03:20.700245+00:00","Properties":[{"Key":{"Id":"NUnit.Seed","Label":"Seed","Category":"","Description":"","Attributes":0,"ValueType":"System.String"},"Value":"1029541695"}]},{"TestCase":{"Id":"d2763133-385c-91fc-c9c5-4d6f997e36a0","FullyQualifiedName":"BookStore.UnitTest.BookStoreBookControllerTests.Update_Book_Returns_BadRequest_ID_Not_Match","DisplayName":"Update_Book_Returns_BadRequest_ID_Not_Match","ExecutorUri":"executor://NUnit3TestExecutor","Source":"C:\\Users\\sevval.colak\\source\\repos\\BookStore\\BookStore.UnitTest\\bin\\Debug\\net6.0\\fine-code-coverage\\build-output\\BookStore.UnitTest.dll","CodeFilePath":null,"LineNumber":0,"Properties":[{"Key":{"Id":"NUnit.Seed","Label":"Seed","Category":"","Description":"","Attributes":0,"ValueType":"System.String"},"Value":"1622519426"}]},"Attachments":[],"Outcome":1,"ErrorMessage":null,"ErrorStackTrace":null,"DisplayName":"Update_Book_Returns_BadRequest_ID_Not_Match","Messages":[],"ComputerName":"NB7RG99S3","Duration":"00:00:00.0019060","StartTime":"2023-04-14T07:03:20.7002621+00:00","EndTime":"2023-04-14T07:03:20.7021678+00:00","Properties":[{"Key":{"Id":"NUnit.Seed","Label":"Seed","Category":"","Description":"","Attributes":0,"ValueType":"System.String"},"Value":"1622519426"}]}],"TestRunStatistics":{"ExecutedTests":36,"Stats":{"Passed":36}},"ActiveTests":[{"Id":"4254dd86-a8e1-70aa-5144-d775aad0aca3","FullyQualifiedName":"BookStore.UnitTest.BookStoreBookControllerTests.Update_Book_Returns_Ok","DisplayName":"Update_Book_Returns_Ok","ExecutorUri":"executor://NUnit3TestExecutor","Source":"C:\\Users\\sevval.colak\\source\\repos\\BookStore\\BookStore.UnitTest\\bin\\Debug\\net6.0\\fine-code-coverage\\build-output\\BookStore.UnitTest.dll","CodeFilePath":null,"LineNumber":0,"Properties":[{"Key":{"Id":"NUnit.Seed","Label":"Seed","Category":"","Description":"","Attributes":0,"ValueType":"System.String"},"Value":"425204210"}]}]}}
TpTrace Verbose: 0 : 14844, 13, 2023/04/14, 10:03:20.708, 2621526207908, vstest.console.dll, TestRunRequest:SendTestRunStatsChange: Starting.
TpTrace Verbose: 0 : 14844, 13, 2023/04/14, 10:03:20.708, 2621526208327, vstest.console.dll, InProgress is Update_Book_Returns_Ok
TpTrace Verbose: 0 : 14844, 13, 2023/04/14, 10:03:20.708, 2621526208606, vstest.console.dll, MulticastDelegateUtilities.SafeInvoke: TestRun.RunStatsChanged: Invoking callbacks was skipped because there are no subscribers.
TpTrace Information: 0 : 14844, 13, 2023/04/14, 10:03:20.708, 2621526208752, vstest.console.dll, TestRunRequest:SendTestRunStatsChange: Completed.
TpTrace Verbose: 0 : 14844, 13, 2023/04/14, 10:03:20.708, 2621526208888, vstest.console.dll, MulticastDelegateUtilities.SafeInvoke: LengthPrefixCommunicationChannel: MessageReceived: Invoking callback 1/1 for Microsoft.VisualStudio.TestPlatform.CommunicationUtilities.TestRequestSender+<>c__DisplayClass31_0., took 1 ms.
TpTrace Verbose: 0 : 14844, 13, 2023/04/14, 10:03:20.708, 2621526209051, vstest.console.dll, TcpClientExtensions.MessageLoopAsync: Polling on remoteEndPoint: 127.0.0.1:58632 localEndPoint: 127.0.0.1:58631
TpTrace Verbose: 0 : 14844, 4, 2023/04/14, 10:03:20.708, 2621526209915, vstest.console.dll, MulticastDelegateUtilities.SafeInvoke: InternalTestLoggerEvents.SendTestResult: Invoking callback 1/1 for Microsoft.VisualStudio.TestPlatform.CommandLine.Internal.ConsoleLogger., took 0 ms.
TpTrace Verbose: 0 : 14844, 4, 2023/04/14, 10:03:20.708, 2621526211329, vstest.console.dll, MulticastDelegateUtilities.SafeInvoke: InternalTestLoggerEvents.SendTestResult: Invoking callback 1/1 for Microsoft.VisualStudio.TestPlatform.CommandLine.Internal.ConsoleLogger., took 0 ms.
TpTrace Verbose: 0 : 14844, 4, 2023/04/14, 10:03:20.708, 2621526212216, vstest.console.dll, MulticastDelegateUtilities.SafeInvoke: InternalTestLoggerEvents.SendTestResult: Invoking callback 1/1 for Microsoft.VisualStudio.TestPlatform.CommandLine.Internal.ConsoleLogger., took 0 ms.
TpTrace Verbose: 0 : 14844, 4, 2023/04/14, 10:03:20.708, 2621526212870, vstest.console.dll, MulticastDelegateUtilities.SafeInvoke: InternalTestLoggerEvents.SendTestResult: Invoking callback 1/1 for Microsoft.VisualStudio.TestPlatform.CommandLine.Internal.ConsoleLogger., took 0 ms.
TpTrace Verbose: 0 : 14844, 4, 2023/04/14, 10:03:20.708, 2621526213039, vstest.console.dll, MulticastDelegateUtilities.SafeInvoke: InternalTestLoggerEvents.SendTestResult: Invoking callback 1/1 for Microsoft.VisualStudio.TestPlatform.CommandLine.Internal.ConsoleLogger., took 0 ms.
TpTrace Verbose: 0 : 14844, 4, 2023/04/14, 10:03:20.708, 2621526213268, vstest.console.dll, MulticastDelegateUtilities.SafeInvoke: InternalTestLoggerEvents.SendTestResult: Invoking callback 1/1 for Microsoft.VisualStudio.TestPlatform.CommandLine.Internal.ConsoleLogger., took 0 ms.
TpTrace Verbose: 0 : 14844, 4, 2023/04/14, 10:03:20.708, 2621526213401, vstest.console.dll, MulticastDelegateUtilities.SafeInvoke: InternalTestLoggerEvents.SendTestResult: Invoking callback 1/1 for Microsoft.VisualStudio.TestPlatform.CommandLine.Internal.ConsoleLogger., took 0 ms.
TpTrace Verbose: 0 : 14844, 4, 2023/04/14, 10:03:20.708, 2621526215033, vstest.console.dll, MulticastDelegateUtilities.SafeInvoke: InternalTestLoggerEvents.SendTestResult: Invoking callback 1/1 for Microsoft.VisualStudio.TestPlatform.CommandLine.Internal.ConsoleLogger., took 0 ms.
TpTrace Verbose: 0 : 14844, 4, 2023/04/14, 10:03:20.709, 2621526215798, vstest.console.dll, MulticastDelegateUtilities.SafeInvoke: InternalTestLoggerEvents.SendTestResult: Invoking callback 1/1 for Microsoft.VisualStudio.TestPlatform.CommandLine.Internal.ConsoleLogger., took 0 ms.
TpTrace Verbose: 0 : 14844, 13, 2023/04/14, 10:03:20.732, 2621526453719, vstest.console.dll, TcpClientExtensions.MessageLoopAsync: NotifyDataAvailable remoteEndPoint: 127.0.0.1:58632 localEndPoint: 127.0.0.1:58631
TpTrace Verbose: 0 : 14844, 13, 2023/04/14, 10:03:20.733, 2621526457547, vstest.console.dll, TestRequestSender.OnExecutionMessageReceived: Received message: {"Version":7,"MessageType":"TestExecution.StatsChange","Payload":{"NewTestResults":[{"TestCase":{"Id":"4254dd86-a8e1-70aa-5144-d775aad0aca3","FullyQualifiedName":"BookStore.UnitTest.BookStoreBookControllerTests.Update_Book_Returns_Ok","DisplayName":"Update_Book_Returns_Ok","ExecutorUri":"executor://NUnit3TestExecutor","Source":"C:\\Users\\sevval.colak\\source\\repos\\BookStore\\BookStore.UnitTest\\bin\\Debug\\net6.0\\fine-code-coverage\\build-output\\BookStore.UnitTest.dll","CodeFilePath":null,"LineNumber":0,"Properties":[{"Key":{"Id":"NUnit.Seed","Label":"Seed","Category":"","Description":"","Attributes":0,"ValueType":"System.String"},"Value":"425204210"}]},"Attachments":[],"Outcome":1,"ErrorMessage":null,"ErrorStackTrace":null,"DisplayName":"Update_Book_Returns_Ok","Messages":[],"ComputerName":"NB7RG99S3","Duration":"00:00:00.0016780","StartTime":"2023-04-14T07:03:20.7021826+00:00","EndTime":"2023-04-14T07:03:20.7038608+00:00","Properties":[{"Key":{"Id":"NUnit.Seed","Label":"Seed","Category":"","Description":"","Attributes":0,"ValueType":"System.String"},"Value":"425204210"}]},{"TestCase":{"Id":"51a25ae6-2528-acad-3746-dcd82e474cdb","FullyQualifiedName":"BookStore.UnitTest.BookStoreBookHandlerTests.BookHandler_CreateBook_Successfully","DisplayName":"BookHandler_CreateBook_Successfully","ExecutorUri":"executor://NUnit3TestExecutor","Source":"C:\\Users\\sevval.colak\\source\\repos\\BookStore\\BookStore.UnitTest\\bin\\Debug\\net6.0\\fine-code-coverage\\build-output\\BookStore.UnitTest.dll","CodeFilePath":null,"LineNumber":0,"Properties":[{"Key":{"Id":"NUnit.Seed","Label":"Seed","Category":"","Description":"","Attributes":0,"ValueType":"System.String"},"Value":"1645597413"}]},"Attachments":[],"Outcome":1,"ErrorMessage":null,"ErrorStackTrace":null,"DisplayName":"BookHandler_CreateBook_Successfully","Messages":[],"ComputerName":"NB7RG99S3","Duration":"00:00:00.0035980","StartTime":"2023-04-14T07:03:20.7046514+00:00","EndTime":"2023-04-14T07:03:20.7082488+00:00","Properties":[{"Key":{"Id":"NUnit.Seed","Label":"Seed","Category":"","Description":"","Attributes":0,"ValueType":"System.String"},"Value":"1645597413"}]},{"TestCase":{"Id":"d13fdd22-fc1c-1987-a926-c83f8d9deb4c","FullyQualifiedName":"BookStore.UnitTest.BookStoreBookHandlerTests.BookHandler_DeleteAuthor_Does_Not_Exist","DisplayName":"BookHandler_DeleteAuthor_Does_Not_Exist","ExecutorUri":"executor://NUnit3TestExecutor","Source":"C:\\Users\\sevval.colak\\source\\repos\\BookStore\\BookStore.UnitTest\\bin\\Debug\\net6.0\\fine-code-coverage\\build-output\\BookStore.UnitTest.dll","CodeFilePath":null,"LineNumber":0,"Properties":[{"Key":{"Id":"NUnit.Seed","Label":"Seed","Category":"","Description":"","Attributes":0,"ValueType":"System.String"},"Value":"985863716"}]},"Attachments":[],"Outcome":1,"ErrorMessage":null,"ErrorStackTrace":null,"DisplayName":"BookHandler_DeleteAuthor_Does_Not_Exist","Messages":[],"ComputerName":"NB7RG99S3","Duration":"00:00:00.0017150","StartTime":"2023-04-14T07:03:20.7082649+00:00","EndTime":"2023-04-14T07:03:20.7099799+00:00","Properties":[{"Key":{"Id":"NUnit.Seed","Label":"Seed","Category":"","Description":"","Attributes":0,"ValueType":"System.String"},"Value":"985863716"}]},{"TestCase":{"Id":"3d6a51e3-16ff-0834-9c76-b45223f3ec70","FullyQualifiedName":"BookStore.UnitTest.BookStoreBookHandlerTests.BookHandler_DeleteAuthor_Successfully","DisplayName":"BookHandler_DeleteAuthor_Successfully","ExecutorUri":"executor://NUnit3TestExecutor","Source":"C:\\Users\\sevval.colak\\source\\repos\\BookStore\\BookStore.UnitTest\\bin\\Debug\\net6.0\\fine-code-coverage\\build-output\\BookStore.UnitTest.dll","CodeFilePath":null,"LineNumber":0,"Properties":[{"Key":{"Id":"NUnit.Seed","Label":"Seed","Category":"","Description":"","Attributes":0,"ValueType":"System.String"},"Value":"2021002867"}]},"Attachments":[],"Outcome":1,"ErrorMessage":null,"ErrorStackTrace":null,"DisplayName":"BookHandler_DeleteAuthor_Successfully","Messages":[],"ComputerName":"NB7RG99S3","Duration":"00:00:00.0012870","StartTime":"2023-04-14T07:03:20.709993+00:00","EndTime":"2023-04-14T07:03:20.7112794+00:00","Properties":[{"Key":{"Id":"NUnit.Seed","Label":"Seed","Category":"","Description":"","Attributes":0,"ValueType":"System.String"},"Value":"2021002867"}]},{"TestCase":{"Id":"cf74e651-e310-2ae3-5a3d-32ec3a821512","FullyQualifiedName":"BookStore.UnitTest.BookStoreBookHandlerTests.BookHandler_GetBook_ReturnsBook","DisplayName":"BookHandler_GetBook_ReturnsBook","ExecutorUri":"executor://NUnit3TestExecutor","Source":"C:\\Users\\sevval.colak\\source\\repos\\BookStore\\BookStore.UnitTest\\bin\\Debug\\net6.0\\fine-code-coverage\\build-output\\BookStore.UnitTest.dll","CodeFilePath":null,"LineNumber":0,"Properties":[{"Key":{"Id":"NUnit.Seed","Label":"Seed","Category":"","Description":"","Attributes":0,"ValueType":"System.String"},"Value":"1038671288"}]},"Attachments":[],"Outcome":1,"ErrorMessage":null,"ErrorStackTrace":null,"DisplayName":"BookHandler_GetBook_ReturnsBook","Messages":[],"ComputerName":"NB7RG99S3","Duration":"00:00:00.0035920","StartTime":"2023-04-14T07:03:20.7112922+00:00","EndTime":"2023-04-14T07:03:20.714884+00:00","Properties":[{"Key":{"Id":"NUnit.Seed","Label":"Seed","Category":"","Description":"","Attributes":0,"ValueType":"System.String"},"Value":"1038671288"}]},{"TestCase":{"Id":"e8dded63-4b4c-eebf-629a-158ccdfe6ac9","FullyQualifiedName":"BookStore.UnitTest.BookStoreBookHandlerTests.BookHandler_GetBook_ReturnsBook_Null","DisplayName":"BookHandler_GetBook_ReturnsBook_Null","ExecutorUri":"executor://NUnit3TestExecutor","Source":"C:\\Users\\sevval.colak\\source\\repos\\BookStore\\BookStore.UnitTest\\bin\\Debug\\net6.0\\fine-code-coverage\\build-output\\BookStore.UnitTest.dll","CodeFilePath":null,"LineNumber":0,"Properties":[{"Key":{"Id":"NUnit.Seed","Label":"Seed","Category":"","Description":"","Attributes":0,"ValueType":"System.String"},"Value":"51268654"}]},"Attachments":[],"Outcome":1,"ErrorMessage":null,"ErrorStackTrace":null,"DisplayName":"BookHandler_GetBook_ReturnsBook_Null","Messages":[],"ComputerName":"NB7RG99S3","Duration":"00:00:00.0011689","StartTime":"2023-04-14T07:03:20.7149025+00:00","EndTime":"2023-04-14T07:03:20.7160713+00:00","Properties":[{"Key":{"Id":"NUnit.Seed","Label":"Seed","Category":"","Description":"","Attributes":0,"ValueType":"System.String"},"Value":"51268654"}]},{"TestCase":{"Id":"4a1d6805-b4b6-dfbc-80d0-88e5080364a3","FullyQualifiedName":"BookStore.UnitTest.BookStoreBookHandlerTests.BookHandler_GetBooks_ReturnsBooks","DisplayName":"BookHandler_GetBooks_ReturnsBooks","ExecutorUri":"executor://NUnit3TestExecutor","Source":"C:\\Users\\sevval.colak\\source\\repos\\BookStore\\BookStore.UnitTest\\bin\\Debug\\net6.0\\fine-code-coverage\\build-output\\BookStore.UnitTest.dll","CodeFilePath":null,"LineNumber":0,"Properties":[{"Key":{"Id":"NUnit.Seed","Label":"Seed","Category":"","Description":"","Attributes":0,"ValueType":"System.String"},"Value":"569699344"}]},"Attachments":[],"Outcome":1,"ErrorMessage":null,"ErrorStackTrace":null,"DisplayName":"BookHandler_GetBooks_ReturnsBooks","Messages":[],"ComputerName":"NB7RG99S3","Duration":"00:00:00.0068760","StartTime":"2023-04-14T07:03:20.7160893+00:00","EndTime":"2023-04-14T07:03:20.7229649+00:00","Properties":[{"Key":{"Id":"NUnit.Seed","Label":"Seed","Category":"","Description":"","Attributes":0,"ValueType":"System.String"},"Value":"569699344"}]},{"TestCase":{"Id":"6a3ad991-5ab8-12c6-bdbb-7bc7a0ec8af6","FullyQualifiedName":"BookStore.UnitTest.BookStoreBookHandlerTests.BookHandler_GetBooks_ReturnsBooks_Empty","DisplayName":"BookHandler_GetBooks_ReturnsBooks_Empty","ExecutorUri":"executor://NUnit3TestExecutor","Source":"C:\\Users\\sevval.colak\\source\\repos\\BookStore\\BookStore.UnitTest\\bin\\Debug\\net6.0\\fine-code-coverage\\build-output\\BookStore.UnitTest.dll","CodeFilePath":null,"LineNumber":0,"Properties":[{"Key":{"Id":"NUnit.Seed","Label":"Seed","Category":"","Description":"","Attributes":0,"ValueType":"System.String"},"Value":"2140287127"}]},"Attachments":[],"Outcome":1,"ErrorMessage":null,"ErrorStackTrace":null,"DisplayName":"BookHandler_GetBooks_ReturnsBooks_Empty","Messages":[],"ComputerName":"NB7RG99S3","Duration":"00:00:00.0013750","StartTime":"2023-04-14T07:03:20.722981+00:00","EndTime":"2023-04-14T07:03:20.7243563+00:00","Properties":[{"Key":{"Id":"NUnit.Seed","Label":"Seed","Category":"","Description":"","Attributes":0,"ValueType":"System.String"},"Value":"2140287127"}]},{"TestCase":{"Id":"108f6747-f282-141f-2edb-64726b66d0c0","FullyQualifiedName":"BookStore.UnitTest.BookStoreBookHandlerTests.BookHandler_GetBooks_ReturnsBooks_String_Is_Empty","DisplayName":"BookHandler_GetBooks_ReturnsBooks_String_Is_Empty","ExecutorUri":"executor://NUnit3TestExecutor","Source":"C:\\Users\\sevval.colak\\source\\repos\\BookStore\\BookStore.UnitTest\\bin\\Debug\\net6.0\\fine-code-coverage\\build-output\\BookStore.UnitTest.dll","CodeFilePath":null,"LineNumber":0,"Properties":[{"Key":{"Id":"NUnit.Seed","Label":"Seed","Category":"","Description":"","Attributes":0,"ValueType":"System.String"},"Value":"110429046"}]},"Attachments":[],"Outcome":1,"ErrorMessage":null,"ErrorStackTrace":null,"DisplayName":"BookHandler_GetBooks_ReturnsBooks_String_Is_Empty","Messages":[],"ComputerName":"NB7RG99S3","Duration":"00:00:00.0035010","StartTime":"2023-04-14T07:03:20.7243676+00:00","EndTime":"2023-04-14T07:03:20.7278686+00:00","Properties":[{"Key":{"Id":"NUnit.Seed","Label":"Seed","Category":"","Description":"","Attributes":0,"ValueType":"System.String"},"Value":"110429046"}]}],"TestRunStatistics":{"ExecutedTests":45,"Stats":{"Passed":45}},"ActiveTests":[{"Id":"4426e8bd-6873-18cc-42c4-f01590ed79ac","FullyQualifiedName":"BookStore.UnitTest.BookStoreBookHandlerTests.BookHandler_UpdateAuthor_Successfully","DisplayName":"BookHandler_UpdateAuthor_Successfully","ExecutorUri":"executor://NUnit3TestExecutor","Source":"C:\\Users\\sevval.colak\\source\\repos\\BookStore\\BookStore.UnitTest\\bin\\Debug\\net6.0\\fine-code-coverage\\build-output\\BookStore.UnitTest.dll","CodeFilePath":null,"LineNumber":0,"Properties":[{"Key":{"Id":"NUnit.Seed","Label":"Seed","Category":"","Description":"","Attributes":0,"ValueType":"System.String"},"Value":"364742522"}]}]}}
TpTrace Verbose: 0 : 14844, 13, 2023/04/14, 10:03:20.734, 2621526470421, vstest.console.dll, TestRunRequest:SendTestRunStatsChange: Starting.
TpTrace Verbose: 0 : 14844, 13, 2023/04/14, 10:03:20.734, 2621526470999, vstest.console.dll, InProgress is BookHandler_UpdateAuthor_Successfully
TpTrace Verbose: 0 : 14844, 13, 2023/04/14, 10:03:20.734, 2621526471351, vstest.console.dll, MulticastDelegateUtilities.SafeInvoke: TestRun.RunStatsChanged: Invoking callbacks was skipped because there are no subscribers.
TpTrace Information: 0 : 14844, 13, 2023/04/14, 10:03:20.734, 2621526471522, vstest.console.dll, TestRunRequest:SendTestRunStatsChange: Completed.
TpTrace Verbose: 0 : 14844, 13, 2023/04/14, 10:03:20.734, 2621526471694, vstest.console.dll, MulticastDelegateUtilities.SafeInvoke: LengthPrefixCommunicationChannel: MessageReceived: Invoking callback 1/1 for Microsoft.VisualStudio.TestPlatform.CommunicationUtilities.TestRequestSender+<>c__DisplayClass31_0., took 1 ms.
TpTrace Verbose: 0 : 14844, 13, 2023/04/14, 10:03:20.734, 2621526471871, vstest.console.dll, TcpClientExtensions.MessageLoopAsync: Polling on remoteEndPoint: 127.0.0.1:58632 localEndPoint: 127.0.0.1:58631
TpTrace Verbose: 0 : 14844, 4, 2023/04/14, 10:03:20.734, 2621526472846, vstest.console.dll, MulticastDelegateUtilities.SafeInvoke: InternalTestLoggerEvents.SendTestResult: Invoking callback 1/1 for Microsoft.VisualStudio.TestPlatform.CommandLine.Internal.ConsoleLogger., took 0 ms.
TpTrace Verbose: 0 : 14844, 4, 2023/04/14, 10:03:20.734, 2621526474383, vstest.console.dll, MulticastDelegateUtilities.SafeInvoke: InternalTestLoggerEvents.SendTestResult: Invoking callback 1/1 for Microsoft.VisualStudio.TestPlatform.CommandLine.Internal.ConsoleLogger., took 0 ms.
TpTrace Verbose: 0 : 14844, 4, 2023/04/14, 10:03:20.735, 2621526475453, vstest.console.dll, MulticastDelegateUtilities.SafeInvoke: InternalTestLoggerEvents.SendTestResult: Invoking callback 1/1 for Microsoft.VisualStudio.TestPlatform.CommandLine.Internal.ConsoleLogger., took 0 ms.
TpTrace Verbose: 0 : 14844, 4, 2023/04/14, 10:03:20.735, 2621526475700, vstest.console.dll, MulticastDelegateUtilities.SafeInvoke: InternalTestLoggerEvents.SendTestResult: Invoking callback 1/1 for Microsoft.VisualStudio.TestPlatform.CommandLine.Internal.ConsoleLogger., took 0 ms.
TpTrace Verbose: 0 : 14844, 4, 2023/04/14, 10:03:20.735, 2621526475864, vstest.console.dll, MulticastDelegateUtilities.SafeInvoke: InternalTestLoggerEvents.SendTestResult: Invoking callback 1/1 for Microsoft.VisualStudio.TestPlatform.CommandLine.Internal.ConsoleLogger., took 0 ms.
TpTrace Verbose: 0 : 14844, 4, 2023/04/14, 10:03:20.735, 2621526476037, vstest.console.dll, MulticastDelegateUtilities.SafeInvoke: InternalTestLoggerEvents.SendTestResult: Invoking callback 1/1 for Microsoft.VisualStudio.TestPlatform.CommandLine.Internal.ConsoleLogger., took 0 ms.
TpTrace Verbose: 0 : 14844, 4, 2023/04/14, 10:03:20.735, 2621526476207, vstest.console.dll, MulticastDelegateUtilities.SafeInvoke: InternalTestLoggerEvents.SendTestResult: Invoking callback 1/1 for Microsoft.VisualStudio.TestPlatform.CommandLine.Internal.ConsoleLogger., took 0 ms.
TpTrace Verbose: 0 : 14844, 4, 2023/04/14, 10:03:20.735, 2621526476367, vstest.console.dll, MulticastDelegateUtilities.SafeInvoke: InternalTestLoggerEvents.SendTestResult: Invoking callback 1/1 for Microsoft.VisualStudio.TestPlatform.CommandLine.Internal.ConsoleLogger., took 0 ms.
TpTrace Verbose: 0 : 14844, 4, 2023/04/14, 10:03:20.735, 2621526476529, vstest.console.dll, MulticastDelegateUtilities.SafeInvoke: InternalTestLoggerEvents.SendTestResult: Invoking callback 1/1 for Microsoft.VisualStudio.TestPlatform.CommandLine.Internal.ConsoleLogger., took 0 ms.
TpTrace Verbose: 0 : 14844, 13, 2023/04/14, 10:03:20.813, 2621527258181, vstest.console.dll, TcpClientExtensions.MessageLoopAsync: NotifyDataAvailable remoteEndPoint: 127.0.0.1:58632 localEndPoint: 127.0.0.1:58631
TpTrace Verbose: 0 : 14844, 13, 2023/04/14, 10:03:20.813, 2621527263855, vstest.console.dll, TestRequestSender.OnExecutionMessageReceived: Received message: {"Version":7,"MessageType":"TestExecution.StatsChange","Payload":{"NewTestResults":[{"TestCase":{"Id":"4426e8bd-6873-18cc-42c4-f01590ed79ac","FullyQualifiedName":"BookStore.UnitTest.BookStoreBookHandlerTests.BookHandler_UpdateAuthor_Successfully","DisplayName":"BookHandler_UpdateAuthor_Successfully","ExecutorUri":"executor://NUnit3TestExecutor","Source":"C:\\Users\\sevval.colak\\source\\repos\\BookStore\\BookStore.UnitTest\\bin\\Debug\\net6.0\\fine-code-coverage\\build-output\\BookStore.UnitTest.dll","CodeFilePath":null,"LineNumber":0,"Properties":[{"Key":{"Id":"NUnit.Seed","Label":"Seed","Category":"","Description":"","Attributes":0,"ValueType":"System.String"},"Value":"364742522"}]},"Attachments":[],"Outcome":1,"ErrorMessage":null,"ErrorStackTrace":null,"DisplayName":"BookHandler_UpdateAuthor_Successfully","Messages":[],"ComputerName":"NB7RG99S3","Duration":"00:00:00.0019340","StartTime":"2023-04-14T07:03:20.7278827+00:00","EndTime":"2023-04-14T07:03:20.7298168+00:00","Properties":[{"Key":{"Id":"NUnit.Seed","Label":"Seed","Category":"","Description":"","Attributes":0,"ValueType":"System.String"},"Value":"364742522"}]},{"TestCase":{"Id":"7d197770-a46b-e140-98cf-c315e8f0f06c","FullyQualifiedName":"BookStore.UnitTest.BookStoreBookRepositoryTests.BookExists_Returns_True","DisplayName":"BookExists_Returns_True","ExecutorUri":"executor://NUnit3TestExecutor","Source":"C:\\Users\\sevval.colak\\source\\repos\\BookStore\\BookStore.UnitTest\\bin\\Debug\\net6.0\\fine-code-coverage\\build-output\\BookStore.UnitTest.dll","CodeFilePath":null,"LineNumber":0,"Properties":[{"Key":{"Id":"NUnit.Seed","Label":"Seed","Category":"","Description":"","Attributes":0,"ValueType":"System.String"},"Value":"1792669952"}]},"Attachments":[],"Outcome":1,"ErrorMessage":null,"ErrorStackTrace":null,"DisplayName":"BookExists_Returns_True","Messages":[],"ComputerName":"NB7RG99S3","Duration":"00:00:00.0249379","StartTime":"2023-04-14T07:03:20.7346696+00:00","EndTime":"2023-04-14T07:03:20.7596077+00:00","Properties":[{"Key":{"Id":"NUnit.Seed","Label":"Seed","Category":"","Description":"","Attributes":0,"ValueType":"System.String"},"Value":"1792669952"}]},{"TestCase":{"Id":"0ed1ef48-8c43-f96e-a757-2809a5be949a","FullyQualifiedName":"BookStore.UnitTest.BookStoreBookRepositoryTests.CreateBook_Returns_True","DisplayName":"CreateBook_Returns_True","ExecutorUri":"executor://NUnit3TestExecutor","Source":"C:\\Users\\sevval.colak\\source\\repos\\BookStore\\BookStore.UnitTest\\bin\\Debug\\net6.0\\fine-code-coverage\\build-output\\BookStore.UnitTest.dll","CodeFilePath":null,"LineNumber":0,"Properties":[{"Key":{"Id":"NUnit.Seed","Label":"Seed","Category":"","Description":"","Attributes":0,"ValueType":"System.String"},"Value":"1138267985"}]},"Attachments":[],"Outcome":1,"ErrorMessage":null,"ErrorStackTrace":null,"DisplayName":"CreateBook_Returns_True","Messages":[],"ComputerName":"NB7RG99S3","Duration":"00:00:00.0005900","StartTime":"2023-04-14T07:03:20.7596306+00:00","EndTime":"2023-04-14T07:03:20.7602201+00:00","Properties":[{"Key":{"Id":"NUnit.Seed","Label":"Seed","Category":"","Description":"","Attributes":0,"ValueType":"System.String"},"Value":"1138267985"}]},{"TestCase":{"Id":"0294ae32-82a1-c077-5cd1-6ed6a3a3f815","FullyQualifiedName":"BookStore.UnitTest.BookStoreBookRepositoryTests.DeleteBook_Returns_True","DisplayName":"DeleteBook_Returns_True","ExecutorUri":"executor://NUnit3TestExecutor","Source":"C:\\Users\\sevval.colak\\source\\repos\\BookStore\\BookStore.UnitTest\\bin\\Debug\\net6.0\\fine-code-coverage\\build-output\\BookStore.UnitTest.dll","CodeFilePath":null,"LineNumber":0,"Properties":[{"Key":{"Id":"NUnit.Seed","Label":"Seed","Category":"","Description":"","Attributes":0,"ValueType":"System.String"},"Value":"1774277387"}]},"Attachments":[],"Outcome":1,"ErrorMessage":null,"ErrorStackTrace":null,"DisplayName":"DeleteBook_Returns_True","Messages":[],"ComputerName":"NB7RG99S3","Duration":"00:00:00.0014750","StartTime":"2023-04-14T07:03:20.760231+00:00","EndTime":"2023-04-14T07:03:20.7617063+00:00","Properties":[{"Key":{"Id":"NUnit.Seed","Label":"Seed","Category":"","Description":"","Attributes":0,"ValueType":"System.String"},"Value":"1774277387"}]},{"TestCase":{"Id":"fd0a5c34-1372-5b38-f86a-28a0ad740fdb","FullyQualifiedName":"BookStore.UnitTest.BookStoreBookRepositoryTests.GetBook_Returns_Book_Successfully","DisplayName":"GetBook_Returns_Book_Successfully","ExecutorUri":"executor://NUnit3TestExecutor","Source":"C:\\Users\\sevval.colak\\source\\repos\\BookStore\\BookStore.UnitTest\\bin\\Debug\\net6.0\\fine-code-coverage\\build-output\\BookStore.UnitTest.dll","CodeFilePath":null,"LineNumber":0,"Properties":[{"Key":{"Id":"NUnit.Seed","Label":"Seed","Category":"","Description":"","Attributes":0,"ValueType":"System.String"},"Value":"1252821151"}]},"Attachments":[],"Outcome":1,"ErrorMessage":null,"ErrorStackTrace":null,"DisplayName":"GetBook_Returns_Book_Successfully","Messages":[],"ComputerName":"NB7RG99S3","Duration":"00:00:00.0232010","StartTime":"2023-04-14T07:03:20.7617189+00:00","EndTime":"2023-04-14T07:03:20.7849192+00:00","Properties":[{"Key":{"Id":"NUnit.Seed","Label":"Seed","Category":"","Description":"","Attributes":0,"ValueType":"System.String"},"Value":"1252821151"}]},{"TestCase":{"Id":"a169d8c9-7f0c-bc30-c337-c7193f607d56","FullyQualifiedName":"BookStore.UnitTest.BookStoreBookRepositoryTests.GetBook_Returns_Books_Successfully","DisplayName":"GetBook_Returns_Books_Successfully","ExecutorUri":"executor://NUnit3TestExecutor","Source":"C:\\Users\\sevval.colak\\source\\repos\\BookStore\\BookStore.UnitTest\\bin\\Debug\\net6.0\\fine-code-coverage\\build-output\\BookStore.UnitTest.dll","CodeFilePath":null,"LineNumber":0,"Properties":[{"Key":{"Id":"NUnit.Seed","Label":"Seed","Category":"","Description":"","Attributes":0,"ValueType":"System.String"},"Value":"1961513828"}]},"Attachments":[],"Outcome":1,"ErrorMessage":null,"ErrorStackTrace":null,"DisplayName":"GetBook_Returns_Books_Successfully","Messages":[],"ComputerName":"NB7RG99S3","Duration":"00:00:00.0112770","StartTime":"2023-04-14T07:03:20.7849632+00:00","EndTime":"2023-04-14T07:03:20.7962399+00:00","Properties":[{"Key":{"Id":"NUnit.Seed","Label":"Seed","Category":"","Description":"","Attributes":0,"ValueType":"System.String"},"Value":"1961513828"}]},{"TestCase":{"Id":"8baa9679-dd3a-26e8-78e7-3a79fd61f97f","FullyQualifiedName":"BookStore.UnitTest.BookStoreBookRepositoryTests.GetBookNoTracking_Returns_Book_Successfully","DisplayName":"GetBookNoTracking_Returns_Book_Successfully","ExecutorUri":"executor://NUnit3TestExecutor","Source":"C:\\Users\\sevval.colak\\source\\repos\\BookStore\\BookStore.UnitTest\\bin\\Debug\\net6.0\\fine-code-coverage\\build-output\\BookStore.UnitTest.dll","CodeFilePath":null,"LineNumber":0,"Properties":[{"Key":{"Id":"NUnit.Seed","Label":"Seed","Category":"","Description":"","Attributes":0,"ValueType":"System.String"},"Value":"1271849377"}]},"Attachments":[],"Outcome":1,"ErrorMessage":null,"ErrorStackTrace":null,"DisplayName":"GetBookNoTracking_Returns_Book_Successfully","Messages":[],"ComputerName":"NB7RG99S3","Duration":"00:00:00.0066750","StartTime":"2023-04-14T07:03:20.7962746+00:00","EndTime":"2023-04-14T07:03:20.8029494+00:00","Properties":[{"Key":{"Id":"NUnit.Seed","Label":"Seed","Category":"","Description":"","Attributes":0,"ValueType":"System.String"},"Value":"1271849377"}]},{"TestCase":{"Id":"20edfd9b-c494-86c3-badd-a75b336c0c6b","FullyQualifiedName":"BookStore.UnitTest.BookStoreBookRepositoryTests.GetBooks_Returns_All_Books_Predicate_Is_Null","DisplayName":"GetBooks_Returns_All_Books_Predicate_Is_Null","ExecutorUri":"executor://NUnit3TestExecutor","Source":"C:\\Users\\sevval.colak\\source\\repos\\BookStore\\BookStore.UnitTest\\bin\\Debug\\net6.0\\fine-code-coverage\\build-output\\BookStore.UnitTest.dll","CodeFilePath":null,"LineNumber":0,"Properties":[{"Key":{"Id":"NUnit.Seed","Label":"Seed","Category":"","Description":"","Attributes":0,"ValueType":"System.String"},"Value":"1732175362"}]},"Attachments":[],"Outcome":1,"ErrorMessage":null,"ErrorStackTrace":null,"DisplayName":"GetBooks_Returns_All_Books_Predicate_Is_Null","Messages":[],"ComputerName":"NB7RG99S3","Duration":"00:00:00.0058400","StartTime":"2023-04-14T07:03:20.802974+00:00","EndTime":"2023-04-14T07:03:20.8088134+00:00","Properties":[{"Key":{"Id":"NUnit.Seed","Label":"Seed","Category":"","Description":"","Attributes":0,"ValueType":"System.String"},"Value":"1732175362"}]},{"TestCase":{"Id":"ced61cbc-d1df-6aab-ccc3-ea9e7e7a15ea","FullyQualifiedName":"BookStore.UnitTest.BookStoreBookRepositoryTests.UpdateBook_Returns_True","DisplayName":"UpdateBook_Returns_True","ExecutorUri":"executor://NUnit3TestExecutor","Source":"C:\\Users\\sevval.colak\\source\\repos\\BookStore\\BookStore.UnitTest\\bin\\Debug\\net6.0\\fine-code-coverage\\build-output\\BookStore.UnitTest.dll","CodeFilePath":null,"LineNumber":0,"Properties":[{"Key":{"Id":"NUnit.Seed","Label":"Seed","Category":"","Description":"","Attributes":0,"ValueType":"System.String"},"Value":"1917267778"}]},"Attachments":[],"Outcome":1,"ErrorMessage":null,"ErrorStackTrace":null,"DisplayName":"UpdateBook_Returns_True","Messages":[],"ComputerName":"NB7RG99S3","Duration":"00:00:00.0007660","StartTime":"2023-04-14T07:03:20.8088337+00:00","EndTime":"2023-04-14T07:03:20.8095992+00:00","Properties":[{"Key":{"Id":"NUnit.Seed","Label":"Seed","Category":"","Description":"","Attributes":0,"ValueType":"System.String"},"Value":"1917267778"}]}],"TestRunStatistics":{"ExecutedTests":54,"Stats":{"Passed":54}},"ActiveTests":[{"Id":"e6daa821-6ebb-8e97-f304-0ad689ba9963","FullyQualifiedName":"BookStore.UnitTest.BookStoreValidationTests.AuthorCreate_Validate_Without_Error","DisplayName":"AuthorCreate_Validate_Without_Error","ExecutorUri":"executor://NUnit3TestExecutor","Source":"C:\\Users\\sevval.colak\\source\\repos\\BookStore\\BookStore.UnitTest\\bin\\Debug\\net6.0\\fine-code-coverage\\build-output\\BookStore.UnitTest.dll","CodeFilePath":null,"LineNumber":0,"Properties":[{"Key":{"Id":"NUnit.Seed","Label":"Seed","Category":"","Description":"","Attributes":0,"ValueType":"System.String"},"Value":"611559116"}]}]}}
TpTrace Verbose: 0 : 14844, 13, 2023/04/14, 10:03:20.814, 2621527269642, vstest.console.dll, TestRunRequest:SendTestRunStatsChange: Starting.
TpTrace Verbose: 0 : 14844, 13, 2023/04/14, 10:03:20.814, 2621527270181, vstest.console.dll, InProgress is AuthorCreate_Validate_Without_Error
TpTrace Verbose: 0 : 14844, 13, 2023/04/14, 10:03:20.814, 2621527270575, vstest.console.dll, MulticastDelegateUtilities.SafeInvoke: TestRun.RunStatsChanged: Invoking callbacks was skipped because there are no subscribers.
TpTrace Information: 0 : 14844, 13, 2023/04/14, 10:03:20.814, 2621527270735, vstest.console.dll, TestRunRequest:SendTestRunStatsChange: Completed.
TpTrace Verbose: 0 : 14844, 13, 2023/04/14, 10:03:20.814, 2621527270887, vstest.console.dll, MulticastDelegateUtilities.SafeInvoke: LengthPrefixCommunicationChannel: MessageReceived: Invoking callback 1/1 for Microsoft.VisualStudio.TestPlatform.CommunicationUtilities.TestRequestSender+<>c__DisplayClass31_0., took 0 ms.
TpTrace Verbose: 0 : 14844, 13, 2023/04/14, 10:03:20.814, 2621527271048, vstest.console.dll, TcpClientExtensions.MessageLoopAsync: Polling on remoteEndPoint: 127.0.0.1:58632 localEndPoint: 127.0.0.1:58631
TpTrace Verbose: 0 : 14844, 4, 2023/04/14, 10:03:20.814, 2621527271972, vstest.console.dll, MulticastDelegateUtilities.SafeInvoke: InternalTestLoggerEvents.SendTestResult: Invoking callback 1/1 for Microsoft.VisualStudio.TestPlatform.CommandLine.Internal.ConsoleLogger., took 0 ms.
TpTrace Verbose: 0 : 14844, 4, 2023/04/14, 10:03:20.814, 2621527273320, vstest.console.dll, MulticastDelegateUtilities.SafeInvoke: InternalTestLoggerEvents.SendTestResult: Invoking callback 1/1 for Microsoft.VisualStudio.TestPlatform.CommandLine.Internal.ConsoleLogger., took 0 ms.
TpTrace Verbose: 0 : 14844, 4, 2023/04/14, 10:03:20.814, 2621527274314, vstest.console.dll, MulticastDelegateUtilities.SafeInvoke: InternalTestLoggerEvents.SendTestResult: Invoking callback 1/1 for Microsoft.VisualStudio.TestPlatform.CommandLine.Internal.ConsoleLogger., took 0 ms.
TpTrace Verbose: 0 : 14844, 4, 2023/04/14, 10:03:20.815, 2621527275212, vstest.console.dll, MulticastDelegateUtilities.SafeInvoke: InternalTestLoggerEvents.SendTestResult: Invoking callback 1/1 for Microsoft.VisualStudio.TestPlatform.CommandLine.Internal.ConsoleLogger., took 0 ms.
TpTrace Verbose: 0 : 14844, 4, 2023/04/14, 10:03:20.815, 2621527276511, vstest.console.dll, MulticastDelegateUtilities.SafeInvoke: InternalTestLoggerEvents.SendTestResult: Invoking callback 1/1 for Microsoft.VisualStudio.TestPlatform.CommandLine.Internal.ConsoleLogger., took 0 ms.
TpTrace Verbose: 0 : 14844, 4, 2023/04/14, 10:03:20.815, 2621527277523, vstest.console.dll, MulticastDelegateUtilities.SafeInvoke: InternalTestLoggerEvents.SendTestResult: Invoking callback 1/1 for Microsoft.VisualStudio.TestPlatform.CommandLine.Internal.ConsoleLogger., took 0 ms.
TpTrace Verbose: 0 : 14844, 4, 2023/04/14, 10:03:20.815, 2621527277791, vstest.console.dll, MulticastDelegateUtilities.SafeInvoke: InternalTestLoggerEvents.SendTestResult: Invoking callback 1/1 for Microsoft.VisualStudio.TestPlatform.CommandLine.Internal.ConsoleLogger., took 0 ms.
TpTrace Verbose: 0 : 14844, 4, 2023/04/14, 10:03:20.815, 2621527277959, vstest.console.dll, MulticastDelegateUtilities.SafeInvoke: InternalTestLoggerEvents.SendTestResult: Invoking callback 1/1 for Microsoft.VisualStudio.TestPlatform.CommandLine.Internal.ConsoleLogger., took 0 ms.
TpTrace Verbose: 0 : 14844, 4, 2023/04/14, 10:03:20.815, 2621527278430, vstest.console.dll, MulticastDelegateUtilities.SafeInvoke: InternalTestLoggerEvents.SendTestResult: Invoking callback 1/1 for Microsoft.VisualStudio.TestPlatform.CommandLine.Internal.ConsoleLogger., took 0 ms.
TpTrace Verbose: 0 : 14844, 13, 2023/04/14, 10:03:20.850, 2621527632119, vstest.console.dll, TcpClientExtensions.MessageLoopAsync: NotifyDataAvailable remoteEndPoint: 127.0.0.1:58632 localEndPoint: 127.0.0.1:58631
TpTrace Verbose: 0 : 14844, 13, 2023/04/14, 10:03:20.850, 2621527633926, vstest.console.dll, TestRequestSender.OnExecutionMessageReceived: Received message: {"Version":7,"MessageType":"TestSession.Message","Payload":{"MessageLevel":0,"Message":"NUnit Adapter 4.2.0.0: Test execution complete"}}
TpTrace Verbose: 0 : 14844, 13, 2023/04/14, 10:03:20.851, 2621527635236, vstest.console.dll, TestRunRequest:SendTestRunMessage: Starting.
TpTrace Verbose: 0 : 14844, 13, 2023/04/14, 10:03:20.851, 2621527636292, vstest.console.dll, MulticastDelegateUtilities.SafeInvoke: TestRun.LogMessages: Invoking callback 1/1 for Microsoft.VisualStudio.TestPlatform.CommandLine.TestRunResultAggregator., took 0 ms.
TpTrace Information: 0 : 14844, 13, 2023/04/14, 10:03:20.851, 2621527636849, vstest.console.dll, TestRunRequest:SendTestRunMessage: Completed.
TpTrace Verbose: 0 : 14844, 4, 2023/04/14, 10:03:20.851, 2621527636903, vstest.console.dll, MulticastDelegateUtilities.SafeInvoke: InternalTestLoggerEvents.SendTestRunMessage: Invoking callback 1/1 for Microsoft.VisualStudio.TestPlatform.CommandLine.Internal.ConsoleLogger., took 0 ms.
TpTrace Verbose: 0 : 14844, 13, 2023/04/14, 10:03:20.851, 2621527637455, vstest.console.dll, MulticastDelegateUtilities.SafeInvoke: LengthPrefixCommunicationChannel: MessageReceived: Invoking callback 1/1 for Microsoft.VisualStudio.TestPlatform.CommunicationUtilities.TestRequestSender+<>c__DisplayClass31_0., took 0 ms.
TpTrace Verbose: 0 : 14844, 13, 2023/04/14, 10:03:20.851, 2621527639273, vstest.console.dll, TcpClientExtensions.MessageLoopAsync: Polling on remoteEndPoint: 127.0.0.1:58632 localEndPoint: 127.0.0.1:58631
TpTrace Verbose: 0 : 14844, 13, 2023/04/14, 10:03:20.863, 2621527764031, vstest.console.dll, TcpClientExtensions.MessageLoopAsync: NotifyDataAvailable remoteEndPoint: 127.0.0.1:58632 localEndPoint: 127.0.0.1:58631
TpTrace Verbose: 0 : 14844, 13, 2023/04/14, 10:03:20.863, 2621527765133, vstest.console.dll, TestRequestSender.OnExecutionMessageReceived: Received message: {"Version":7,"MessageType":"TestExecution.Completed","Payload":{"TestRunCompleteArgs":{"TestRunStatistics":{"ExecutedTests":56,"Stats":{"Passed":56}},"IsCanceled":false,"IsAborted":false,"Error":null,"AttachmentSets":[],"InvokedDataCollectors":[],"ElapsedTimeInRunningTests":"00:00:01.4522167","Metrics":{},"DiscoveredExtensions":{"TestDiscoverers":["NUnit.VisualStudio.TestAdapter.NUnit3TestDiscoverer, NUnit3.TestAdapter, Version=4.2.0.0, Culture=neutral, PublicKeyToken=4cb40d35494691ac"],"TestExecutors":["executor://NUnit3TestExecutor"],"TestExecutors2":[],"TestSettingsProviders":[]}},"LastRunTests":{"NewTestResults":[{"TestCase":{"Id":"e6daa821-6ebb-8e97-f304-0ad689ba9963","FullyQualifiedName":"BookStore.UnitTest.BookStoreValidationTests.AuthorCreate_Validate_Without_Error","DisplayName":"AuthorCreate_Validate_Without_Error","ExecutorUri":"executor://NUnit3TestExecutor","Source":"C:\\Users\\sevval.colak\\source\\repos\\BookStore\\BookStore.UnitTest\\bin\\Debug\\net6.0\\fine-code-coverage\\build-output\\BookStore.UnitTest.dll","CodeFilePath":null,"LineNumber":0,"Properties":[{"Key":{"Id":"NUnit.Seed","Label":"Seed","Category":"","Description":"","Attributes":0,"ValueType":"System.String"},"Value":"611559116"}]},"Attachments":[],"Outcome":1,"ErrorMessage":null,"ErrorStackTrace":null,"DisplayName":"AuthorCreate_Validate_Without_Error","Messages":[],"ComputerName":"NB7RG99S3","Duration":"00:00:00.0257470","StartTime":"2023-04-14T07:03:20.8096827+00:00","EndTime":"2023-04-14T07:03:20.8354289+00:00","Properties":[{"Key":{"Id":"NUnit.Seed","Label":"Seed","Category":"","Description":"","Attributes":0,"ValueType":"System.String"},"Value":"611559116"}]},{"TestCase":{"Id":"cb74df5a-4542-2fe7-b4f1-e6291bda18a4","FullyQualifiedName":"BookStore.UnitTest.BookStoreValidationTests.BookCreate_Validate_Without_Error","DisplayName":"BookCreate_Validate_Without_Error","ExecutorUri":"executor://NUnit3TestExecutor","Source":"C:\\Users\\sevval.colak\\source\\repos\\BookStore\\BookStore.UnitTest\\bin\\Debug\\net6.0\\fine-code-coverage\\build-output\\BookStore.UnitTest.dll","CodeFilePath":null,"LineNumber":0,"Properties":[{"Key":{"Id":"NUnit.Seed","Label":"Seed","Category":"","Description":"","Attributes":0,"ValueType":"System.String"},"Value":"171585410"}]},"Attachments":[],"Outcome":1,"ErrorMessage":null,"ErrorStackTrace":null,"DisplayName":"BookCreate_Validate_Without_Error","Messages":[],"ComputerName":"NB7RG99S3","Duration":"00:00:00.0094959","StartTime":"2023-04-14T07:03:20.8354693+00:00","EndTime":"2023-04-14T07:03:20.844965+00:00","Properties":[{"Key":{"Id":"NUnit.Seed","Label":"Seed","Category":"","Description":"","Attributes":0,"ValueType":"System.String"},"Value":"171585410"}]}],"TestRunStatistics":{"ExecutedTests":56,"Stats":{"Passed":56}},"ActiveTests":[]},"RunAttachments":[],"ExecutorUris":["executor://nunit3testexecutor/"]}}
TpTrace Verbose: 0 : 14844, 13, 2023/04/14, 10:03:20.864, 2621527765690, vstest.console.dll, TestRequestSender.EndSession: Sending end session.
TpTrace Verbose: 0 : 14844, 13, 2023/04/14, 10:03:20.864, 2621527766948, vstest.console.dll, ProxyOperationManager.Close: waiting for test host to exit for 100 ms
TpTrace Warning: 0 : 14844, 11, 2023/04/14, 10:03:20.886, 2621527987859, vstest.console.dll, TestHostManagerCallbacks.ErrorReceivedCallback Test host standard error line: 
TpTrace Verbose: 0 : 14844, 11, 2023/04/14, 10:03:20.894, 2621528066652, vstest.console.dll, TestHostProvider.ExitCallBack: Host exited starting callback.
TpTrace Information: 0 : 14844, 11, 2023/04/14, 10:03:20.894, 2621528067919, vstest.console.dll, TestHostManagerCallbacks.ExitCallBack: Testhost processId: 7100 exited with exitcode: 0 error: ''
TpTrace Verbose: 0 : 14844, 11, 2023/04/14, 10:03:20.894, 2621528068171, vstest.console.dll, DotnetTestHostManager.OnHostExited: invoking OnHostExited callback
TpTrace Verbose: 0 : 14844, 11, 2023/04/14, 10:03:20.894, 2621528068395, vstest.console.dll, CrossPlatEngine.TestHostManagerHostExited: calling on client process exit callback.
TpTrace Information: 0 : 14844, 11, 2023/04/14, 10:03:20.894, 2621528068664, vstest.console.dll, TestRequestSender.OnClientProcessExit: Test host process exited. Standard error: 
TpTrace Information: 0 : 14844, 11, 2023/04/14, 10:03:20.894, 2621528068865, vstest.console.dll, SocketServer.Stop: Stop server endPoint: 127.0.0.1:58631
TpTrace Information: 0 : 14844, 11, 2023/04/14, 10:03:20.894, 2621528069009, vstest.console.dll, SocketServer.Stop: Cancellation requested. Stopping message loop.
TpTrace Verbose: 0 : 14844, 11, 2023/04/14, 10:03:20.894, 2621528069511, vstest.console.dll, MulticastDelegateUtilities.SafeInvoke: HostProviderEvents.OnHostExited: Invoking callback 1/1 for Microsoft.VisualStudio.TestPlatform.CrossPlatEngine.Client.ProxyOperationManager., took 0 ms.
TpTrace Information: 0 : 14844, 13, 2023/04/14, 10:03:20.894, 2621528069598, vstest.console.dll, SocketServer.Stop: Stop server endPoint: 127.0.0.1:58631
TpTrace Information: 0 : 14844, 13, 2023/04/14, 10:03:20.894, 2621528070088, vstest.console.dll, SocketServer.Stop: Cancellation requested. Stopping message loop.
TpTrace Information: 0 : 14844, 13, 2023/04/14, 10:03:20.894, 2621528070314, vstest.console.dll, Closing the connection
TpTrace Verbose: 0 : 14844, 13, 2023/04/14, 10:03:20.894, 2621528071537, vstest.console.dll, ProxyDataCollectionManager.InvokeDataCollectionServiceAction: Starting.
TpTrace Information: 0 : 14844, 13, 2023/04/14, 10:03:20.894, 2621528071724, vstest.console.dll, ProxyDataCollectionManager.AfterTestRunEnd: Get attachment set and invoked data collectors processId: 25660 port: 58628
TpTrace Verbose: 0 : 14844, 13, 2023/04/14, 10:03:20.894, 2621528071927, vstest.console.dll, DataCollectionRequestSender.SendAfterTestRunStartAndGetResult: Send AfterTestRunEnd message with isCancelled: False
TpTrace Verbose: 0 : 14844, 13, 2023/04/14, 10:03:20.900, 2621528126726, vstest.console.dll, DataCollectionRequestSender.SendAfterTestRunStartAndGetResult: Received message: (DataCollection.AfterTestRunEndResult) -> {"MessageType":"DataCollection.AfterTestRunEndResult","Payload":{"AttachmentSets":[],"InvokedDataCollectors":[{"Uri":"datacollector://Microsoft/TestPlatform/Extensions/Blame/v1","FriendlyName":"Blame","AssemblyQualifiedName":"Microsoft.TestPlatform.Extensions.BlameDataCollector.BlameCollector, Microsoft.TestPlatform.Extensions.BlameDataCollector, Version=15.0.0.0, Culture=neutral, PublicKeyToken=b03f5f7f11d50a3a","FilePath":"C:\\Program Files\\dotnet\\sdk\\7.0.103\\Extensions\\Microsoft.TestPlatform.Extensions.BlameDataCollector.dll","HasAttachmentProcessor":false}],"Metrics":{}}}
TpTrace Information: 0 : 14844, 13, 2023/04/14, 10:03:20.904, 2621528167459, vstest.console.dll, ProxyDataCollectionManager.InvokeDataCollectionServiceAction: Completed.
TpTrace Warning: 0 : 14844, 9, 2023/04/14, 10:03:20.905, 2621528178818, vstest.console.dll, DataCollectionLauncher.ErrorReceivedCallback datacollector standard error line: 
TpTrace Information: 0 : 14844, 9, 2023/04/14, 10:03:20.912, 2621528253116, vstest.console.dll, DataCollectionLauncher.ExitCallBack: Data collector exited with exitcode: 0 error: ''
TpTrace Verbose: 0 : 14844, 13, 2023/04/14, 10:03:20.928, 2621528406758, vstest.console.dll, TestRunRequest:SendTestRunStatsChange: Starting.
TpTrace Verbose: 0 : 14844, 13, 2023/04/14, 10:03:20.928, 2621528407586, vstest.console.dll, MulticastDelegateUtilities.SafeInvoke: TestRun.RunStatsChanged: Invoking callbacks was skipped because there are no subscribers.
TpTrace Information: 0 : 14844, 13, 2023/04/14, 10:03:20.928, 2621528407802, vstest.console.dll, TestRunRequest:SendTestRunStatsChange: Completed.
TpTrace Verbose: 0 : 14844, 4, 2023/04/14, 10:03:20.928, 2621528409348, vstest.console.dll, MulticastDelegateUtilities.SafeInvoke: InternalTestLoggerEvents.SendTestResult: Invoking callback 1/1 for Microsoft.VisualStudio.TestPlatform.CommandLine.Internal.ConsoleLogger., took 0 ms.
TpTrace Verbose: 0 : 14844, 13, 2023/04/14, 10:03:20.928, 2621528410737, vstest.console.dll, ParallelProxyExecutionManager: HandlePartialRunComplete: Total completed clients = 1, Run complete = True, Run canceled: False.
TpTrace Verbose: 0 : 14844, 4, 2023/04/14, 10:03:20.928, 2621528411639, vstest.console.dll, MulticastDelegateUtilities.SafeInvoke: InternalTestLoggerEvents.SendTestResult: Invoking callback 1/1 for Microsoft.VisualStudio.TestPlatform.CommandLine.Internal.ConsoleLogger., took 0 ms.
TpTrace Verbose: 0 : 14844, 4, 2023/04/14, 10:03:20.936, 2621528485566, vstest.console.dll, MulticastDelegateUtilities.SafeInvoke: InternalTestLoggerEvents.SendTestRunComplete: Invoking callback 1/2 for Microsoft.TestPlatform.Extensions.BlameDataCollector.BlameLogger., took 0 ms.
TpTrace Verbose: 0 : 14844, 4, 2023/04/14, 10:03:20.939, 2621528521219, vstest.console.dll, MulticastDelegateUtilities.SafeInvoke: InternalTestLoggerEvents.SendTestRunComplete: Invoking callback 2/2 for Microsoft.VisualStudio.TestPlatform.CommandLine.Internal.ConsoleLogger., took 3 ms.
TpTrace Verbose: 0 : 14844, 13, 2023/04/14, 10:03:20.940, 2621528527337, vstest.console.dll, TestRunRequest:TestRunComplete: Starting. IsAborted:False IsCanceled:False.
TpTrace Verbose: 0 : 14844, 13, 2023/04/14, 10:03:20.941, 2621528537371, vstest.console.dll, TestLoggerManager.HandleTestRunComplete: Ignoring as the object is disposed.
TpTrace Verbose: 0 : 14844, 13, 2023/04/14, 10:03:20.941, 2621528538956, vstest.console.dll, MulticastDelegateUtilities.SafeInvoke: TestRun.TestRunComplete: Invoking callback 1/2 for Microsoft.VisualStudio.TestPlatform.CommandLine.TestRunResultAggregator., took 0 ms.
TpTrace Verbose: 0 : 14844, 13, 2023/04/14, 10:03:20.941, 2621528539784, vstest.console.dll, MulticastDelegateUtilities.SafeInvoke: TestRun.TestRunComplete: Invoking callback 2/2 for Microsoft.VisualStudio.TestPlatform.CommandLine.Processors.RunTestsArgumentExecutor+TestRunRequestEventsRegistrar., took 0 ms.
TpTrace Information: 0 : 14844, 13, 2023/04/14, 10:03:20.941, 2621528540333, vstest.console.dll, TestRunRequest:TestRunComplete: Completed.
TpTrace Verbose: 0 : 14844, 13, 2023/04/14, 10:03:20.941, 2621528540531, vstest.console.dll, TestRequestSender.SetOperationComplete: Setting operation complete.
TpTrace Information: 0 : 14844, 13, 2023/04/14, 10:03:20.941, 2621528540661, vstest.console.dll, SocketServer.Stop: Stop server endPoint: 127.0.0.1:58631
TpTrace Information: 0 : 14844, 13, 2023/04/14, 10:03:20.941, 2621528540768, vstest.console.dll, SocketServer.Stop: Cancellation requested. Stopping message loop.
TpTrace Verbose: 0 : 14844, 13, 2023/04/14, 10:03:20.941, 2621528540900, vstest.console.dll, MulticastDelegateUtilities.SafeInvoke: LengthPrefixCommunicationChannel: MessageReceived: Invoking callback 1/1 for Microsoft.VisualStudio.TestPlatform.CommunicationUtilities.TestRequestSender+<>c__DisplayClass31_0., took 77 ms.
TpTrace Information: 0 : 14844, 13, 2023/04/14, 10:03:20.941, 2621528541092, vstest.console.dll, SocketServer.PrivateStop: Stopping server endPoint: 127.0.0.1:58631 error: 
TpTrace Verbose: 0 : 14844, 1, 2023/04/14, 10:03:20.941, 2621528542007, vstest.console.dll, TestRunRequest.Dispose: Starting.
TpTrace Information: 0 : 14844, 1, 2023/04/14, 10:03:20.941, 2621528543316, vstest.console.dll, TestRunRequest.Dispose: Completed.
TpTrace Verbose: 0 : 14844, 13, 2023/04/14, 10:03:20.941, 2621528543800, vstest.console.dll, LengthPrefixCommunicationChannel.Dispose: Dispose reader and writer.
TpTrace Information: 0 : 14844, 1, 2023/04/14, 10:03:20.941, 2621528544248, vstest.console.dll, TestRequestManager.RunTests: run tests completed.
TpTrace Information: 0 : 14844, 13, 2023/04/14, 10:03:20.941, 2621528544765, vstest.console.dll, SocketServer.Stop: Raise disconnected event endPoint: 127.0.0.1:58631 error: 
TpTrace Verbose: 0 : 14844, 13, 2023/04/14, 10:03:20.942, 2621528545522, vstest.console.dll, TestRequestSender: OnTestRunAbort: Operation is already complete. Skip error message.
TpTrace Verbose: 0 : 14844, 13, 2023/04/14, 10:03:20.942, 2621528545712, vstest.console.dll, MulticastDelegateUtilities.SafeInvoke: SocketServer: ClientDisconnected: Invoking callback 1/1 for Microsoft.VisualStudio.TestPlatform.CommunicationUtilities.TestRequestSender., took 0 ms.
TpTrace Verbose: 0 : 14844, 13, 2023/04/14, 10:03:20.942, 2621528545840, vstest.console.dll, TcpClientExtensions.MessageLoopAsync: exiting MessageLoopAsync remoteEndPoint: 127.0.0.1:58632 localEndPoint: 127.0.0.1:58631
TpTrace Information: 0 : 14844, 1, 2023/04/14, 10:03:20.942, 2621528546569, vstest.console.dll, RunTestsArgumentProcessor:Execute: Test run is completed.
TpTrace Verbose: 0 : 14844, 1, 2023/04/14, 10:03:20.942, 2621528548173, vstest.console.dll, Executor.Execute: Exiting with exit code of 0
